{"logTime": "0906/040804", "correlationVector":"iiuIz+UmhRNiekxuhATez/.1","action":"SyncServerConnectionManagerRequest", "result":"SYNC_SERVER_OK", "context":{"environment":"Prod_SoutheastAsia_000j", "migrationStage":"NotStarted", "server":"GENERAL0300001J"}}
{"logTime": "0906/040805", "correlationVector":"hshj9mAZeoMYtqiASBbHGf","action":"SyncServerConnectionManagerRequest", "result":"SYNC_SERVER_OK", "context":{"environment":"", "migrationStage":"", "server":""}}
{"logTime": "0906/040805", "correlationVector":"iiuIz+UmhRNiekxuhATez/","action":"Initial GetUpdates", "result":"", "context":Reason: NEW_CLIENT. cV=iiuIz+UmhRNiekxuhATez/}
{"logTime": "0906/040805", "correlationVector":"iiuIz+UmhRNiekxuhATez/.2","action":"GetUpdates Response", "result":"Success", "context":Received 1 update(s). cV=iiuIz+UmhRNiekxuhATez/.0;server=GENERAL0300001J;cloudType=Consumer;environment=Prod_SoutheastAsia_000j;migrationStage=NotStarted}
{"logTime": "0906/040805", "correlationVector":"xvoXIKhbN2PynV+QetRkUy","action":"Initial GetUpdates", "result":"", "context":Reason: NEWLY_SUPPORTED_DATATYPE. cV=xvoXIKhbN2PynV+QetRkUy}
{"logTime": "0906/040806", "correlationVector":"xvoXIKhbN2PynV+QetRkUy.1","action":"SyncServerConnectionManagerRequest", "result":"SYNC_SERVER_OK", "context":{"environment":"Prod_SoutheastAsia_000j", "migrationStage":"NotStarted", "server":"GENERAL03000030"}}
{"logTime": "0906/040806", "correlationVector":"xvoXIKhbN2PynV+QetRkUy.2","action":"GetUpdates", "result":"DeleteReceived", "context":{"id":"2b9f9fb4-80a2-4250-97b7-c955238a4b1a", "isDeleted:":"true", "version":"1718608329099"}}
{"logTime": "0906/040806", "correlationVector":"xvoXIKhbN2PynV+QetRkUy.3","action":"GetUpdates", "result":"DeleteReceived", "context":{"id":"c6941bbc-e47c-45ac-aedc-096754558e8a", "isDeleted:":"true", "version":"1694928210621"}}
{"logTime": "0906/040806", "correlationVector":"xvoXIKhbN2PynV+QetRkUy.4","action":"GetUpdates", "result":"DeleteReceived", "context":{"id":"2bbcf9e6-b7cf-4c79-923d-6fe7f60ac9e6", "isDeleted:":"true", "version":"1698654932885"}}
{"logTime": "0906/040806", "correlationVector":"xvoXIKhbN2PynV+QetRkUy.5","action":"GetUpdates", "result":"DeleteReceived", "context":{"id":"c966fee6-98b7-4e02-b4d2-212461b68fd6", "isDeleted:":"true", "version":"1702545631667"}}
{"logTime": "0906/040806", "correlationVector":"xvoXIKhbN2PynV+QetRkUy.6","action":"GetUpdates", "result":"DeleteReceived", "context":{"id":"ce14f353-3cd8-4636-a8bc-534fd1dfbbde", "isDeleted:":"true", "version":"1704438835093"}}
{"logTime": "0906/040806", "correlationVector":"xvoXIKhbN2PynV+QetRkUy.7","action":"GetUpdates", "result":"DeleteReceived", "context":{"id":"d72b77ac-1cca-4526-b6af-a73e806e3382", "isDeleted:":"true", "version":"1719919337729"}}
{"logTime": "0906/040806", "correlationVector":"xvoXIKhbN2PynV+QetRkUy.8","action":"GetUpdates", "result":"DeleteReceived", "context":{"id":"0be7fd40-3fda-41a4-8821-a69ce21bb4fa", "isDeleted:":"true", "version":"1723368497779"}}
{"logTime": "0906/040806", "correlationVector":"xvoXIKhbN2PynV+QetRkUy.9","action":"GetUpdates", "result":"DeleteReceived", "context":{"id":"dccd4c39-29cf-493b-92f6-86639d30441f", "isDeleted:":"true", "version":"1724147040369"}}
{"logTime": "0906/040806", "correlationVector":"xvoXIKhbN2PynV+QetRkUy.10","action":"GetUpdates", "result":"DeleteReceived", "context":{"id":"3b102e8f-1835-4cf8-bbb2-f5dd07b41e43", "isDeleted:":"true", "version":"1724147042030"}}
{"logTime": "0906/040806", "correlationVector":"xvoXIKhbN2PynV+QetRkUy.11","action":"GetUpdates", "result":"DeleteReceived", "context":{"id":"cf5e308d-99f1-4772-89ed-59e395829486", "isDeleted:":"true", "version":"1724147280865"}}
{"logTime": "0906/040806", "correlationVector":"xvoXIKhbN2PynV+QetRkUy.12","action":"GetUpdates", "result":"DeleteReceived", "context":{"id":"0b74e724-cade-4fbf-b573-86391d49b069", "isDeleted:":"true", "version":"1724147280866"}}
{"logTime": "0906/040806", "correlationVector":"xvoXIKhbN2PynV+QetRkUy.13","action":"GetUpdates", "result":"DeleteReceived", "context":{"id":"454862b3-935c-42ca-b448-7797bdcf7abd", "isDeleted:":"true", "version":"1724147280867"}}
{"logTime": "0906/040806", "correlationVector":"xvoXIKhbN2PynV+QetRkUy.14","action":"GetUpdates", "result":"DeleteReceived", "context":{"id":"c373b3ce-ea02-4d6c-981c-1f3484c08279", "isDeleted:":"true", "version":"1724147280868"}}
{"logTime": "0906/040806", "correlationVector":"xvoXIKhbN2PynV+QetRkUy.15","action":"GetUpdates", "result":"DeleteReceived", "context":{"id":"3fdbb025-8891-4048-9422-303a38d98b92", "isDeleted:":"true", "version":"1724147282634"}}
{"logTime": "0906/040806", "correlationVector":"xvoXIKhbN2PynV+QetRkUy.16","action":"GetUpdates", "result":"DeleteReceived", "context":{"id":"dcbe765c-18b2-48a8-969b-8f2a3b7b14dc", "isDeleted:":"true", "version":"1724147282635"}}
{"logTime": "0906/040806", "correlationVector":"xvoXIKhbN2PynV+QetRkUy.17","action":"GetUpdates", "result":"DeleteReceived", "context":{"id":"92643c67-f745-4c71-8689-1a2660d4fe99", "isDeleted:":"true", "version":"1724147282636"}}
{"logTime": "0906/040806", "correlationVector":"xvoXIKhbN2PynV+QetRkUy.18","action":"GetUpdates", "result":"DeleteReceived", "context":{"id":"15ec555b-e7a1-40fd-9674-7c4362d21818", "isDeleted:":"true", "version":"1724147282637"}}
{"logTime": "0906/040806", "correlationVector":"xvoXIKhbN2PynV+QetRkUy.19","action":"GetUpdates", "result":"DeleteReceived", "context":{"id":"453ad5f1-e1c4-476a-8dc7-168a731432aa", "isDeleted:":"true", "version":"1724147282638"}}
{"logTime": "0906/040806", "correlationVector":"xvoXIKhbN2PynV+QetRkUy.20","action":"GetUpdates", "result":"DeleteReceived", "context":{"id":"7a62ed39-2a56-4bf1-ac39-12952d52c742", "isDeleted:":"true", "version":"1724147282639"}}
{"logTime": "0906/040806", "correlationVector":"xvoXIKhbN2PynV+QetRkUy.21","action":"GetUpdates", "result":"DeleteReceived", "context":{"id":"d2e53f82-740c-4c93-8d48-8a59ae3af0b4", "isDeleted:":"true", "version":"1724147282640"}}
{"logTime": "0906/040806", "correlationVector":"xvoXIKhbN2PynV+QetRkUy.22","action":"GetUpdates", "result":"DeleteReceived", "context":{"id":"d8391f53-c50c-43d4-9d17-c6e9b9341f23", "isDeleted:":"true", "version":"1724147282641"}}
{"logTime": "0906/040806", "correlationVector":"xvoXIKhbN2PynV+QetRkUy.23","action":"GetUpdates", "result":"DeleteReceived", "context":{"id":"66b860f6-33c5-480b-bd44-cb8d125b5d25", "isDeleted:":"true", "version":"1724147282642"}}
{"logTime": "0906/040806", "correlationVector":"xvoXIKhbN2PynV+QetRkUy.24","action":"GetUpdates", "result":"DeleteReceived", "context":{"id":"a18e1015-a471-49d8-bcb1-732320d9aac9", "isDeleted:":"true", "version":"1724195174914"}}
{"logTime": "0906/040806", "correlationVector":"xvoXIKhbN2PynV+QetRkUy.25","action":"GetUpdates Response", "result":"Success", "context":Received 250 update(s). cV=xvoXIKhbN2PynV+QetRkUy.0;server=GENERAL03000030;cloudType=Consumer;environment=Prod_SoutheastAsia_000j;migrationStage=NotStarted Some updates remain.}
{"logTime": "0906/040806", "correlationVector":"OCiY6a1TehxYFAqE62KHQl","action":"Initial GetUpdates", "result":"", "context":Reason: NEWLY_SUPPORTED_DATATYPE. cV=OCiY6a1TehxYFAqE62KHQl}
{"logTime": "0906/040807", "correlationVector":"OCiY6a1TehxYFAqE62KHQl.1","action":"SyncServerConnectionManagerRequest", "result":"SYNC_SERVER_OK", "context":{"environment":"Prod_SoutheastAsia_000j", "migrationStage":"NotStarted", "server":"GENERAL01000010"}}
{"logTime": "0906/040807", "correlationVector":"OCiY6a1TehxYFAqE62KHQl.2","action":"GetUpdates Response", "result":"Success", "context":Received 87 update(s). cV=OCiY6a1TehxYFAqE62KHQl.0;server=GENERAL01000010;cloudType=Consumer;environment=Prod_SoutheastAsia_000j;migrationStage=NotStarted}
{"logTime": "0906/040807", "correlationVector":"Dm60QwdD6VFTj3TfgftbG3","action":"Initial GetUpdates", "result":"", "context":Reason: NEWLY_SUPPORTED_DATATYPE. cV=Dm60QwdD6VFTj3TfgftbG3}
{"logTime": "0906/040807", "correlationVector":"Dm60QwdD6VFTj3TfgftbG3.1","action":"SyncServerConnectionManagerRequest", "result":"SYNC_SERVER_OK", "context":{"environment":"Prod_SoutheastAsia_000j", "migrationStage":"NotStarted", "server":"GENERAL0100001A"}}
{"logTime": "0906/040807", "correlationVector":"Dm60QwdD6VFTj3TfgftbG3.2","action":"GetUpdates", "result":"DeleteReceived", "context":{"id":"0c479fa7-6993-4376-b548-448826d4573b", "isDeleted:":"true", "version":"1697454519032"}}
{"logTime": "0906/040807", "correlationVector":"Dm60QwdD6VFTj3TfgftbG3.3","action":"GetUpdates Response", "result":"Success", "context":Received 59 update(s). cV=Dm60QwdD6VFTj3TfgftbG3.0;server=GENERAL0100001A;cloudType=Consumer;environment=Prod_SoutheastAsia_000j;migrationStage=NotStarted}
{"logTime": "0906/040807", "correlationVector":"hjcZmzBlHp5VPcrpBr1UUC","action":"Initial GetUpdates", "result":"", "context":Reason: NEWLY_SUPPORTED_DATATYPE. cV=hjcZmzBlHp5VPcrpBr1UUC}
{"logTime": "0906/040808", "correlationVector":"hjcZmzBlHp5VPcrpBr1UUC.1","action":"SyncServerConnectionManagerRequest", "result":"SYNC_SERVER_OK", "context":{"environment":"Prod_SoutheastAsia_000j", "migrationStage":"NotStarted", "server":"GENERAL0100001D"}}
{"logTime": "0906/040808", "correlationVector":"SCmLmQyThLv01XZYOttl6a","action":"SyncServerConnectionManagerRequest", "result":"CONNECTION_UNAVAILABLE", "context":{"error_type":"net_error_code", "error_value":"-3"}}
{"logTime": "0906/042119", "correlationVector":"negB/87zmo7zIUaoGxVjdZ.1","action":"SyncServerConnectionManagerRequest", "result":"SYNC_SERVER_OK", "context":{"environment":"Prod_SoutheastAsia_000j", "migrationStage":"NotStarted", "server":"GENERAL01000019"}}
{"logTime": "0906/042119", "correlationVector":"5i1nckcOQzqse3S1oR+soc","action":"SyncServerConnectionManagerRequest", "result":"SYNC_SERVER_OK", "context":{"environment":"", "migrationStage":"", "server":""}}
{"logTime": "0906/042119", "correlationVector":"negB/87zmo7zIUaoGxVjdZ","action":"Initial GetUpdates", "result":"", "context":Reason: NEW_CLIENT. cV=negB/87zmo7zIUaoGxVjdZ}
{"logTime": "0906/042119", "correlationVector":"negB/87zmo7zIUaoGxVjdZ.2","action":"GetUpdates Response", "result":"Success", "context":Received 1 update(s). cV=negB/87zmo7zIUaoGxVjdZ.0;server=GENERAL01000019;cloudType=Consumer;environment=Prod_SoutheastAsia_000j;migrationStage=NotStarted}
{"logTime": "0906/042119", "correlationVector":"J/PU9DsJTKj74CuqU2kVN/","action":"Initial GetUpdates", "result":"", "context":Reason: NEWLY_SUPPORTED_DATATYPE. cV=J/PU9DsJTKj74CuqU2kVN/}
{"logTime": "0906/042121", "correlationVector":"J/PU9DsJTKj74CuqU2kVN/.1","action":"SyncServerConnectionManagerRequest", "result":"SYNC_SERVER_OK", "context":{"environment":"Prod_SoutheastAsia_000j", "migrationStage":"NotStarted", "server":"GENERAL0100000W"}}
{"logTime": "0906/042121", "correlationVector":"J/PU9DsJTKj74CuqU2kVN/.2","action":"GetUpdates", "result":"DeleteReceived", "context":{"id":"c6941bbc-e47c-45ac-aedc-096754558e8a", "isDeleted:":"true", "version":"1694928210621"}}
{"logTime": "0906/042121", "correlationVector":"J/PU9DsJTKj74CuqU2kVN/.3","action":"GetUpdates", "result":"DeleteReceived", "context":{"id":"2bbcf9e6-b7cf-4c79-923d-6fe7f60ac9e6", "isDeleted:":"true", "version":"1698654932885"}}
{"logTime": "0906/042121", "correlationVector":"J/PU9DsJTKj74CuqU2kVN/.4","action":"GetUpdates", "result":"DeleteReceived", "context":{"id":"c966fee6-98b7-4e02-b4d2-212461b68fd6", "isDeleted:":"true", "version":"1702545631667"}}
{"logTime": "0906/042121", "correlationVector":"J/PU9DsJTKj74CuqU2kVN/.5","action":"GetUpdates", "result":"DeleteReceived", "context":{"id":"ce14f353-3cd8-4636-a8bc-534fd1dfbbde", "isDeleted:":"true", "version":"1704438835093"}}
{"logTime": "0906/042121", "correlationVector":"J/PU9DsJTKj74CuqU2kVN/.6","action":"GetUpdates", "result":"DeleteReceived", "context":{"id":"d72b77ac-1cca-4526-b6af-a73e806e3382", "isDeleted:":"true", "version":"1719919337729"}}
{"logTime": "0906/042121", "correlationVector":"J/PU9DsJTKj74CuqU2kVN/.7","action":"GetUpdates", "result":"DeleteReceived", "context":{"id":"0be7fd40-3fda-41a4-8821-a69ce21bb4fa", "isDeleted:":"true", "version":"1723368497779"}}
{"logTime": "0906/042121", "correlationVector":"J/PU9DsJTKj74CuqU2kVN/.8","action":"GetUpdates", "result":"DeleteReceived", "context":{"id":"dccd4c39-29cf-493b-92f6-86639d30441f", "isDeleted:":"true", "version":"1724147040369"}}
{"logTime": "0906/042121", "correlationVector":"J/PU9DsJTKj74CuqU2kVN/.9","action":"GetUpdates", "result":"DeleteReceived", "context":{"id":"3b102e8f-1835-4cf8-bbb2-f5dd07b41e43", "isDeleted:":"true", "version":"1724147042030"}}
{"logTime": "0906/042121", "correlationVector":"J/PU9DsJTKj74CuqU2kVN/.10","action":"GetUpdates", "result":"DeleteReceived", "context":{"id":"cf5e308d-99f1-4772-89ed-59e395829486", "isDeleted:":"true", "version":"1724147280865"}}
{"logTime": "0906/042121", "correlationVector":"J/PU9DsJTKj74CuqU2kVN/.11","action":"GetUpdates", "result":"DeleteReceived", "context":{"id":"0b74e724-cade-4fbf-b573-86391d49b069", "isDeleted:":"true", "version":"1724147280866"}}
{"logTime": "0906/042121", "correlationVector":"J/PU9DsJTKj74CuqU2kVN/.12","action":"GetUpdates", "result":"DeleteReceived", "context":{"id":"454862b3-935c-42ca-b448-7797bdcf7abd", "isDeleted:":"true", "version":"1724147280867"}}
{"logTime": "0906/042121", "correlationVector":"J/PU9DsJTKj74CuqU2kVN/.13","action":"GetUpdates", "result":"DeleteReceived", "context":{"id":"c373b3ce-ea02-4d6c-981c-1f3484c08279", "isDeleted:":"true", "version":"1724147280868"}}
{"logTime": "0906/042121", "correlationVector":"J/PU9DsJTKj74CuqU2kVN/.14","action":"GetUpdates", "result":"DeleteReceived", "context":{"id":"3fdbb025-8891-4048-9422-303a38d98b92", "isDeleted:":"true", "version":"1724147282634"}}
{"logTime": "0906/042121", "correlationVector":"J/PU9DsJTKj74CuqU2kVN/.15","action":"GetUpdates", "result":"DeleteReceived", "context":{"id":"dcbe765c-18b2-48a8-969b-8f2a3b7b14dc", "isDeleted:":"true", "version":"1724147282635"}}
{"logTime": "0906/042121", "correlationVector":"J/PU9DsJTKj74CuqU2kVN/.16","action":"GetUpdates", "result":"DeleteReceived", "context":{"id":"92643c67-f745-4c71-8689-1a2660d4fe99", "isDeleted:":"true", "version":"1724147282636"}}
{"logTime": "0906/042121", "correlationVector":"J/PU9DsJTKj74CuqU2kVN/.17","action":"GetUpdates", "result":"DeleteReceived", "context":{"id":"15ec555b-e7a1-40fd-9674-7c4362d21818", "isDeleted:":"true", "version":"1724147282637"}}
{"logTime": "0906/042121", "correlationVector":"J/PU9DsJTKj74CuqU2kVN/.18","action":"GetUpdates", "result":"DeleteReceived", "context":{"id":"453ad5f1-e1c4-476a-8dc7-168a731432aa", "isDeleted:":"true", "version":"1724147282638"}}
{"logTime": "0906/042121", "correlationVector":"J/PU9DsJTKj74CuqU2kVN/.19","action":"GetUpdates", "result":"DeleteReceived", "context":{"id":"7a62ed39-2a56-4bf1-ac39-12952d52c742", "isDeleted:":"true", "version":"1724147282639"}}
{"logTime": "0906/042121", "correlationVector":"J/PU9DsJTKj74CuqU2kVN/.20","action":"GetUpdates", "result":"DeleteReceived", "context":{"id":"d2e53f82-740c-4c93-8d48-8a59ae3af0b4", "isDeleted:":"true", "version":"1724147282640"}}
{"logTime": "0906/042121", "correlationVector":"J/PU9DsJTKj74CuqU2kVN/.21","action":"GetUpdates", "result":"DeleteReceived", "context":{"id":"d8391f53-c50c-43d4-9d17-c6e9b9341f23", "isDeleted:":"true", "version":"1724147282641"}}
{"logTime": "0906/042121", "correlationVector":"J/PU9DsJTKj74CuqU2kVN/.22","action":"GetUpdates", "result":"DeleteReceived", "context":{"id":"66b860f6-33c5-480b-bd44-cb8d125b5d25", "isDeleted:":"true", "version":"1724147282642"}}
{"logTime": "0906/042121", "correlationVector":"J/PU9DsJTKj74CuqU2kVN/.23","action":"GetUpdates", "result":"DeleteReceived", "context":{"id":"a18e1015-a471-49d8-bcb1-732320d9aac9", "isDeleted:":"true", "version":"1724195174914"}}
{"logTime": "0906/042121", "correlationVector":"J/PU9DsJTKj74CuqU2kVN/.24","action":"GetUpdates Response", "result":"Success", "context":Received 195 update(s). cV=J/PU9DsJTKj74CuqU2kVN/.0;server=GENERAL0100000W;cloudType=Consumer;environment=Prod_SoutheastAsia_000j;migrationStage=NotStarted}
{"logTime": "0906/042121", "correlationVector":"EnYRl6z9b9jAMz8w3kcFbB","action":"Initial GetUpdates", "result":"", "context":Reason: NEWLY_SUPPORTED_DATATYPE. cV=EnYRl6z9b9jAMz8w3kcFbB}
{"logTime": "0906/042122", "correlationVector":"EnYRl6z9b9jAMz8w3kcFbB.1","action":"SyncServerConnectionManagerRequest", "result":"SYNC_SERVER_OK", "context":{"environment":"Prod_SoutheastAsia_000j", "migrationStage":"NotStarted", "server":"GENERAL0100000W"}}
{"logTime": "0906/042122", "correlationVector":"EnYRl6z9b9jAMz8w3kcFbB.2","action":"GetUpdates Response", "result":"Success", "context":Received 250 update(s). cV=EnYRl6z9b9jAMz8w3kcFbB.0;server=GENERAL0100000W;cloudType=Consumer;environment=Prod_SoutheastAsia_000j;migrationStage=NotStarted Some updates remain.}
{"logTime": "0906/042122", "correlationVector":"lyJh1/LXCbLNFUi8mwKlPB","action":"Initial GetUpdates", "result":"", "context":Reason: NEWLY_SUPPORTED_DATATYPE. cV=lyJh1/LXCbLNFUi8mwKlPB}
{"logTime": "0906/042123", "correlationVector":"lyJh1/LXCbLNFUi8mwKlPB.1","action":"SyncServerConnectionManagerRequest", "result":"SYNC_SERVER_OK", "context":{"environment":"Prod_SoutheastAsia_000j", "migrationStage":"NotStarted", "server":"GENERAL03000010"}}
{"logTime": "0906/042123", "correlationVector":"lyJh1/LXCbLNFUi8mwKlPB.2","action":"GetUpdates Response", "result":"Success", "context":Received 250 update(s). cV=lyJh1/LXCbLNFUi8mwKlPB.0;server=GENERAL03000010;cloudType=Consumer;environment=Prod_SoutheastAsia_000j;migrationStage=NotStarted Some updates remain.}
{"logTime": "0906/042123", "correlationVector":"bCt/cm8SU03ckQKDMfyPa+","action":"Initial GetUpdates", "result":"", "context":Reason: NEWLY_SUPPORTED_DATATYPE. cV=bCt/cm8SU03ckQKDMfyPa+}
{"logTime": "0906/042123", "correlationVector":"bCt/cm8SU03ckQKDMfyPa+","action":"SyncServerConnectionManagerRequest", "result":"CONNECTION_UNAVAILABLE", "context":{"error_type":"net_error_code", "error_value":"-3"}}
