2024-09-06T04:08:02.274Z P:12176 T:32056] SyncServiceImpl::Initialize,SyncState after authenticated was: NotSignedIn
2024-09-06T04:08:02.412Z P:12176 T:32056] SyncServiceImpl::TryStartImpl,Try to start sync engine
2024-09-06T04:08:02.413Z P:12176 T:17628] SyncManagerImpl::ConfigureSyncer,Types to download: Encryption Keys
2024-09-06T04:08:02.493Z P:12176 T:32056] SyncAuthManager::SetLastAuthError,Current auth error: None
2024-09-06T04:08:02.493Z P:12176 T:32056] SyncAuthManager::EdgeLogTokenErrorState,Token error with: None for account type: MSA
2024-09-06T04:08:02.493Z P:12176 T:32056] SyncServiceImpl::CredentialsChanged,Credentials changed for: EdgeSyncScopeNew
2024-09-06T04:08:04.320Z P:12176 T:32056] SyncAuthManager::SetLastAuthError,Current auth error: None
2024-09-06T04:08:04.320Z P:12176 T:32056] SyncAuthManager::EdgeLogTokenErrorState,Token error with: None for account type: MSA
2024-09-06T04:08:04.320Z P:12176 T:32056] SyncServiceImpl::CredentialsChangedForKeyData,Credentials changed for: EdgeSyncKeyDataScope
2024-09-06T04:08:04.832Z P:12176 T:32056] SyncServiceImpl::OnEngineInitialized,Initialize engine with: Success
2024-09-06T04:08:04.832Z P:12176 T:32056] ModelLoadManager::Configure,Desired types without errors: Bookmarks, Preferences, Extensions, Extension settings, Device Info, User Consents, Send Tab To Self, Web Apps, Collection, Edge E Drop, Edge Hub App Usage, Edge Wallet, Encryption Keys and types with errors: Passwords, Autofill Profiles, Autofill
2024-09-06T04:08:04.832Z P:12176 T:32056] ModelLoadManager::ModelLoadCallback,Load Bookmarks: success
2024-09-06T04:08:04.832Z P:12176 T:32056] ModelLoadManager::LoadDesiredTypes,Loading type: Bookmarks
2024-09-06T04:08:04.832Z P:12176 T:32056] ModelLoadManager::LoadDesiredTypes,Loading type: Preferences
2024-09-06T04:08:04.832Z P:12176 T:32056] ModelLoadManager::LoadDesiredTypes,Loading type: Extensions
2024-09-06T04:08:04.832Z P:12176 T:32056] ModelLoadManager::LoadDesiredTypes,Loading type: Extension settings
2024-09-06T04:08:04.832Z P:12176 T:32056] ModelLoadManager::LoadDesiredTypes,Loading type: Device Info
2024-09-06T04:08:04.832Z P:12176 T:32056] ModelLoadManager::LoadDesiredTypes,Loading type: User Consents
2024-09-06T04:08:04.832Z P:12176 T:32056] ModelLoadManager::LoadDesiredTypes,Loading type: Send Tab To Self
2024-09-06T04:08:04.832Z P:12176 T:32056] ModelLoadManager::LoadDesiredTypes,Loading type: Web Apps
2024-09-06T04:08:04.832Z P:12176 T:32056] ModelLoadManager::LoadDesiredTypes,Loading type: Collection
2024-09-06T04:08:04.832Z P:12176 T:32056] ModelLoadManager::LoadDesiredTypes,Loading type: Edge E Drop
2024-09-06T04:08:04.832Z P:12176 T:32056] ModelLoadManager::LoadDesiredTypes,Loading type: Edge Hub App Usage
2024-09-06T04:08:04.832Z P:12176 T:32056] ModelLoadManager::LoadDesiredTypes,Loading type: Edge Wallet
2024-09-06T04:08:04.832Z P:12176 T:32056] ModelLoadManager::ModelLoadCallback,Load Preferences: success
2024-09-06T04:08:04.832Z P:12176 T:32056] ModelLoadManager::ModelLoadCallback,Load Extensions: success
2024-09-06T04:08:04.832Z P:12176 T:32056] ModelLoadManager::ModelLoadCallback,Load Extension settings: success
2024-09-06T04:08:04.832Z P:12176 T:32056] ModelLoadManager::ModelLoadCallback,Load Device Info: success
2024-09-06T04:08:04.832Z P:12176 T:32056] ModelLoadManager::ModelLoadCallback,Load User Consents: success
2024-09-06T04:08:04.832Z P:12176 T:32056] ModelLoadManager::ModelLoadCallback,Load Send Tab To Self: success
2024-09-06T04:08:04.832Z P:12176 T:32056] ModelLoadManager::ModelLoadCallback,Load Web Apps: success
2024-09-06T04:08:04.832Z P:12176 T:32056] ModelLoadManager::ModelLoadCallback,Load Collection: success
2024-09-06T04:08:04.832Z P:12176 T:32056] ModelLoadManager::ModelLoadCallback,Load Edge Hub App Usage: success
2024-09-06T04:08:04.832Z P:12176 T:32056] ModelLoadManager::ModelLoadCallback,Load Edge E Drop: success
2024-09-06T04:08:04.832Z P:12176 T:32056] ModelLoadManager::ModelLoadCallback,Load Edge Wallet: success
2024-09-06T04:08:04.832Z P:12176 T:32056] DataTypeManagerImpl::OnAllDataTypesReadyForConfigure,Start to configure data types
2024-09-06T04:08:04.833Z P:12176 T:32056] DataTypeManagerImpl::StartNextConfiguration,Remain to be configured size: 4 and next configuring types are: Encryption Keys
2024-09-06T04:08:04.833Z P:12176 T:32056] DataTypeManagerImpl::PrepareConfigureParams,Prepare to be configured types: 
2024-09-06T04:08:05.462Z P:12176 T:4920] SyncManagerImpl::ConfigureSyncer,Types to download: 
2024-09-06T04:08:05.462Z P:12176 T:32056] DataTypeManagerImpl::ConfigurationCompleted,Need reconfigure with failed types: 
2024-09-06T04:08:05.462Z P:12176 T:32056] ModelLoadManager::Configure,Desired types without errors: Bookmarks, Preferences, Passwords, Autofill Profiles, Autofill, Extensions, Extension settings, Device Info, User Consents, Send Tab To Self, Web Apps, Collection, Edge E Drop, Edge Hub App Usage, Edge Wallet, Encryption Keys and types with errors: 
2024-09-06T04:08:05.462Z P:12176 T:32056] ModelLoadManager::LoadDesiredTypes,Loading type: Passwords
2024-09-06T04:08:05.462Z P:12176 T:32056] ModelLoadManager::LoadDesiredTypes,Loading type: Autofill Profiles
2024-09-06T04:08:05.462Z P:12176 T:32056] ModelLoadManager::LoadDesiredTypes,Loading type: Autofill
2024-09-06T04:08:05.462Z P:12176 T:32056] ModelLoadManager::ModelLoadCallback,Load Passwords: success
2024-09-06T04:08:05.464Z P:12176 T:32056] ModelLoadManager::ModelLoadCallback,Load Autofill Profiles: success
2024-09-06T04:08:05.464Z P:12176 T:32056] ModelLoadManager::ModelLoadCallback,Load Autofill: success
2024-09-06T04:08:05.464Z P:12176 T:32056] DataTypeManagerImpl::OnAllDataTypesReadyForConfigure,Start to configure data types
2024-09-06T04:08:05.464Z P:12176 T:32056] DataTypeManagerImpl::StartNextConfiguration,Remain to be configured size: 4 and next configuring types are: Encryption Keys
2024-09-06T04:08:05.464Z P:12176 T:32056] DataTypeManagerImpl::PrepareConfigureParams,Prepare to be configured types: 
2024-09-06T04:08:05.464Z P:12176 T:4920] SyncManagerImpl::ConfigureSyncer,Types to download: 
2024-09-06T04:08:05.464Z P:12176 T:32056] DataTypeManagerImpl::ConfigurationCompleted,Remain to be configured size: 3
2024-09-06T04:08:05.464Z P:12176 T:32056] DataTypeManagerImpl::StartNextConfiguration,Remain to be configured size: 3 and next configuring types are: Preferences, Passwords, Device Info, Send Tab To Self, Edge E Drop
2024-09-06T04:08:05.464Z P:12176 T:32056] DataTypeManagerImpl::PrepareConfigureParams,Prepare to be configured types: Preferences, Passwords, Device Info, Send Tab To Self, Edge E Drop, Encryption Keys
2024-09-06T04:08:05.464Z P:12176 T:4920] SyncManagerImpl::ConfigureSyncer,Types to download: Preferences, Passwords, Device Info, Send Tab To Self, Edge E Drop, Encryption Keys
2024-09-06T04:08:07.058Z P:12176 T:32056] DataTypeManagerImpl::ConfigurationCompleted,Remain to be configured size: 2
2024-09-06T04:08:07.058Z P:12176 T:32056] DataTypeManagerImpl::StartNextConfiguration,Remain to be configured size: 2 and next configuring types are: Bookmarks
2024-09-06T04:08:07.058Z P:12176 T:32056] DataTypeManagerImpl::PrepareConfigureParams,Prepare to be configured types: Bookmarks, Encryption Keys
2024-09-06T04:08:07.058Z P:12176 T:4920] SyncManagerImpl::ConfigureSyncer,Types to download: Bookmarks, Encryption Keys
2024-09-06T04:08:07.432Z P:12176 T:32056] DataTypeManagerImpl::ConfigurationCompleted,Remain to be configured size: 1
2024-09-06T04:08:07.433Z P:12176 T:32056] DataTypeManagerImpl::StartNextConfiguration,Remain to be configured size: 1 and next configuring types are: Autofill Profiles, Autofill, Extensions, Extension settings, User Consents, Web Apps, Collection, Edge Hub App Usage, Edge Wallet
2024-09-06T04:08:07.433Z P:12176 T:32056] DataTypeManagerImpl::PrepareConfigureParams,Prepare to be configured types: Autofill Profiles, Autofill, Extensions, Extension settings, Web Apps, Collection, Edge Hub App Usage, Edge Wallet, Encryption Keys
2024-09-06T04:08:07.433Z P:12176 T:4920] SyncManagerImpl::ConfigureSyncer,Types to download: Autofill Profiles, Autofill, Extensions, Extension settings, Web Apps, Collection, Edge Hub App Usage, Edge Wallet, Encryption Keys
2024-09-06T04:08:08.409Z P:12176 T:32056] SyncServiceImpl::ResetEngine,Reset engine with reason: 0
2024-09-06T04:08:08.409Z P:12176 T:4920] SyncSchedulerImpl::OnSyncNetworkError,Syncer error: Network error (ERR_ABORTED)
2024-09-06T04:08:08.409Z P:12176 T:4920] SyncSchedulerImpl::DoConfigurationSyncCycleJob,Syncer error: Success
2024-09-06T04:12:47.301Z P:8356 T:3172] SyncServiceImpl::Initialize,SyncState after authenticated was: FeatureCanStart
2024-09-06T04:12:48.449Z P:8356 T:3172] SyncAuthManager::SetLastAuthError,Current auth error: None
2024-09-06T04:12:48.449Z P:8356 T:3172] SyncAuthManager::EdgeLogTokenErrorState,Token error with: None for account type: MSA
2024-09-06T04:12:48.449Z P:8356 T:3172] SyncServiceImpl::CredentialsChangedForKeyData,Credentials changed for: EdgeSyncKeyDataScope
2024-09-06T04:15:14.346Z P:30752 T:26156] SyncServiceImpl::Initialize,SyncState after authenticated was: FeatureCanStart
2024-09-06T04:15:15.462Z P:30752 T:26156] SyncAuthManager::SetLastAuthError,Current auth error: None
2024-09-06T04:15:15.462Z P:30752 T:26156] SyncAuthManager::EdgeLogTokenErrorState,Token error with: None for account type: MSA
2024-09-06T04:15:15.462Z P:30752 T:26156] SyncServiceImpl::CredentialsChangedForKeyData,Credentials changed for: EdgeSyncKeyDataScope
2024-09-06T04:17:13.175Z P:15264 T:18964] SyncServiceImpl::Initialize,SyncState after authenticated was: FeatureCanStart
2024-09-06T04:17:14.612Z P:15264 T:18964] SyncAuthManager::SetLastAuthError,Current auth error: None
2024-09-06T04:17:14.612Z P:15264 T:18964] SyncAuthManager::EdgeLogTokenErrorState,Token error with: None for account type: MSA
2024-09-06T04:17:14.612Z P:15264 T:18964] SyncServiceImpl::CredentialsChangedForKeyData,Credentials changed for: EdgeSyncKeyDataScope
2024-09-06T04:20:42.473Z P:12024 T:23756] SyncServiceImpl::Initialize,SyncState after authenticated was: FeatureCanStart
2024-09-06T04:20:43.400Z P:12024 T:23756] SyncAuthManager::SetLastAuthError,Current auth error: None
2024-09-06T04:20:43.400Z P:12024 T:23756] SyncAuthManager::EdgeLogTokenErrorState,Token error with: None for account type: MSA
2024-09-06T04:20:43.400Z P:12024 T:23756] SyncServiceImpl::CredentialsChangedForKeyData,Credentials changed for: EdgeSyncKeyDataScope
2024-09-06T04:21:08.191Z P:3180 T:14728] SyncServiceImpl::Initialize,SyncState after authenticated was: FeatureCanStart
2024-09-06T04:21:09.088Z P:3180 T:14728] SyncAuthManager::SetLastAuthError,Current auth error: None
2024-09-06T04:21:09.088Z P:3180 T:14728] SyncAuthManager::EdgeLogTokenErrorState,Token error with: None for account type: MSA
2024-09-06T04:21:09.088Z P:3180 T:14728] SyncServiceImpl::CredentialsChangedForKeyData,Credentials changed for: EdgeSyncKeyDataScope
2024-09-06T04:21:18.246Z P:3180 T:14728] SyncServiceImpl::TryStartImpl,Try to start sync engine
2024-09-06T04:21:18.247Z P:3180 T:19468] SyncManagerImpl::ConfigureSyncer,Types to download: Encryption Keys
2024-09-06T04:21:18.259Z P:3180 T:14728] SyncAuthManager::SetLastAuthError,Current auth error: None
2024-09-06T04:21:18.259Z P:3180 T:14728] SyncAuthManager::EdgeLogTokenErrorState,Token error with: None for account type: MSA
2024-09-06T04:21:18.259Z P:3180 T:14728] SyncServiceImpl::CredentialsChanged,Credentials changed for: EdgeSyncScopeNew
2024-09-06T04:21:19.235Z P:3180 T:14728] SyncServiceImpl::OnEngineInitialized,Initialize engine with: Success
2024-09-06T04:21:19.235Z P:3180 T:14728] ModelLoadManager::Configure,Desired types without errors: Bookmarks, Preferences, Extensions, Extension settings, Device Info, User Consents, Send Tab To Self, Web Apps, Collection, Edge E Drop, Edge Hub App Usage, Edge Wallet, Encryption Keys and types with errors: Passwords, Autofill Profiles, Autofill
2024-09-06T04:21:19.235Z P:3180 T:14728] ModelLoadManager::ModelLoadCallback,Load Bookmarks: success
2024-09-06T04:21:19.235Z P:3180 T:14728] ModelLoadManager::LoadDesiredTypes,Loading type: Bookmarks
2024-09-06T04:21:19.235Z P:3180 T:14728] ModelLoadManager::LoadDesiredTypes,Loading type: Preferences
2024-09-06T04:21:19.235Z P:3180 T:14728] ModelLoadManager::LoadDesiredTypes,Loading type: Extensions
2024-09-06T04:21:19.235Z P:3180 T:14728] ModelLoadManager::LoadDesiredTypes,Loading type: Extension settings
2024-09-06T04:21:19.235Z P:3180 T:14728] ModelLoadManager::LoadDesiredTypes,Loading type: Device Info
2024-09-06T04:21:19.235Z P:3180 T:14728] ModelLoadManager::LoadDesiredTypes,Loading type: User Consents
2024-09-06T04:21:19.235Z P:3180 T:14728] ModelLoadManager::LoadDesiredTypes,Loading type: Send Tab To Self
2024-09-06T04:21:19.235Z P:3180 T:14728] ModelLoadManager::LoadDesiredTypes,Loading type: Web Apps
2024-09-06T04:21:19.235Z P:3180 T:14728] ModelLoadManager::LoadDesiredTypes,Loading type: Collection
2024-09-06T04:21:19.235Z P:3180 T:14728] ModelLoadManager::LoadDesiredTypes,Loading type: Edge E Drop
2024-09-06T04:21:19.235Z P:3180 T:14728] ModelLoadManager::LoadDesiredTypes,Loading type: Edge Hub App Usage
2024-09-06T04:21:19.235Z P:3180 T:14728] ModelLoadManager::LoadDesiredTypes,Loading type: Edge Wallet
2024-09-06T04:21:19.236Z P:3180 T:14728] ModelLoadManager::ModelLoadCallback,Load Preferences: success
2024-09-06T04:21:19.236Z P:3180 T:14728] ModelLoadManager::ModelLoadCallback,Load Extensions: success
2024-09-06T04:21:19.236Z P:3180 T:14728] ModelLoadManager::ModelLoadCallback,Load Extension settings: success
2024-09-06T04:21:19.236Z P:3180 T:14728] ModelLoadManager::ModelLoadCallback,Load Device Info: success
2024-09-06T04:21:19.236Z P:3180 T:14728] ModelLoadManager::ModelLoadCallback,Load User Consents: success
2024-09-06T04:21:19.236Z P:3180 T:14728] ModelLoadManager::ModelLoadCallback,Load Send Tab To Self: success
2024-09-06T04:21:19.236Z P:3180 T:14728] ModelLoadManager::ModelLoadCallback,Load Web Apps: success
2024-09-06T04:21:19.236Z P:3180 T:14728] ModelLoadManager::ModelLoadCallback,Load Collection: success
2024-09-06T04:21:19.236Z P:3180 T:14728] ModelLoadManager::ModelLoadCallback,Load Edge Hub App Usage: success
2024-09-06T04:21:19.236Z P:3180 T:14728] ModelLoadManager::ModelLoadCallback,Load Edge E Drop: success
2024-09-06T04:21:19.236Z P:3180 T:14728] ModelLoadManager::ModelLoadCallback,Load Edge Wallet: success
2024-09-06T04:21:19.236Z P:3180 T:14728] DataTypeManagerImpl::OnAllDataTypesReadyForConfigure,Start to configure data types
2024-09-06T04:21:19.236Z P:3180 T:14728] DataTypeManagerImpl::StartNextConfiguration,Remain to be configured size: 4 and next configuring types are: Encryption Keys
2024-09-06T04:21:19.236Z P:3180 T:14728] DataTypeManagerImpl::PrepareConfigureParams,Prepare to be configured types: 
2024-09-06T04:21:19.655Z P:3180 T:19468] SyncManagerImpl::ConfigureSyncer,Types to download: 
2024-09-06T04:21:19.656Z P:3180 T:14728] DataTypeManagerImpl::ConfigurationCompleted,Need reconfigure with failed types: 
2024-09-06T04:21:19.656Z P:3180 T:14728] ModelLoadManager::Configure,Desired types without errors: Bookmarks, Preferences, Passwords, Autofill Profiles, Autofill, Extensions, Extension settings, Device Info, User Consents, Send Tab To Self, Web Apps, Collection, Edge E Drop, Edge Hub App Usage, Edge Wallet, Encryption Keys and types with errors: 
2024-09-06T04:21:19.656Z P:3180 T:14728] ModelLoadManager::LoadDesiredTypes,Loading type: Passwords
2024-09-06T04:21:19.656Z P:3180 T:14728] ModelLoadManager::LoadDesiredTypes,Loading type: Autofill Profiles
2024-09-06T04:21:19.656Z P:3180 T:14728] ModelLoadManager::LoadDesiredTypes,Loading type: Autofill
2024-09-06T04:21:19.657Z P:3180 T:14728] ModelLoadManager::ModelLoadCallback,Load Passwords: success
2024-09-06T04:21:19.657Z P:3180 T:14728] ModelLoadManager::ModelLoadCallback,Load Autofill Profiles: success
2024-09-06T04:21:19.657Z P:3180 T:14728] ModelLoadManager::ModelLoadCallback,Load Autofill: success
2024-09-06T04:21:19.657Z P:3180 T:14728] DataTypeManagerImpl::OnAllDataTypesReadyForConfigure,Start to configure data types
2024-09-06T04:21:19.657Z P:3180 T:14728] DataTypeManagerImpl::StartNextConfiguration,Remain to be configured size: 4 and next configuring types are: Encryption Keys
2024-09-06T04:21:19.657Z P:3180 T:14728] DataTypeManagerImpl::PrepareConfigureParams,Prepare to be configured types: 
2024-09-06T04:21:19.657Z P:3180 T:29680] SyncManagerImpl::ConfigureSyncer,Types to download: 
2024-09-06T04:21:19.657Z P:3180 T:14728] DataTypeManagerImpl::ConfigurationCompleted,Remain to be configured size: 3
2024-09-06T04:21:19.657Z P:3180 T:14728] DataTypeManagerImpl::StartNextConfiguration,Remain to be configured size: 3 and next configuring types are: Preferences, Passwords, Device Info, Send Tab To Self, Edge E Drop
2024-09-06T04:21:19.657Z P:3180 T:14728] DataTypeManagerImpl::PrepareConfigureParams,Prepare to be configured types: Passwords, Encryption Keys
2024-09-06T04:21:19.657Z P:3180 T:29680] SyncManagerImpl::ConfigureSyncer,Types to download: Passwords, Encryption Keys
2024-09-06T04:21:21.267Z P:3180 T:14728] DataTypeManagerImpl::ConfigurationCompleted,Remain to be configured size: 2
2024-09-06T04:21:21.267Z P:3180 T:14728] DataTypeManagerImpl::StartNextConfiguration,Remain to be configured size: 2 and next configuring types are: Bookmarks
2024-09-06T04:21:21.267Z P:3180 T:14728] DataTypeManagerImpl::PrepareConfigureParams,Prepare to be configured types: 
2024-09-06T04:21:21.267Z P:3180 T:29680] SyncManagerImpl::ConfigureSyncer,Types to download: 
2024-09-06T04:21:21.267Z P:3180 T:14728] DataTypeManagerImpl::ConfigurationCompleted,Remain to be configured size: 1
2024-09-06T04:21:21.267Z P:3180 T:14728] DataTypeManagerImpl::StartNextConfiguration,Remain to be configured size: 1 and next configuring types are: Autofill Profiles, Autofill, Extensions, Extension settings, User Consents, Web Apps, Collection, Edge Hub App Usage, Edge Wallet
2024-09-06T04:21:21.267Z P:3180 T:14728] DataTypeManagerImpl::PrepareConfigureParams,Prepare to be configured types: Autofill Profiles, Autofill, Extensions, Extension settings, Web Apps, Collection, Edge Hub App Usage, Edge Wallet, Encryption Keys
2024-09-06T04:21:21.267Z P:3180 T:29680] SyncManagerImpl::ConfigureSyncer,Types to download: Autofill Profiles, Autofill, Extensions, Extension settings, Web Apps, Collection, Edge Hub App Usage, Edge Wallet, Encryption Keys
2024-09-06T04:21:23.292Z P:3180 T:14728] SyncServiceImpl::ResetEngine,Reset engine with reason: 0
2024-09-06T04:21:23.292Z P:3180 T:29680] SyncSchedulerImpl::OnSyncNetworkError,Syncer error: Network error (ERR_ABORTED)
2024-09-06T04:21:23.293Z P:3180 T:29680] SyncSchedulerImpl::DoConfigurationSyncCycleJob,Syncer error: Success
