{"logTime": "0906/052833", "correlationVector":"7qtvyOXB+chP7vuOEimA+3.1","action":"SyncServerConnectionManagerRequest", "result":"SYNC_SERVER_OK", "context":{"environment":"Prod_SoutheastAsia_000j", "migrationStage":"NotStarted", "server":"GENERAL0100000I"}}
{"logTime": "0906/052833", "correlationVector":"JgK0r8fp9T2Swl0y4TtRJs","action":"SyncServerConnectionManagerRequest", "result":"SYNC_SERVER_OK", "context":{"environment":"", "migrationStage":"", "server":""}}
{"logTime": "0906/052833", "correlationVector":"7qtvyOXB+chP7vuOEimA+3","action":"Initial GetUpdates", "result":"", "context":Reason: NEW_CLIENT. cV=7qtvyOXB+chP7vuOEimA+3}
{"logTime": "0906/052833", "correlationVector":"7qtvyOXB+chP7vuOEimA+3.2","action":"GetUpdates Response", "result":"Success", "context":Received 1 update(s). cV=7qtvyOXB+chP7vuOEimA+3.0;server=GENERAL0100000I;cloudType=Consumer;environment=Prod_SoutheastAsia_000j;migrationStage=NotStarted}
{"logTime": "0906/052833", "correlationVector":"hGnZVsioCzUfWnW5QoB7MI","action":"Initial GetUpdates", "result":"", "context":Reason: NEWLY_SUPPORTED_DATATYPE. cV=hGnZVsioCzUfWnW5QoB7MI}
{"logTime": "0906/052834", "correlationVector":"hGnZVsioCzUfWnW5QoB7MI.1","action":"SyncServerConnectionManagerRequest", "result":"SYNC_SERVER_OK", "context":{"environment":"Prod_SoutheastAsia_000j", "migrationStage":"NotStarted", "server":"GENERAL0300001I"}}
{"logTime": "0906/052834", "correlationVector":"hGnZVsioCzUfWnW5QoB7MI.2","action":"GetUpdates", "result":"DeleteReceived", "context":{"id":"2b9f9fb4-80a2-4250-97b7-c955238a4b1a", "isDeleted:":"true", "version":"1718608329099"}}
{"logTime": "0906/052834", "correlationVector":"hGnZVsioCzUfWnW5QoB7MI.3","action":"GetUpdates", "result":"DeleteReceived", "context":{"id":"c6941bbc-e47c-45ac-aedc-096754558e8a", "isDeleted:":"true", "version":"1694928210621"}}
{"logTime": "0906/052834", "correlationVector":"hGnZVsioCzUfWnW5QoB7MI.4","action":"GetUpdates", "result":"DeleteReceived", "context":{"id":"2bbcf9e6-b7cf-4c79-923d-6fe7f60ac9e6", "isDeleted:":"true", "version":"1698654932885"}}
{"logTime": "0906/052834", "correlationVector":"hGnZVsioCzUfWnW5QoB7MI.5","action":"GetUpdates", "result":"DeleteReceived", "context":{"id":"c966fee6-98b7-4e02-b4d2-212461b68fd6", "isDeleted:":"true", "version":"1702545631667"}}
{"logTime": "0906/052834", "correlationVector":"hGnZVsioCzUfWnW5QoB7MI.6","action":"GetUpdates", "result":"DeleteReceived", "context":{"id":"ce14f353-3cd8-4636-a8bc-534fd1dfbbde", "isDeleted:":"true", "version":"1704438835093"}}
{"logTime": "0906/052834", "correlationVector":"hGnZVsioCzUfWnW5QoB7MI.7","action":"GetUpdates", "result":"DeleteReceived", "context":{"id":"d72b77ac-1cca-4526-b6af-a73e806e3382", "isDeleted:":"true", "version":"1719919337729"}}
{"logTime": "0906/052834", "correlationVector":"hGnZVsioCzUfWnW5QoB7MI.8","action":"GetUpdates", "result":"DeleteReceived", "context":{"id":"0be7fd40-3fda-41a4-8821-a69ce21bb4fa", "isDeleted:":"true", "version":"1723368497779"}}
{"logTime": "0906/052834", "correlationVector":"hGnZVsioCzUfWnW5QoB7MI.9","action":"GetUpdates", "result":"DeleteReceived", "context":{"id":"dccd4c39-29cf-493b-92f6-86639d30441f", "isDeleted:":"true", "version":"1724147040369"}}
{"logTime": "0906/052834", "correlationVector":"hGnZVsioCzUfWnW5QoB7MI.10","action":"GetUpdates", "result":"DeleteReceived", "context":{"id":"3b102e8f-1835-4cf8-bbb2-f5dd07b41e43", "isDeleted:":"true", "version":"1724147042030"}}
{"logTime": "0906/052834", "correlationVector":"hGnZVsioCzUfWnW5QoB7MI.11","action":"GetUpdates", "result":"DeleteReceived", "context":{"id":"cf5e308d-99f1-4772-89ed-59e395829486", "isDeleted:":"true", "version":"1724147280865"}}
{"logTime": "0906/052834", "correlationVector":"hGnZVsioCzUfWnW5QoB7MI.12","action":"GetUpdates", "result":"DeleteReceived", "context":{"id":"0b74e724-cade-4fbf-b573-86391d49b069", "isDeleted:":"true", "version":"1724147280866"}}
{"logTime": "0906/052834", "correlationVector":"hGnZVsioCzUfWnW5QoB7MI.13","action":"GetUpdates", "result":"DeleteReceived", "context":{"id":"454862b3-935c-42ca-b448-7797bdcf7abd", "isDeleted:":"true", "version":"1724147280867"}}
{"logTime": "0906/052834", "correlationVector":"hGnZVsioCzUfWnW5QoB7MI.14","action":"GetUpdates", "result":"DeleteReceived", "context":{"id":"c373b3ce-ea02-4d6c-981c-1f3484c08279", "isDeleted:":"true", "version":"1724147280868"}}
{"logTime": "0906/052834", "correlationVector":"hGnZVsioCzUfWnW5QoB7MI.15","action":"GetUpdates", "result":"DeleteReceived", "context":{"id":"3fdbb025-8891-4048-9422-303a38d98b92", "isDeleted:":"true", "version":"1724147282634"}}
{"logTime": "0906/052834", "correlationVector":"hGnZVsioCzUfWnW5QoB7MI.16","action":"GetUpdates", "result":"DeleteReceived", "context":{"id":"dcbe765c-18b2-48a8-969b-8f2a3b7b14dc", "isDeleted:":"true", "version":"1724147282635"}}
{"logTime": "0906/052834", "correlationVector":"hGnZVsioCzUfWnW5QoB7MI.17","action":"GetUpdates", "result":"DeleteReceived", "context":{"id":"92643c67-f745-4c71-8689-1a2660d4fe99", "isDeleted:":"true", "version":"1724147282636"}}
{"logTime": "0906/052834", "correlationVector":"hGnZVsioCzUfWnW5QoB7MI.18","action":"GetUpdates", "result":"DeleteReceived", "context":{"id":"15ec555b-e7a1-40fd-9674-7c4362d21818", "isDeleted:":"true", "version":"1724147282637"}}
{"logTime": "0906/052834", "correlationVector":"hGnZVsioCzUfWnW5QoB7MI.19","action":"GetUpdates", "result":"DeleteReceived", "context":{"id":"453ad5f1-e1c4-476a-8dc7-168a731432aa", "isDeleted:":"true", "version":"1724147282638"}}
{"logTime": "0906/052834", "correlationVector":"hGnZVsioCzUfWnW5QoB7MI.20","action":"GetUpdates", "result":"DeleteReceived", "context":{"id":"7a62ed39-2a56-4bf1-ac39-12952d52c742", "isDeleted:":"true", "version":"1724147282639"}}
{"logTime": "0906/052834", "correlationVector":"hGnZVsioCzUfWnW5QoB7MI.21","action":"GetUpdates", "result":"DeleteReceived", "context":{"id":"d2e53f82-740c-4c93-8d48-8a59ae3af0b4", "isDeleted:":"true", "version":"1724147282640"}}
{"logTime": "0906/052834", "correlationVector":"hGnZVsioCzUfWnW5QoB7MI.22","action":"GetUpdates", "result":"DeleteReceived", "context":{"id":"d8391f53-c50c-43d4-9d17-c6e9b9341f23", "isDeleted:":"true", "version":"1724147282641"}}
{"logTime": "0906/052834", "correlationVector":"hGnZVsioCzUfWnW5QoB7MI.23","action":"GetUpdates", "result":"DeleteReceived", "context":{"id":"66b860f6-33c5-480b-bd44-cb8d125b5d25", "isDeleted:":"true", "version":"1724147282642"}}
{"logTime": "0906/052834", "correlationVector":"hGnZVsioCzUfWnW5QoB7MI.24","action":"GetUpdates", "result":"DeleteReceived", "context":{"id":"a18e1015-a471-49d8-bcb1-732320d9aac9", "isDeleted:":"true", "version":"1724195174914"}}
{"logTime": "0906/052834", "correlationVector":"hGnZVsioCzUfWnW5QoB7MI.25","action":"GetUpdates Response", "result":"Success", "context":Received 250 update(s). cV=hGnZVsioCzUfWnW5QoB7MI.0;server=GENERAL0300001I;cloudType=Consumer;environment=Prod_SoutheastAsia_000j;migrationStage=NotStarted Some updates remain.}
{"logTime": "0906/052834", "correlationVector":"MpQQo+c/OctsKJuHxAAs0N","action":"Initial GetUpdates", "result":"", "context":Reason: NEWLY_SUPPORTED_DATATYPE. cV=MpQQo+c/OctsKJuHxAAs0N}
{"logTime": "0906/052835", "correlationVector":"MpQQo+c/OctsKJuHxAAs0N.1","action":"SyncServerConnectionManagerRequest", "result":"SYNC_SERVER_OK", "context":{"environment":"Prod_SoutheastAsia_000j", "migrationStage":"NotStarted", "server":"GENERAL01000019"}}
{"logTime": "0906/052835", "correlationVector":"MpQQo+c/OctsKJuHxAAs0N.2","action":"GetUpdates Response", "result":"Success", "context":Received 88 update(s). cV=MpQQo+c/OctsKJuHxAAs0N.0;server=GENERAL01000019;cloudType=Consumer;environment=Prod_SoutheastAsia_000j;migrationStage=NotStarted}
{"logTime": "0906/052835", "correlationVector":"YIA7mVZJjBPq6xdRMifXFB","action":"Initial GetUpdates", "result":"", "context":Reason: NEWLY_SUPPORTED_DATATYPE. cV=YIA7mVZJjBPq6xdRMifXFB}
{"logTime": "0906/052835", "correlationVector":"YIA7mVZJjBPq6xdRMifXFB.1","action":"SyncServerConnectionManagerRequest", "result":"SYNC_SERVER_OK", "context":{"environment":"Prod_SoutheastAsia_000j", "migrationStage":"NotStarted", "server":"GENERAL03000010"}}
{"logTime": "0906/052835", "correlationVector":"YIA7mVZJjBPq6xdRMifXFB.2","action":"GetUpdates", "result":"DeleteReceived", "context":{"id":"0c479fa7-6993-4376-b548-448826d4573b", "isDeleted:":"true", "version":"1697454519032"}}
{"logTime": "0906/052835", "correlationVector":"YIA7mVZJjBPq6xdRMifXFB.3","action":"GetUpdates Response", "result":"Success", "context":Received 59 update(s). cV=YIA7mVZJjBPq6xdRMifXFB.0;server=GENERAL03000010;cloudType=Consumer;environment=Prod_SoutheastAsia_000j;migrationStage=NotStarted}
{"logTime": "0906/052835", "correlationVector":"dqc2GCRCZfKwhjOubTyB79","action":"Initial GetUpdates", "result":"", "context":Reason: NEWLY_SUPPORTED_DATATYPE. cV=dqc2GCRCZfKwhjOubTyB79}
{"logTime": "0906/052836", "correlationVector":"dqc2GCRCZfKwhjOubTyB79.1","action":"SyncServerConnectionManagerRequest", "result":"SYNC_SERVER_OK", "context":{"environment":"Prod_SoutheastAsia_000j", "migrationStage":"NotStarted", "server":"GENERAL0100000F"}}
{"logTime": "0906/052836", "correlationVector":"dqc2GCRCZfKwhjOubTyB79.2","action":"GetUpdates Response", "result":"Success", "context":Received 250 update(s). cV=dqc2GCRCZfKwhjOubTyB79.0;server=GENERAL0100000F;cloudType=Consumer;environment=Prod_SoutheastAsia_000j;migrationStage=NotStarted Some updates remain.}
{"logTime": "0906/052836", "correlationVector":"FZwdaj2PP6b6V/SOJrmIUe","action":"Initial GetUpdates", "result":"", "context":Reason: NEWLY_SUPPORTED_DATATYPE. cV=FZwdaj2PP6b6V/SOJrmIUe}
{"logTime": "0906/052837", "correlationVector":"FZwdaj2PP6b6V/SOJrmIUe.1","action":"SyncServerConnectionManagerRequest", "result":"SYNC_SERVER_OK", "context":{"environment":"Prod_SoutheastAsia_000j", "migrationStage":"NotStarted", "server":"GENERAL01000018"}}
{"logTime": "0906/052837", "correlationVector":"FZwdaj2PP6b6V/SOJrmIUe.2","action":"GetUpdates Response", "result":"Success", "context":Received 250 update(s). cV=FZwdaj2PP6b6V/SOJrmIUe.0;server=GENERAL01000018;cloudType=Consumer;environment=Prod_SoutheastAsia_000j;migrationStage=NotStarted Some updates remain.}
{"logTime": "0906/052837", "correlationVector":"+knzLjm1cQoqaafXwDKSdq","action":"Initial GetUpdates", "result":"", "context":Reason: NEWLY_SUPPORTED_DATATYPE. cV=+knzLjm1cQoqaafXwDKSdq}
{"logTime": "0906/052838", "correlationVector":"+knzLjm1cQoqaafXwDKSdq.1","action":"SyncServerConnectionManagerRequest", "result":"SYNC_SERVER_OK", "context":{"environment":"Prod_SoutheastAsia_000j", "migrationStage":"NotStarted", "server":"GENERAL0100000J"}}
{"logTime": "0906/052838", "correlationVector":"+knzLjm1cQoqaafXwDKSdq.2","action":"GetUpdates Response", "result":"Success", "context":Received 250 update(s). cV=+knzLjm1cQoqaafXwDKSdq.0;server=GENERAL0100000J;cloudType=Consumer;environment=Prod_SoutheastAsia_000j;migrationStage=NotStarted Some updates remain.}
{"logTime": "0906/052838", "correlationVector":"unnPqlC0oioyX2CeM8ztmN","action":"Initial GetUpdates", "result":"", "context":Reason: NEWLY_SUPPORTED_DATATYPE. cV=unnPqlC0oioyX2CeM8ztmN}
{"logTime": "0906/052839", "correlationVector":"unnPqlC0oioyX2CeM8ztmN.1","action":"SyncServerConnectionManagerRequest", "result":"SYNC_SERVER_OK", "context":{"environment":"Prod_SoutheastAsia_000j", "migrationStage":"NotStarted", "server":"GENERAL03000018"}}
{"logTime": "0906/052839", "correlationVector":"unnPqlC0oioyX2CeM8ztmN.2","action":"GetUpdates Response", "result":"Success", "context":Received 250 update(s). cV=unnPqlC0oioyX2CeM8ztmN.0;server=GENERAL03000018;cloudType=Consumer;environment=Prod_SoutheastAsia_000j;migrationStage=NotStarted Some updates remain.}
{"logTime": "0906/052839", "correlationVector":"GZe318kE5nw4GHyesULfhC","action":"Initial GetUpdates", "result":"", "context":Reason: NEWLY_SUPPORTED_DATATYPE. cV=GZe318kE5nw4GHyesULfhC}
{"logTime": "0906/052842", "correlationVector":"GZe318kE5nw4GHyesULfhC.1","action":"SyncServerConnectionManagerRequest", "result":"SYNC_SERVER_OK", "context":{"environment":"Prod_SoutheastAsia_000j", "migrationStage":"NotStarted", "server":"GENERAL03000019"}}
{"logTime": "0906/052842", "correlationVector":"GZe318kE5nw4GHyesULfhC.2","action":"GetUpdates", "result":"DeleteReceived", "context":{"id":"0cd76616-6ed9-4e63-ade4-090d6844838f", "isDeleted:":"true", "version":"1718468296073"}}
{"logTime": "0906/052842", "correlationVector":"GZe318kE5nw4GHyesULfhC.3","action":"GetUpdates", "result":"DeleteReceived", "context":{"id":"0d1cba35-73fa-44ba-a0c2-d7dd29662be3", "isDeleted:":"true", "version":"1718468296074"}}
{"logTime": "0906/052842", "correlationVector":"GZe318kE5nw4GHyesULfhC.4","action":"GetUpdates", "result":"DeleteReceived", "context":{"id":"06fce992-3e0d-4724-bcbf-e4c18a74f619", "isDeleted:":"true", "version":"1718468296075"}}
{"logTime": "0906/052842", "correlationVector":"GZe318kE5nw4GHyesULfhC.5","action":"GetUpdates", "result":"DeleteReceived", "context":{"id":"083c4c70-c399-4f0f-81c0-2ac51bcbfe5e", "isDeleted:":"true", "version":"1718468296076"}}
{"logTime": "0906/052842", "correlationVector":"GZe318kE5nw4GHyesULfhC.6","action":"GetUpdates", "result":"DeleteReceived", "context":{"id":"1071f0dc-998d-4948-b2ba-91e4ac48c1d2", "isDeleted:":"true", "version":"1718468296077"}}
{"logTime": "0906/052842", "correlationVector":"GZe318kE5nw4GHyesULfhC.7","action":"GetUpdates", "result":"DeleteReceived", "context":{"id":"be3b5a43-6d41-4a8b-b602-ea0bed96b2c8", "isDeleted:":"true", "version":"1718468296078"}}
{"logTime": "0906/052842", "correlationVector":"GZe318kE5nw4GHyesULfhC.8","action":"GetUpdates", "result":"DeleteReceived", "context":{"id":"d6219300-d522-46ca-87c5-1d2daa863ef7", "isDeleted:":"true", "version":"1718468296079"}}
{"logTime": "0906/052842", "correlationVector":"GZe318kE5nw4GHyesULfhC.9","action":"GetUpdates", "result":"DeleteReceived", "context":{"id":"092f1ae8-9123-4938-9c7a-e0097d646ad3", "isDeleted:":"true", "version":"1718468296080"}}
{"logTime": "0906/052842", "correlationVector":"GZe318kE5nw4GHyesULfhC.10","action":"GetUpdates", "result":"DeleteReceived", "context":{"id":"80866228-8eee-409f-8ab4-8fa48ee0e56f", "isDeleted:":"true", "version":"1718468296081"}}
{"logTime": "0906/052842", "correlationVector":"GZe318kE5nw4GHyesULfhC.11","action":"GetUpdates", "result":"DeleteReceived", "context":{"id":"a0236a9a-011a-4cde-b333-1bd0f33b428c", "isDeleted:":"true", "version":"1720273000516"}}
{"logTime": "0906/052842", "correlationVector":"GZe318kE5nw4GHyesULfhC.12","action":"GetUpdates", "result":"DeleteReceived", "context":{"id":"8dac503f-757f-4608-babb-ab73e404d23d", "isDeleted:":"true", "version":"1723532499879"}}
{"logTime": "0906/052842", "correlationVector":"GZe318kE5nw4GHyesULfhC.13","action":"GetUpdates", "result":"DeleteReceived", "context":{"id":"a7af4d02-88d4-4fb4-a8a2-760935b2665e", "isDeleted:":"true", "version":"1723532499880"}}
{"logTime": "0906/052842", "correlationVector":"GZe318kE5nw4GHyesULfhC.14","action":"GetUpdates Response", "result":"Success", "context":Received 250 update(s). cV=GZe318kE5nw4GHyesULfhC.0;server=GENERAL03000019;cloudType=Consumer;environment=Prod_SoutheastAsia_000j;migrationStage=NotStarted Some updates remain.}
{"logTime": "0906/052842", "correlationVector":"5iY+yO2O8IrNVf1n8rpZ1r","action":"Initial GetUpdates", "result":"", "context":Reason: NEWLY_SUPPORTED_DATATYPE. cV=5iY+yO2O8IrNVf1n8rpZ1r}
{"logTime": "0906/052842", "correlationVector":"5iY+yO2O8IrNVf1n8rpZ1r.1","action":"SyncServerConnectionManagerRequest", "result":"SYNC_SERVER_OK", "context":{"environment":"Prod_SoutheastAsia_000j", "migrationStage":"NotStarted", "server":"GENERAL0300002G"}}
{"logTime": "0906/052842", "correlationVector":"5iY+yO2O8IrNVf1n8rpZ1r.2","action":"GetUpdates Response", "result":"Success", "context":Received 205 update(s). cV=5iY+yO2O8IrNVf1n8rpZ1r.0;server=GENERAL0300002G;cloudType=Consumer;environment=Prod_SoutheastAsia_000j;migrationStage=NotStarted}
{"logTime": "0906/052842", "correlationVector":"2gW7k0/i7bVqppsRjYE4Ub","action":"Normal GetUpdate request", "result":"", "context":cV=2gW7k0/i7bVqppsRjYE4Ub
Nudged types: Preferences, Device Info, User Consents
Refresh requested types: Bookmarks, Preferences, Passwords, Autofill Profiles, Autofill, Extensions, Extension settings, Device Info, User Consents, Send Tab To Self, Web Apps, Collection, Edge E Drop, Edge Hub App Usage, Edge Wallet, Encryption Keys}
{"logTime": "0906/052843", "correlationVector":"2gW7k0/i7bVqppsRjYE4Ub.1","action":"SyncServerConnectionManagerRequest", "result":"SYNC_SERVER_OK", "context":{"environment":"Prod_SoutheastAsia_000j", "migrationStage":"NotStarted", "server":"GENERAL0300001M"}}
{"logTime": "0906/052843", "correlationVector":"2gW7k0/i7bVqppsRjYE4Ub.2","action":"GetUpdates Response", "result":"Success", "context":Received 0 update(s). cV=2gW7k0/i7bVqppsRjYE4Ub.0;server=GENERAL0300001M;cloudType=Consumer;environment=Prod_SoutheastAsia_000j;migrationStage=NotStarted}
{"logTime": "0906/052843", "correlationVector":"hbKsZRZUTYmsEjm7fAE81V","action":"Commit Request", "result":"", "context":Item count: 4
Contributing types: Preferences, Device Info, User Consents}
{"logTime": "0906/052844", "correlationVector":"hbKsZRZUTYmsEjm7fAE81V.1","action":"SyncServerConnectionManagerRequest", "result":"SYNC_SERVER_OK", "context":{"environment":"Prod_SoutheastAsia_000j", "migrationStage":"NotStarted", "server":"GENERAL0300001V"}}
{"logTime": "0906/052844", "correlationVector":"hbKsZRZUTYmsEjm7fAE81V.2","action":"Commit Response", "result":"Success", "context":Result: Success. cV=hbKsZRZUTYmsEjm7fAE81V.0;server=GENERAL0300001V;cloudType=Consumer;environment=Prod_SoutheastAsia_000j;migrationStage=NotStarted}
{"logTime": "0906/052844", "correlationVector":"pXsgoEyEGAZpBikhDpBzfx","action":"Normal GetUpdate request", "result":"", "context":cV=pXsgoEyEGAZpBikhDpBzfx
Nudged types: Preferences, Device Info}
{"logTime": "0906/052845", "correlationVector":"pXsgoEyEGAZpBikhDpBzfx.1","action":"SyncServerConnectionManagerRequest", "result":"SYNC_SERVER_OK", "context":{"environment":"Prod_SoutheastAsia_000j", "migrationStage":"NotStarted", "server":"GENERAL0100000X"}}
{"logTime": "0906/052845", "correlationVector":"pXsgoEyEGAZpBikhDpBzfx.2","action":"GetUpdates Response", "result":"Success", "context":Received 2 update(s). cV=pXsgoEyEGAZpBikhDpBzfx.0;server=GENERAL0100000X;cloudType=Consumer;environment=Prod_SoutheastAsia_000j;migrationStage=NotStarted}
{"logTime": "0906/052845", "correlationVector":"Z362SURogFKhTX4Juk1/ar","action":"DoCompareDataConsistency requsted types: ", "result":"Bookmarks, Preferences, Passwords, Extensions, Extension settings, Send Tab To Self, Web Apps, Collection, Edge E Drop, Edge Wallet, Encryption Keys"}
{"logTime": "0906/052845", "correlationVector":"Z362SURogFKhTX4Juk1/ar.0","action":"CompareDataConsistency result: ", "result":"Compare result: Encryption Keys is consistent. local entities count is: 1 local entities hash is: FBKJk2YbXlwBweXsSfTAk1IPCV8="}
{"logTime": "0906/052845", "correlationVector":"Z362SURogFKhTX4Juk1/ar.1","action":"CompareDataConsistency result: ", "result":"Compare result: Bookmarks is consistent. local entities count is: 56 local entities hash is: O9elc/VSiCroEv6hwcwZRv78oXc="}
{"logTime": "0906/052845", "correlationVector":"Z362SURogFKhTX4Juk1/ar.2","action":"CompareDataConsistency result: ", "result":"Compare result: Preferences is consistent. local entities count is: 112 local entities hash is: Ef1PQl7exaHZp0m5/0/kIE4GFNY="}
{"logTime": "0906/052845", "correlationVector":"Z362SURogFKhTX4Juk1/ar.3","action":"CompareDataConsistency result: ", "result":"Compare result: Extensions is consistent. local entities count is: 3 local entities hash is: OjrGTDewQ5ojZATqlXgnEWi/s7k="}
{"logTime": "0906/052845", "correlationVector":"Z362SURogFKhTX4Juk1/ar.4","action":"CompareDataConsistency result: ", "result":"Compare result: Extension settings is consistent. local entities count is: 9 local entities hash is: Xl+kzC+Ay9PtuU2NbmRNmUUu0/I="}
{"logTime": "0906/052845", "correlationVector":"Z362SURogFKhTX4Juk1/ar.5","action":"CompareDataConsistency result: ", "result":"Server did not send this Send Tab To Self local entities count is: 0 local entities hash is: "}
{"logTime": "0906/052845", "correlationVector":"Z362SURogFKhTX4Juk1/ar.6","action":"CompareDataConsistency result: ", "result":"Compare result: Web Apps is consistent. local entities count is: 0 local entities hash is: "}
{"logTime": "0906/052845", "correlationVector":"Z362SURogFKhTX4Juk1/ar.7","action":"CompareDataConsistency result: ", "result":"Compare result: Collection is consistent. local entities count is: 0 local entities hash is: "}
{"logTime": "0906/052845", "correlationVector":"Z362SURogFKhTX4Juk1/ar.8","action":"CompareDataConsistency result: ", "result":"Compare result: Edge E Drop is consistent. local entities count is: 0 local entities hash is: "}
{"logTime": "0906/052845", "correlationVector":"Z362SURogFKhTX4Juk1/ar.9","action":"CompareDataConsistency result: ", "result":"Compare result: Edge Wallet is consistent. local entities count is: 0 local entities hash is: "}
{"logTime": "0906/052845", "correlationVector":"Z362SURogFKhTX4Juk1/ar.10","action":"CompareDataConsistency result: ", "result":"Compare result: Passwords is consistent. local entities count is: 173 local entities hash is: HigBf56yZAQNP1WSNzxnsCwzUk4="}
{"logTime": "0906/052845", "correlationVector":"","action":"DIAGNOSTIC_REQUEST|v1/diagnosticData/Diagnostic.SendCheckResult()|SUCCESS", "result":""}
{"logTime": "0906/061049", "correlationVector":"BBsx3aWiCck8TK7GuOhDuG.1","action":"SyncServerConnectionManagerRequest", "result":"SYNC_SERVER_OK", "context":{"environment":"Prod_SoutheastAsia_000j", "migrationStage":"NotStarted", "server":"GENERAL0300001J"}}
{"logTime": "0906/061050", "correlationVector":"B0wo9qTI9aRlvYFnxohFgI","action":"SyncServerConnectionManagerRequest", "result":"SYNC_SERVER_OK", "context":{"environment":"", "migrationStage":"", "server":""}}
{"logTime": "0906/061050", "correlationVector":"BBsx3aWiCck8TK7GuOhDuG","action":"Initial GetUpdates", "result":"", "context":Reason: NEW_CLIENT. cV=BBsx3aWiCck8TK7GuOhDuG}
{"logTime": "0906/061050", "correlationVector":"BBsx3aWiCck8TK7GuOhDuG.2","action":"GetUpdates Response", "result":"Success", "context":Received 1 update(s). cV=BBsx3aWiCck8TK7GuOhDuG.0;server=GENERAL0300001J;cloudType=Consumer;environment=Prod_SoutheastAsia_000j;migrationStage=NotStarted}
{"logTime": "0906/061050", "correlationVector":"kKN2bzsoW/LyKqhBTsHYvs","action":"Initial GetUpdates", "result":"", "context":Reason: NEWLY_SUPPORTED_DATATYPE. cV=kKN2bzsoW/LyKqhBTsHYvs}
{"logTime": "0906/061051", "correlationVector":"kKN2bzsoW/LyKqhBTsHYvs.1","action":"SyncServerConnectionManagerRequest", "result":"SYNC_SERVER_OK", "context":{"environment":"Prod_SoutheastAsia_000j", "migrationStage":"NotStarted", "server":"GENERAL0300000U"}}
{"logTime": "0906/061051", "correlationVector":"kKN2bzsoW/LyKqhBTsHYvs.2","action":"GetUpdates", "result":"DeleteReceived", "context":{"id":"c6941bbc-e47c-45ac-aedc-096754558e8a", "isDeleted:":"true", "version":"1694928210621"}}
{"logTime": "0906/061051", "correlationVector":"kKN2bzsoW/LyKqhBTsHYvs.3","action":"GetUpdates", "result":"DeleteReceived", "context":{"id":"2bbcf9e6-b7cf-4c79-923d-6fe7f60ac9e6", "isDeleted:":"true", "version":"1698654932885"}}
{"logTime": "0906/061051", "correlationVector":"kKN2bzsoW/LyKqhBTsHYvs.4","action":"GetUpdates", "result":"DeleteReceived", "context":{"id":"c966fee6-98b7-4e02-b4d2-212461b68fd6", "isDeleted:":"true", "version":"1702545631667"}}
{"logTime": "0906/061051", "correlationVector":"kKN2bzsoW/LyKqhBTsHYvs.5","action":"GetUpdates", "result":"DeleteReceived", "context":{"id":"ce14f353-3cd8-4636-a8bc-534fd1dfbbde", "isDeleted:":"true", "version":"1704438835093"}}
{"logTime": "0906/061051", "correlationVector":"kKN2bzsoW/LyKqhBTsHYvs.6","action":"GetUpdates", "result":"DeleteReceived", "context":{"id":"d72b77ac-1cca-4526-b6af-a73e806e3382", "isDeleted:":"true", "version":"1719919337729"}}
{"logTime": "0906/061051", "correlationVector":"kKN2bzsoW/LyKqhBTsHYvs.7","action":"GetUpdates", "result":"DeleteReceived", "context":{"id":"0be7fd40-3fda-41a4-8821-a69ce21bb4fa", "isDeleted:":"true", "version":"1723368497779"}}
{"logTime": "0906/061051", "correlationVector":"kKN2bzsoW/LyKqhBTsHYvs.8","action":"GetUpdates", "result":"DeleteReceived", "context":{"id":"dccd4c39-29cf-493b-92f6-86639d30441f", "isDeleted:":"true", "version":"1724147040369"}}
{"logTime": "0906/061051", "correlationVector":"kKN2bzsoW/LyKqhBTsHYvs.9","action":"GetUpdates", "result":"DeleteReceived", "context":{"id":"3b102e8f-1835-4cf8-bbb2-f5dd07b41e43", "isDeleted:":"true", "version":"1724147042030"}}
{"logTime": "0906/061051", "correlationVector":"kKN2bzsoW/LyKqhBTsHYvs.10","action":"GetUpdates", "result":"DeleteReceived", "context":{"id":"cf5e308d-99f1-4772-89ed-59e395829486", "isDeleted:":"true", "version":"1724147280865"}}
{"logTime": "0906/061051", "correlationVector":"kKN2bzsoW/LyKqhBTsHYvs.11","action":"GetUpdates", "result":"DeleteReceived", "context":{"id":"0b74e724-cade-4fbf-b573-86391d49b069", "isDeleted:":"true", "version":"1724147280866"}}
{"logTime": "0906/061051", "correlationVector":"kKN2bzsoW/LyKqhBTsHYvs.12","action":"GetUpdates", "result":"DeleteReceived", "context":{"id":"454862b3-935c-42ca-b448-7797bdcf7abd", "isDeleted:":"true", "version":"1724147280867"}}
{"logTime": "0906/061051", "correlationVector":"kKN2bzsoW/LyKqhBTsHYvs.13","action":"GetUpdates", "result":"DeleteReceived", "context":{"id":"c373b3ce-ea02-4d6c-981c-1f3484c08279", "isDeleted:":"true", "version":"1724147280868"}}
{"logTime": "0906/061051", "correlationVector":"kKN2bzsoW/LyKqhBTsHYvs.14","action":"GetUpdates", "result":"DeleteReceived", "context":{"id":"3fdbb025-8891-4048-9422-303a38d98b92", "isDeleted:":"true", "version":"1724147282634"}}
{"logTime": "0906/061051", "correlationVector":"kKN2bzsoW/LyKqhBTsHYvs.15","action":"GetUpdates", "result":"DeleteReceived", "context":{"id":"dcbe765c-18b2-48a8-969b-8f2a3b7b14dc", "isDeleted:":"true", "version":"1724147282635"}}
{"logTime": "0906/061051", "correlationVector":"kKN2bzsoW/LyKqhBTsHYvs.16","action":"GetUpdates", "result":"DeleteReceived", "context":{"id":"92643c67-f745-4c71-8689-1a2660d4fe99", "isDeleted:":"true", "version":"1724147282636"}}
{"logTime": "0906/061051", "correlationVector":"kKN2bzsoW/LyKqhBTsHYvs.17","action":"GetUpdates", "result":"DeleteReceived", "context":{"id":"15ec555b-e7a1-40fd-9674-7c4362d21818", "isDeleted:":"true", "version":"1724147282637"}}
{"logTime": "0906/061051", "correlationVector":"kKN2bzsoW/LyKqhBTsHYvs.18","action":"GetUpdates", "result":"DeleteReceived", "context":{"id":"453ad5f1-e1c4-476a-8dc7-168a731432aa", "isDeleted:":"true", "version":"1724147282638"}}
{"logTime": "0906/061051", "correlationVector":"kKN2bzsoW/LyKqhBTsHYvs.19","action":"GetUpdates", "result":"DeleteReceived", "context":{"id":"7a62ed39-2a56-4bf1-ac39-12952d52c742", "isDeleted:":"true", "version":"1724147282639"}}
{"logTime": "0906/061051", "correlationVector":"kKN2bzsoW/LyKqhBTsHYvs.20","action":"GetUpdates", "result":"DeleteReceived", "context":{"id":"d2e53f82-740c-4c93-8d48-8a59ae3af0b4", "isDeleted:":"true", "version":"1724147282640"}}
{"logTime": "0906/061051", "correlationVector":"kKN2bzsoW/LyKqhBTsHYvs.21","action":"GetUpdates", "result":"DeleteReceived", "context":{"id":"d8391f53-c50c-43d4-9d17-c6e9b9341f23", "isDeleted:":"true", "version":"1724147282641"}}
{"logTime": "0906/061051", "correlationVector":"kKN2bzsoW/LyKqhBTsHYvs.22","action":"GetUpdates", "result":"DeleteReceived", "context":{"id":"66b860f6-33c5-480b-bd44-cb8d125b5d25", "isDeleted:":"true", "version":"1724147282642"}}
{"logTime": "0906/061051", "correlationVector":"kKN2bzsoW/LyKqhBTsHYvs.23","action":"GetUpdates", "result":"DeleteReceived", "context":{"id":"a18e1015-a471-49d8-bcb1-732320d9aac9", "isDeleted:":"true", "version":"1724195174914"}}
{"logTime": "0906/061051", "correlationVector":"kKN2bzsoW/LyKqhBTsHYvs.24","action":"GetUpdates Response", "result":"Success", "context":Received 195 update(s). cV=kKN2bzsoW/LyKqhBTsHYvs.0;server=GENERAL0300000U;cloudType=Consumer;environment=Prod_SoutheastAsia_000j;migrationStage=NotStarted}
{"logTime": "0906/061051", "correlationVector":"/ZQ2Daxmj/1OlQtq5etKAc","action":"Normal GetUpdate request", "result":"", "context":cV=/ZQ2Daxmj/1OlQtq5etKAc
Refresh requested types: Bookmarks, Preferences, Passwords, Autofill Profiles, Autofill, Extensions, Extension settings, Device Info, User Consents, Send Tab To Self, Web Apps, Collection, Edge E Drop, Edge Hub App Usage, Edge Wallet, Encryption Keys}
{"logTime": "0906/061053", "correlationVector":"/ZQ2Daxmj/1OlQtq5etKAc.1","action":"SyncServerConnectionManagerRequest", "result":"SYNC_SERVER_OK", "context":{"environment":"Prod_SoutheastAsia_000j", "migrationStage":"NotStarted", "server":"GENERAL01000005"}}
{"logTime": "0906/061053", "correlationVector":"/ZQ2Daxmj/1OlQtq5etKAc.2","action":"GetUpdates Response", "result":"Success", "context":Received 8 update(s). cV=/ZQ2Daxmj/1OlQtq5etKAc.0;server=GENERAL01000005;cloudType=Consumer;environment=Prod_SoutheastAsia_000j;migrationStage=NotStarted}
{"logTime": "0906/061053", "correlationVector":"9RU+X+Hj6ItXPCcnBzRrXg","action":"DoCompareDataConsistency requsted types: ", "result":"Bookmarks, Preferences, Passwords, Extensions, Extension settings, Send Tab To Self, Web Apps, Collection, Edge E Drop, Edge Wallet, Encryption Keys"}
{"logTime": "0906/061053", "correlationVector":"9RU+X+Hj6ItXPCcnBzRrXg.0","action":"CompareDataConsistency result: ", "result":"Compare result: Encryption Keys is consistent. local entities count is: 1 local entities hash is: FBKJk2YbXlwBweXsSfTAk1IPCV8="}
{"logTime": "0906/061053", "correlationVector":"9RU+X+Hj6ItXPCcnBzRrXg.1","action":"CompareDataConsistency result: ", "result":"Compare result: Bookmarks is consistent. local entities count is: 56 local entities hash is: O9elc/VSiCroEv6hwcwZRv78oXc="}
{"logTime": "0906/061053", "correlationVector":"9RU+X+Hj6ItXPCcnBzRrXg.2","action":"CompareDataConsistency result: ", "result":"Compare result: Preferences is consistent. local entities count is: 112 local entities hash is: omu+NWr2lIXZsK8ylqHhqWdbelU="}
{"logTime": "0906/061053", "correlationVector":"9RU+X+Hj6ItXPCcnBzRrXg.3","action":"CompareDataConsistency result: ", "result":"Compare result: Extensions is consistent. local entities count is: 3 local entities hash is: OjrGTDewQ5ojZATqlXgnEWi/s7k="}
{"logTime": "0906/061053", "correlationVector":"9RU+X+Hj6ItXPCcnBzRrXg.4","action":"CompareDataConsistency result: ", "result":"Compare result: Extension settings is consistent. local entities count is: 9 local entities hash is: Xl+kzC+Ay9PtuU2NbmRNmUUu0/I="}
{"logTime": "0906/061053", "correlationVector":"9RU+X+Hj6ItXPCcnBzRrXg.5","action":"CompareDataConsistency result: ", "result":"Server did not send this Send Tab To Self local entities count is: 0 local entities hash is: "}
{"logTime": "0906/061053", "correlationVector":"9RU+X+Hj6ItXPCcnBzRrXg.6","action":"CompareDataConsistency result: ", "result":"Compare result: Web Apps is consistent. local entities count is: 0 local entities hash is: "}
{"logTime": "0906/061053", "correlationVector":"9RU+X+Hj6ItXPCcnBzRrXg.7","action":"CompareDataConsistency result: ", "result":"Compare result: Collection is consistent. local entities count is: 0 local entities hash is: "}
{"logTime": "0906/061053", "correlationVector":"9RU+X+Hj6ItXPCcnBzRrXg.8","action":"CompareDataConsistency result: ", "result":"Compare result: Edge E Drop is consistent. local entities count is: 0 local entities hash is: "}
{"logTime": "0906/061053", "correlationVector":"9RU+X+Hj6ItXPCcnBzRrXg.9","action":"CompareDataConsistency result: ", "result":"Compare result: Edge Wallet is consistent. local entities count is: 0 local entities hash is: "}
{"logTime": "0906/061053", "correlationVector":"9RU+X+Hj6ItXPCcnBzRrXg.10","action":"CompareDataConsistency result: ", "result":"Compare result: Passwords is consistent. local entities count is: 173 local entities hash is: TiMCrDYH3MWBasQ8ELgNjv9vbko="}
{"logTime": "0906/061053", "correlationVector":"","action":"DIAGNOSTIC_REQUEST|v1/diagnosticData/Diagnostic.SendCheckResult()|SUCCESS", "result":""}
{"logTime": "0906/061058", "correlationVector":"mPGjkev61JdoTdBJy/EXPG","action":"Normal GetUpdate request", "result":"", "context":cV=mPGjkev61JdoTdBJy/EXPG
Nudged types: Preferences}
{"logTime": "0906/061059", "correlationVector":"mPGjkev61JdoTdBJy/EXPG","action":"SyncServerConnectionManagerRequest", "result":"CONNECTION_UNAVAILABLE", "context":{"error_type":"net_error_code", "error_value":"-3"}}
{"logTime": "0906/061120", "correlationVector":"Ph9lhsKxtiwgjKLfxWJtHL.1","action":"SyncServerConnectionManagerRequest", "result":"SYNC_SERVER_OK", "context":{"environment":"Prod_SoutheastAsia_000j", "migrationStage":"NotStarted", "server":"GENERAL0300002S"}}
{"logTime": "0906/061121", "correlationVector":"lG1+1p4hLcSArJZ3SDhC0b","action":"SyncServerConnectionManagerRequest", "result":"SYNC_SERVER_OK", "context":{"environment":"", "migrationStage":"", "server":""}}
{"logTime": "0906/061121", "correlationVector":"Ph9lhsKxtiwgjKLfxWJtHL","action":"Initial GetUpdates", "result":"", "context":Reason: NEW_CLIENT. cV=Ph9lhsKxtiwgjKLfxWJtHL}
{"logTime": "0906/061121", "correlationVector":"Ph9lhsKxtiwgjKLfxWJtHL.2","action":"GetUpdates Response", "result":"Success", "context":Received 1 update(s). cV=Ph9lhsKxtiwgjKLfxWJtHL.0;server=GENERAL0300002S;cloudType=Consumer;environment=Prod_SoutheastAsia_000j;migrationStage=NotStarted}
{"logTime": "0906/061121", "correlationVector":"6mZ9b8p7V+gTe4lveM92wP","action":"Initial GetUpdates", "result":"", "context":Reason: NEWLY_SUPPORTED_DATATYPE. cV=6mZ9b8p7V+gTe4lveM92wP}
{"logTime": "0906/061122", "correlationVector":"6mZ9b8p7V+gTe4lveM92wP.1","action":"SyncServerConnectionManagerRequest", "result":"SYNC_SERVER_OK", "context":{"environment":"Prod_SoutheastAsia_000j", "migrationStage":"NotStarted", "server":"GENERAL0300002S"}}
{"logTime": "0906/061122", "correlationVector":"6mZ9b8p7V+gTe4lveM92wP.2","action":"GetUpdates", "result":"DeleteReceived", "context":{"id":"c6941bbc-e47c-45ac-aedc-096754558e8a", "isDeleted:":"true", "version":"1694928210621"}}
{"logTime": "0906/061122", "correlationVector":"6mZ9b8p7V+gTe4lveM92wP.3","action":"GetUpdates", "result":"DeleteReceived", "context":{"id":"2bbcf9e6-b7cf-4c79-923d-6fe7f60ac9e6", "isDeleted:":"true", "version":"1698654932885"}}
{"logTime": "0906/061122", "correlationVector":"6mZ9b8p7V+gTe4lveM92wP.4","action":"GetUpdates", "result":"DeleteReceived", "context":{"id":"c966fee6-98b7-4e02-b4d2-212461b68fd6", "isDeleted:":"true", "version":"1702545631667"}}
{"logTime": "0906/061122", "correlationVector":"6mZ9b8p7V+gTe4lveM92wP.5","action":"GetUpdates", "result":"DeleteReceived", "context":{"id":"ce14f353-3cd8-4636-a8bc-534fd1dfbbde", "isDeleted:":"true", "version":"1704438835093"}}
{"logTime": "0906/061122", "correlationVector":"6mZ9b8p7V+gTe4lveM92wP.6","action":"GetUpdates", "result":"DeleteReceived", "context":{"id":"d72b77ac-1cca-4526-b6af-a73e806e3382", "isDeleted:":"true", "version":"1719919337729"}}
{"logTime": "0906/061122", "correlationVector":"6mZ9b8p7V+gTe4lveM92wP.7","action":"GetUpdates", "result":"DeleteReceived", "context":{"id":"0be7fd40-3fda-41a4-8821-a69ce21bb4fa", "isDeleted:":"true", "version":"1723368497779"}}
{"logTime": "0906/061122", "correlationVector":"6mZ9b8p7V+gTe4lveM92wP.8","action":"GetUpdates", "result":"DeleteReceived", "context":{"id":"dccd4c39-29cf-493b-92f6-86639d30441f", "isDeleted:":"true", "version":"1724147040369"}}
{"logTime": "0906/061122", "correlationVector":"6mZ9b8p7V+gTe4lveM92wP.9","action":"GetUpdates", "result":"DeleteReceived", "context":{"id":"3b102e8f-1835-4cf8-bbb2-f5dd07b41e43", "isDeleted:":"true", "version":"1724147042030"}}
{"logTime": "0906/061122", "correlationVector":"6mZ9b8p7V+gTe4lveM92wP.10","action":"GetUpdates", "result":"DeleteReceived", "context":{"id":"cf5e308d-99f1-4772-89ed-59e395829486", "isDeleted:":"true", "version":"1724147280865"}}
{"logTime": "0906/061122", "correlationVector":"6mZ9b8p7V+gTe4lveM92wP.11","action":"GetUpdates", "result":"DeleteReceived", "context":{"id":"0b74e724-cade-4fbf-b573-86391d49b069", "isDeleted:":"true", "version":"1724147280866"}}
{"logTime": "0906/061122", "correlationVector":"6mZ9b8p7V+gTe4lveM92wP.12","action":"GetUpdates", "result":"DeleteReceived", "context":{"id":"454862b3-935c-42ca-b448-7797bdcf7abd", "isDeleted:":"true", "version":"1724147280867"}}
{"logTime": "0906/061122", "correlationVector":"6mZ9b8p7V+gTe4lveM92wP.13","action":"GetUpdates", "result":"DeleteReceived", "context":{"id":"c373b3ce-ea02-4d6c-981c-1f3484c08279", "isDeleted:":"true", "version":"1724147280868"}}
{"logTime": "0906/061122", "correlationVector":"6mZ9b8p7V+gTe4lveM92wP.14","action":"GetUpdates", "result":"DeleteReceived", "context":{"id":"3fdbb025-8891-4048-9422-303a38d98b92", "isDeleted:":"true", "version":"1724147282634"}}
{"logTime": "0906/061122", "correlationVector":"6mZ9b8p7V+gTe4lveM92wP.15","action":"GetUpdates", "result":"DeleteReceived", "context":{"id":"dcbe765c-18b2-48a8-969b-8f2a3b7b14dc", "isDeleted:":"true", "version":"1724147282635"}}
{"logTime": "0906/061122", "correlationVector":"6mZ9b8p7V+gTe4lveM92wP.16","action":"GetUpdates", "result":"DeleteReceived", "context":{"id":"92643c67-f745-4c71-8689-1a2660d4fe99", "isDeleted:":"true", "version":"1724147282636"}}
{"logTime": "0906/061122", "correlationVector":"6mZ9b8p7V+gTe4lveM92wP.17","action":"GetUpdates", "result":"DeleteReceived", "context":{"id":"15ec555b-e7a1-40fd-9674-7c4362d21818", "isDeleted:":"true", "version":"1724147282637"}}
{"logTime": "0906/061122", "correlationVector":"6mZ9b8p7V+gTe4lveM92wP.18","action":"GetUpdates", "result":"DeleteReceived", "context":{"id":"453ad5f1-e1c4-476a-8dc7-168a731432aa", "isDeleted:":"true", "version":"1724147282638"}}
{"logTime": "0906/061122", "correlationVector":"6mZ9b8p7V+gTe4lveM92wP.19","action":"GetUpdates", "result":"DeleteReceived", "context":{"id":"7a62ed39-2a56-4bf1-ac39-12952d52c742", "isDeleted:":"true", "version":"1724147282639"}}
{"logTime": "0906/061122", "correlationVector":"6mZ9b8p7V+gTe4lveM92wP.20","action":"GetUpdates", "result":"DeleteReceived", "context":{"id":"d2e53f82-740c-4c93-8d48-8a59ae3af0b4", "isDeleted:":"true", "version":"1724147282640"}}
{"logTime": "0906/061122", "correlationVector":"6mZ9b8p7V+gTe4lveM92wP.21","action":"GetUpdates", "result":"DeleteReceived", "context":{"id":"d8391f53-c50c-43d4-9d17-c6e9b9341f23", "isDeleted:":"true", "version":"1724147282641"}}
{"logTime": "0906/061122", "correlationVector":"6mZ9b8p7V+gTe4lveM92wP.22","action":"GetUpdates", "result":"DeleteReceived", "context":{"id":"66b860f6-33c5-480b-bd44-cb8d125b5d25", "isDeleted:":"true", "version":"1724147282642"}}
{"logTime": "0906/061122", "correlationVector":"6mZ9b8p7V+gTe4lveM92wP.23","action":"GetUpdates", "result":"DeleteReceived", "context":{"id":"a18e1015-a471-49d8-bcb1-732320d9aac9", "isDeleted:":"true", "version":"1724195174914"}}
{"logTime": "0906/061122", "correlationVector":"6mZ9b8p7V+gTe4lveM92wP.24","action":"GetUpdates Response", "result":"Success", "context":Received 195 update(s). cV=6mZ9b8p7V+gTe4lveM92wP.0;server=GENERAL0300002S;cloudType=Consumer;environment=Prod_SoutheastAsia_000j;migrationStage=NotStarted}
{"logTime": "0906/061122", "correlationVector":"dH+c/OTaOPwCFkZIGobIFw","action":"Normal GetUpdate request", "result":"", "context":cV=dH+c/OTaOPwCFkZIGobIFw
Nudged types: Preferences
Refresh requested types: Bookmarks, Preferences, Passwords, Autofill Profiles, Autofill, Extensions, Extension settings, Device Info, User Consents, Send Tab To Self, Web Apps, Collection, Edge E Drop, Edge Hub App Usage, Edge Wallet, Encryption Keys}
{"logTime": "0906/061122", "correlationVector":"dH+c/OTaOPwCFkZIGobIFw.1","action":"SyncServerConnectionManagerRequest", "result":"SYNC_SERVER_OK", "context":{"environment":"Prod_SoutheastAsia_000j", "migrationStage":"NotStarted", "server":"GENERAL03000029"}}
{"logTime": "0906/061122", "correlationVector":"dH+c/OTaOPwCFkZIGobIFw.2","action":"GetUpdates Response", "result":"Success", "context":Received 0 update(s). cV=dH+c/OTaOPwCFkZIGobIFw.0;server=GENERAL03000029;cloudType=Consumer;environment=Prod_SoutheastAsia_000j;migrationStage=NotStarted}
{"logTime": "0906/061122", "correlationVector":"rIilQI5kBVZIE5CLgvqXln","action":"Commit Request", "result":"", "context":Item count: 1
Contributing types: Preferences}
{"logTime": "0906/061123", "correlationVector":"rIilQI5kBVZIE5CLgvqXln.1","action":"SyncServerConnectionManagerRequest", "result":"SYNC_SERVER_OK", "context":{"environment":"Prod_SoutheastAsia_000j", "migrationStage":"NotStarted", "server":"GENERAL0100000E"}}
{"logTime": "0906/061123", "correlationVector":"rIilQI5kBVZIE5CLgvqXln.2","action":"Commit Response", "result":"Success", "context":Result: Success. cV=rIilQI5kBVZIE5CLgvqXln.0;server=GENERAL0100000E;cloudType=Consumer;environment=Prod_SoutheastAsia_000j;migrationStage=NotStarted}
{"logTime": "0906/061125", "correlationVector":"9+OziixqTijP6XoOgr2S+8","action":"Normal GetUpdate request", "result":"", "context":cV=9+OziixqTijP6XoOgr2S+8
Nudged types: Preferences}
{"logTime": "0906/061127", "correlationVector":"9+OziixqTijP6XoOgr2S+8.1","action":"SyncServerConnectionManagerRequest", "result":"SYNC_SERVER_OK", "context":{"environment":"Prod_SoutheastAsia_000j", "migrationStage":"NotStarted", "server":"GENERAL0100000E"}}
{"logTime": "0906/061127", "correlationVector":"9+OziixqTijP6XoOgr2S+8.2","action":"GetUpdates Response", "result":"Success", "context":Received 1 update(s). cV=9+OziixqTijP6XoOgr2S+8.0;server=GENERAL0100000E;cloudType=Consumer;environment=Prod_SoutheastAsia_000j;migrationStage=NotStarted}
{"logTime": "0906/061127", "correlationVector":"sDjfUffTH2lUTXzPXkIquO","action":"DoCompareDataConsistency requsted types: ", "result":"Bookmarks, Preferences, Passwords, Extensions, Extension settings, Send Tab To Self, Web Apps, Collection, Edge E Drop, Edge Wallet, Encryption Keys"}
{"logTime": "0906/061127", "correlationVector":"sDjfUffTH2lUTXzPXkIquO.0","action":"CompareDataConsistency result: ", "result":"Compare result: Encryption Keys is consistent. local entities count is: 1 local entities hash is: FBKJk2YbXlwBweXsSfTAk1IPCV8="}
{"logTime": "0906/061127", "correlationVector":"sDjfUffTH2lUTXzPXkIquO.1","action":"CompareDataConsistency result: ", "result":"Compare result: Bookmarks is consistent. local entities count is: 56 local entities hash is: O9elc/VSiCroEv6hwcwZRv78oXc="}
{"logTime": "0906/061127", "correlationVector":"sDjfUffTH2lUTXzPXkIquO.2","action":"CompareDataConsistency result: ", "result":"Compare result: Preferences is consistent. local entities count is: 112 local entities hash is: zv4fUORBNNm2UuLHrVNtU/aa0Fc="}
{"logTime": "0906/061127", "correlationVector":"sDjfUffTH2lUTXzPXkIquO.3","action":"CompareDataConsistency result: ", "result":"Compare result: Extensions is consistent. local entities count is: 3 local entities hash is: OjrGTDewQ5ojZATqlXgnEWi/s7k="}
{"logTime": "0906/061127", "correlationVector":"sDjfUffTH2lUTXzPXkIquO.4","action":"CompareDataConsistency result: ", "result":"Compare result: Extension settings is consistent. local entities count is: 9 local entities hash is: Xl+kzC+Ay9PtuU2NbmRNmUUu0/I="}
{"logTime": "0906/061127", "correlationVector":"sDjfUffTH2lUTXzPXkIquO.5","action":"CompareDataConsistency result: ", "result":"Server did not send this Send Tab To Self local entities count is: 0 local entities hash is: "}
{"logTime": "0906/061127", "correlationVector":"sDjfUffTH2lUTXzPXkIquO.6","action":"CompareDataConsistency result: ", "result":"Compare result: Web Apps is consistent. local entities count is: 0 local entities hash is: "}
{"logTime": "0906/061127", "correlationVector":"sDjfUffTH2lUTXzPXkIquO.7","action":"CompareDataConsistency result: ", "result":"Compare result: Collection is consistent. local entities count is: 0 local entities hash is: "}
{"logTime": "0906/061127", "correlationVector":"sDjfUffTH2lUTXzPXkIquO.8","action":"CompareDataConsistency result: ", "result":"Compare result: Edge E Drop is consistent. local entities count is: 0 local entities hash is: "}
{"logTime": "0906/061127", "correlationVector":"sDjfUffTH2lUTXzPXkIquO.9","action":"CompareDataConsistency result: ", "result":"Compare result: Edge Wallet is consistent. local entities count is: 0 local entities hash is: "}
{"logTime": "0906/061127", "correlationVector":"sDjfUffTH2lUTXzPXkIquO.10","action":"CompareDataConsistency result: ", "result":"Compare result: Passwords is consistent. local entities count is: 173 local entities hash is: TiMCrDYH3MWBasQ8ELgNjv9vbko="}
{"logTime": "0906/061127", "correlationVector":"","action":"DIAGNOSTIC_REQUEST|v1/diagnosticData/Diagnostic.SendCheckResult()|SUCCESS", "result":""}
{"logTime": "0906/061130", "correlationVector":"LT8hWeGpXxayI0fhEKa0H+","action":"Commit Request", "result":"", "context":Item count: 1
Contributing types: Preferences}
{"logTime": "0906/061131", "correlationVector":"LT8hWeGpXxayI0fhEKa0H+.1","action":"SyncServerConnectionManagerRequest", "result":"SYNC_SERVER_OK", "context":{"environment":"Prod_SoutheastAsia_000j", "migrationStage":"NotStarted", "server":"GENERAL0300001W"}}
{"logTime": "0906/061131", "correlationVector":"LT8hWeGpXxayI0fhEKa0H+.2","action":"Commit Response", "result":"Success", "context":Result: Success. cV=LT8hWeGpXxayI0fhEKa0H+.0;server=GENERAL0300001W;cloudType=Consumer;environment=Prod_SoutheastAsia_000j;migrationStage=NotStarted}
