2024-09-06T05:28:30.580Z P:27904 T:26356] SyncServiceImpl::Initialize,SyncState after authenticated was: NotSignedIn
2024-09-06T05:28:30.735Z P:27904 T:26356] SyncServiceImpl::TryStartImpl,Try to start sync engine
2024-09-06T05:28:30.735Z P:27904 T:18244] SyncManagerImpl::ConfigureSyncer,Types to download: Encryption Keys
2024-09-06T05:28:30.838Z P:27904 T:26356] SyncAuthManager::SetLastAuthError,Current auth error: None
2024-09-06T05:28:30.838Z P:27904 T:26356] SyncAuthManager::EdgeLogTokenErrorState,Token error with: None for account type: MSA
2024-09-06T05:28:30.838Z P:27904 T:26356] SyncServiceImpl::CredentialsChanged,Credentials changed for: EdgeSyncScopeNew
2024-09-06T05:28:32.761Z P:27904 T:26356] SyncAuthManager::SetLastAuthError,Current auth error: None
2024-09-06T05:28:32.761Z P:27904 T:26356] SyncAuthManager::EdgeLogTokenErrorState,Token error with: None for account type: MSA
2024-09-06T05:28:32.761Z P:27904 T:26356] SyncServiceImpl::CredentialsChangedForKeyData,Credentials changed for: EdgeSyncKeyDataScope
2024-09-06T05:28:33.289Z P:27904 T:26356] SyncServiceImpl::OnEngineInitialized,Initialize engine with: Success
2024-09-06T05:28:33.289Z P:27904 T:26356] ModelLoadManager::Configure,Desired types without errors: Bookmarks, Preferences, Extensions, Extension settings, Device Info, User Consents, Send Tab To Self, Web Apps, Collection, Edge E Drop, Edge Hub App Usage, Edge Wallet, Encryption Keys and types with errors: Passwords, Autofill Profiles, Autofill
2024-09-06T05:28:33.289Z P:27904 T:26356] ModelLoadManager::ModelLoadCallback,Load Bookmarks: success
2024-09-06T05:28:33.289Z P:27904 T:26356] ModelLoadManager::LoadDesiredTypes,Loading type: Bookmarks
2024-09-06T05:28:33.289Z P:27904 T:26356] ModelLoadManager::LoadDesiredTypes,Loading type: Preferences
2024-09-06T05:28:33.289Z P:27904 T:26356] ModelLoadManager::LoadDesiredTypes,Loading type: Extensions
2024-09-06T05:28:33.289Z P:27904 T:26356] ModelLoadManager::LoadDesiredTypes,Loading type: Extension settings
2024-09-06T05:28:33.289Z P:27904 T:26356] ModelLoadManager::LoadDesiredTypes,Loading type: Device Info
2024-09-06T05:28:33.289Z P:27904 T:26356] ModelLoadManager::LoadDesiredTypes,Loading type: User Consents
2024-09-06T05:28:33.289Z P:27904 T:26356] ModelLoadManager::LoadDesiredTypes,Loading type: Send Tab To Self
2024-09-06T05:28:33.289Z P:27904 T:26356] ModelLoadManager::LoadDesiredTypes,Loading type: Web Apps
2024-09-06T05:28:33.289Z P:27904 T:26356] ModelLoadManager::LoadDesiredTypes,Loading type: Collection
2024-09-06T05:28:33.289Z P:27904 T:26356] ModelLoadManager::LoadDesiredTypes,Loading type: Edge E Drop
2024-09-06T05:28:33.289Z P:27904 T:26356] ModelLoadManager::LoadDesiredTypes,Loading type: Edge Hub App Usage
2024-09-06T05:28:33.289Z P:27904 T:26356] ModelLoadManager::LoadDesiredTypes,Loading type: Edge Wallet
2024-09-06T05:28:33.290Z P:27904 T:26356] ModelLoadManager::ModelLoadCallback,Load Preferences: success
2024-09-06T05:28:33.290Z P:27904 T:26356] ModelLoadManager::ModelLoadCallback,Load Extensions: success
2024-09-06T05:28:33.290Z P:27904 T:26356] ModelLoadManager::ModelLoadCallback,Load Extension settings: success
2024-09-06T05:28:33.290Z P:27904 T:26356] ModelLoadManager::ModelLoadCallback,Load Device Info: success
2024-09-06T05:28:33.290Z P:27904 T:26356] ModelLoadManager::ModelLoadCallback,Load User Consents: success
2024-09-06T05:28:33.290Z P:27904 T:26356] ModelLoadManager::ModelLoadCallback,Load Send Tab To Self: success
2024-09-06T05:28:33.290Z P:27904 T:26356] ModelLoadManager::ModelLoadCallback,Load Web Apps: success
2024-09-06T05:28:33.290Z P:27904 T:26356] ModelLoadManager::ModelLoadCallback,Load Collection: success
2024-09-06T05:28:33.290Z P:27904 T:26356] ModelLoadManager::ModelLoadCallback,Load Edge Hub App Usage: success
2024-09-06T05:28:33.290Z P:27904 T:26356] ModelLoadManager::ModelLoadCallback,Load Edge E Drop: success
2024-09-06T05:28:33.290Z P:27904 T:26356] ModelLoadManager::ModelLoadCallback,Load Edge Wallet: success
2024-09-06T05:28:33.290Z P:27904 T:26356] DataTypeManagerImpl::OnAllDataTypesReadyForConfigure,Start to configure data types
2024-09-06T05:28:33.290Z P:27904 T:26356] DataTypeManagerImpl::StartNextConfiguration,Remain to be configured size: 4 and next configuring types are: Encryption Keys
2024-09-06T05:28:33.290Z P:27904 T:26356] DataTypeManagerImpl::PrepareConfigureParams,Prepare to be configured types: 
2024-09-06T05:28:33.976Z P:27904 T:13756] SyncManagerImpl::ConfigureSyncer,Types to download: 
2024-09-06T05:28:33.977Z P:27904 T:26356] DataTypeManagerImpl::ConfigurationCompleted,Need reconfigure with failed types: 
2024-09-06T05:28:33.977Z P:27904 T:26356] ModelLoadManager::Configure,Desired types without errors: Bookmarks, Preferences, Passwords, Autofill Profiles, Autofill, Extensions, Extension settings, Device Info, User Consents, Send Tab To Self, Web Apps, Collection, Edge E Drop, Edge Hub App Usage, Edge Wallet, Encryption Keys and types with errors: 
2024-09-06T05:28:33.977Z P:27904 T:26356] ModelLoadManager::LoadDesiredTypes,Loading type: Passwords
2024-09-06T05:28:33.977Z P:27904 T:26356] ModelLoadManager::LoadDesiredTypes,Loading type: Autofill Profiles
2024-09-06T05:28:33.978Z P:27904 T:26356] ModelLoadManager::LoadDesiredTypes,Loading type: Autofill
2024-09-06T05:28:33.978Z P:27904 T:26356] ModelLoadManager::ModelLoadCallback,Load Passwords: success
2024-09-06T05:28:33.978Z P:27904 T:26356] ModelLoadManager::ModelLoadCallback,Load Autofill Profiles: success
2024-09-06T05:28:33.978Z P:27904 T:26356] ModelLoadManager::ModelLoadCallback,Load Autofill: success
2024-09-06T05:28:33.978Z P:27904 T:26356] DataTypeManagerImpl::OnAllDataTypesReadyForConfigure,Start to configure data types
2024-09-06T05:28:33.978Z P:27904 T:26356] DataTypeManagerImpl::StartNextConfiguration,Remain to be configured size: 4 and next configuring types are: Encryption Keys
2024-09-06T05:28:33.978Z P:27904 T:26356] DataTypeManagerImpl::PrepareConfigureParams,Prepare to be configured types: 
2024-09-06T05:28:33.978Z P:27904 T:13756] SyncManagerImpl::ConfigureSyncer,Types to download: 
2024-09-06T05:28:33.978Z P:27904 T:26356] DataTypeManagerImpl::ConfigurationCompleted,Remain to be configured size: 3
2024-09-06T05:28:33.978Z P:27904 T:26356] DataTypeManagerImpl::StartNextConfiguration,Remain to be configured size: 3 and next configuring types are: Preferences, Passwords, Device Info, Send Tab To Self, Edge E Drop
2024-09-06T05:28:33.978Z P:27904 T:26356] DataTypeManagerImpl::PrepareConfigureParams,Prepare to be configured types: Preferences, Passwords, Device Info, Send Tab To Self, Edge E Drop, Encryption Keys
2024-09-06T05:28:33.978Z P:27904 T:13756] SyncManagerImpl::ConfigureSyncer,Types to download: Preferences, Passwords, Device Info, Send Tab To Self, Edge E Drop, Encryption Keys
2024-09-06T05:28:35.541Z P:27904 T:26356] DataTypeManagerImpl::ConfigurationCompleted,Remain to be configured size: 2
2024-09-06T05:28:35.541Z P:27904 T:26356] DataTypeManagerImpl::StartNextConfiguration,Remain to be configured size: 2 and next configuring types are: Bookmarks
2024-09-06T05:28:35.541Z P:27904 T:26356] DataTypeManagerImpl::PrepareConfigureParams,Prepare to be configured types: Bookmarks, Encryption Keys
2024-09-06T05:28:35.541Z P:27904 T:13756] SyncManagerImpl::ConfigureSyncer,Types to download: Bookmarks, Encryption Keys
2024-09-06T05:28:35.914Z P:27904 T:26356] DataTypeManagerImpl::ConfigurationCompleted,Remain to be configured size: 1
2024-09-06T05:28:35.914Z P:27904 T:26356] DataTypeManagerImpl::StartNextConfiguration,Remain to be configured size: 1 and next configuring types are: Autofill Profiles, Autofill, Extensions, Extension settings, User Consents, Web Apps, Collection, Edge Hub App Usage, Edge Wallet
2024-09-06T05:28:35.914Z P:27904 T:26356] DataTypeManagerImpl::PrepareConfigureParams,Prepare to be configured types: Autofill Profiles, Autofill, Extensions, Extension settings, Web Apps, Collection, Edge Hub App Usage, Edge Wallet, Encryption Keys
2024-09-06T05:28:35.914Z P:27904 T:13756] SyncManagerImpl::ConfigureSyncer,Types to download: Autofill Profiles, Autofill, Extensions, Extension settings, Web Apps, Collection, Edge Hub App Usage, Edge Wallet, Encryption Keys
2024-09-06T05:28:42.846Z P:27904 T:26356] DataTypeManagerImpl::ConfigurationCompleted,Remain to be configured size: 0
2024-09-06T05:28:42.846Z P:27904 T:26356] SyncServiceImpl::OnConfigureDone,Configure DataTypeManager with: Ok
2024-09-06T05:28:44.256Z P:27904 T:13756] Commit::PostAndProcessResponse,Process Preferences: Success
2024-09-06T05:28:44.256Z P:27904 T:13756] Commit::PostAndProcessResponse,Process Device Info: Success
2024-09-06T05:28:44.256Z P:27904 T:13756] Commit::PostAndProcessResponse,Process User Consents: Success
2024-09-06T05:29:05.833Z P:27904 T:26356] SyncServiceImpl::ResetEngine,Reset engine with reason: 0
2024-09-06T06:10:39.452Z P:25324 T:29068] SyncServiceImpl::Initialize,SyncState after authenticated was: FeatureCanStart
2024-09-06T06:10:40.414Z P:25324 T:29068] SyncAuthManager::SetLastAuthError,Current auth error: None
2024-09-06T06:10:40.414Z P:25324 T:29068] SyncAuthManager::EdgeLogTokenErrorState,Token error with: None for account type: MSA
2024-09-06T06:10:40.414Z P:25324 T:29068] SyncServiceImpl::CredentialsChangedForKeyData,Credentials changed for: EdgeSyncKeyDataScope
2024-09-06T06:10:49.505Z P:25324 T:29068] SyncServiceImpl::TryStartImpl,Try to start sync engine
2024-09-06T06:10:49.506Z P:25324 T:10844] SyncManagerImpl::ConfigureSyncer,Types to download: Encryption Keys
2024-09-06T06:10:49.520Z P:25324 T:29068] SyncAuthManager::SetLastAuthError,Current auth error: None
2024-09-06T06:10:49.520Z P:25324 T:29068] SyncAuthManager::EdgeLogTokenErrorState,Token error with: None for account type: MSA
2024-09-06T06:10:49.520Z P:25324 T:29068] SyncServiceImpl::CredentialsChanged,Credentials changed for: EdgeSyncScopeNew
2024-09-06T06:10:49.869Z P:25324 T:29068] SyncServiceImpl::OnEngineInitialized,Initialize engine with: Success
2024-09-06T06:10:49.874Z P:25324 T:29068] ModelLoadManager::Configure,Desired types without errors: Bookmarks, Preferences, Extensions, Extension settings, Device Info, User Consents, Send Tab To Self, Web Apps, Collection, Edge E Drop, Edge Hub App Usage, Edge Wallet, Encryption Keys and types with errors: Passwords, Autofill Profiles, Autofill
2024-09-06T06:10:49.874Z P:25324 T:29068] ModelLoadManager::ModelLoadCallback,Load Bookmarks: success
2024-09-06T06:10:49.874Z P:25324 T:29068] ModelLoadManager::LoadDesiredTypes,Loading type: Bookmarks
2024-09-06T06:10:49.874Z P:25324 T:29068] ModelLoadManager::LoadDesiredTypes,Loading type: Preferences
2024-09-06T06:10:49.874Z P:25324 T:29068] ModelLoadManager::LoadDesiredTypes,Loading type: Extensions
2024-09-06T06:10:49.874Z P:25324 T:29068] ModelLoadManager::LoadDesiredTypes,Loading type: Extension settings
2024-09-06T06:10:49.874Z P:25324 T:29068] ModelLoadManager::LoadDesiredTypes,Loading type: Device Info
2024-09-06T06:10:49.874Z P:25324 T:29068] ModelLoadManager::LoadDesiredTypes,Loading type: User Consents
2024-09-06T06:10:49.874Z P:25324 T:29068] ModelLoadManager::LoadDesiredTypes,Loading type: Send Tab To Self
2024-09-06T06:10:49.874Z P:25324 T:29068] ModelLoadManager::LoadDesiredTypes,Loading type: Web Apps
2024-09-06T06:10:49.874Z P:25324 T:29068] ModelLoadManager::LoadDesiredTypes,Loading type: Collection
2024-09-06T06:10:49.874Z P:25324 T:29068] ModelLoadManager::LoadDesiredTypes,Loading type: Edge E Drop
2024-09-06T06:10:49.874Z P:25324 T:29068] ModelLoadManager::LoadDesiredTypes,Loading type: Edge Hub App Usage
2024-09-06T06:10:49.874Z P:25324 T:29068] ModelLoadManager::LoadDesiredTypes,Loading type: Edge Wallet
2024-09-06T06:10:49.880Z P:25324 T:29068] ModelLoadManager::ModelLoadCallback,Load Preferences: success
2024-09-06T06:10:49.880Z P:25324 T:29068] ModelLoadManager::ModelLoadCallback,Load Extensions: success
2024-09-06T06:10:49.880Z P:25324 T:29068] ModelLoadManager::ModelLoadCallback,Load Device Info: success
2024-09-06T06:10:49.880Z P:25324 T:29068] ModelLoadManager::ModelLoadCallback,Load User Consents: success
2024-09-06T06:10:49.880Z P:25324 T:29068] ModelLoadManager::ModelLoadCallback,Load Send Tab To Self: success
2024-09-06T06:10:49.880Z P:25324 T:29068] ModelLoadManager::ModelLoadCallback,Load Web Apps: success
2024-09-06T06:10:49.880Z P:25324 T:29068] ModelLoadManager::ModelLoadCallback,Load Extension settings: success
2024-09-06T06:10:49.880Z P:25324 T:29068] ModelLoadManager::ModelLoadCallback,Load Collection: success
2024-09-06T06:10:49.880Z P:25324 T:29068] ModelLoadManager::ModelLoadCallback,Load Edge Hub App Usage: success
2024-09-06T06:10:49.880Z P:25324 T:29068] ModelLoadManager::ModelLoadCallback,Load Edge E Drop: success
2024-09-06T06:10:49.880Z P:25324 T:29068] ModelLoadManager::ModelLoadCallback,Load Edge Wallet: success
2024-09-06T06:10:49.880Z P:25324 T:29068] DataTypeManagerImpl::OnAllDataTypesReadyForConfigure,Start to configure data types
2024-09-06T06:10:49.880Z P:25324 T:29068] DataTypeManagerImpl::StartNextConfiguration,Remain to be configured size: 4 and next configuring types are: Encryption Keys
2024-09-06T06:10:49.880Z P:25324 T:29068] DataTypeManagerImpl::PrepareConfigureParams,Prepare to be configured types: 
2024-09-06T06:10:50.607Z P:25324 T:20288] SyncManagerImpl::ConfigureSyncer,Types to download: 
2024-09-06T06:10:50.616Z P:25324 T:29068] DataTypeManagerImpl::ConfigurationCompleted,Need reconfigure with failed types: 
2024-09-06T06:10:50.616Z P:25324 T:29068] ModelLoadManager::Configure,Desired types without errors: Bookmarks, Preferences, Passwords, Autofill Profiles, Autofill, Extensions, Extension settings, Device Info, User Consents, Send Tab To Self, Web Apps, Collection, Edge E Drop, Edge Hub App Usage, Edge Wallet, Encryption Keys and types with errors: 
2024-09-06T06:10:50.616Z P:25324 T:29068] ModelLoadManager::LoadDesiredTypes,Loading type: Passwords
2024-09-06T06:10:50.616Z P:25324 T:29068] ModelLoadManager::LoadDesiredTypes,Loading type: Autofill Profiles
2024-09-06T06:10:50.616Z P:25324 T:29068] ModelLoadManager::LoadDesiredTypes,Loading type: Autofill
2024-09-06T06:10:50.616Z P:25324 T:29068] ModelLoadManager::ModelLoadCallback,Load Passwords: success
2024-09-06T06:10:50.616Z P:25324 T:29068] ModelLoadManager::ModelLoadCallback,Load Autofill Profiles: success
2024-09-06T06:10:50.616Z P:25324 T:29068] ModelLoadManager::ModelLoadCallback,Load Autofill: success
2024-09-06T06:10:50.616Z P:25324 T:29068] DataTypeManagerImpl::OnAllDataTypesReadyForConfigure,Start to configure data types
2024-09-06T06:10:50.616Z P:25324 T:29068] DataTypeManagerImpl::StartNextConfiguration,Remain to be configured size: 4 and next configuring types are: Encryption Keys
2024-09-06T06:10:50.616Z P:25324 T:29068] DataTypeManagerImpl::PrepareConfigureParams,Prepare to be configured types: 
2024-09-06T06:10:50.616Z P:25324 T:20288] SyncManagerImpl::ConfigureSyncer,Types to download: 
2024-09-06T06:10:50.617Z P:25324 T:29068] DataTypeManagerImpl::ConfigurationCompleted,Remain to be configured size: 3
2024-09-06T06:10:50.617Z P:25324 T:29068] DataTypeManagerImpl::StartNextConfiguration,Remain to be configured size: 3 and next configuring types are: Preferences, Passwords, Device Info, Send Tab To Self, Edge E Drop
2024-09-06T06:10:50.617Z P:25324 T:29068] DataTypeManagerImpl::PrepareConfigureParams,Prepare to be configured types: Passwords, Encryption Keys
2024-09-06T06:10:50.617Z P:25324 T:20288] SyncManagerImpl::ConfigureSyncer,Types to download: Passwords, Encryption Keys
2024-09-06T06:10:51.634Z P:25324 T:29068] DataTypeManagerImpl::ConfigurationCompleted,Remain to be configured size: 2
2024-09-06T06:10:51.634Z P:25324 T:29068] DataTypeManagerImpl::StartNextConfiguration,Remain to be configured size: 2 and next configuring types are: Bookmarks
2024-09-06T06:10:51.634Z P:25324 T:29068] DataTypeManagerImpl::PrepareConfigureParams,Prepare to be configured types: 
2024-09-06T06:10:51.634Z P:25324 T:20288] SyncManagerImpl::ConfigureSyncer,Types to download: 
2024-09-06T06:10:51.636Z P:25324 T:29068] DataTypeManagerImpl::ConfigurationCompleted,Remain to be configured size: 1
2024-09-06T06:10:51.642Z P:25324 T:29068] DataTypeManagerImpl::StartNextConfiguration,Remain to be configured size: 1 and next configuring types are: Autofill Profiles, Autofill, Extensions, Extension settings, User Consents, Web Apps, Collection, Edge Hub App Usage, Edge Wallet
2024-09-06T06:10:51.642Z P:25324 T:29068] DataTypeManagerImpl::PrepareConfigureParams,Prepare to be configured types: 
2024-09-06T06:10:51.642Z P:25324 T:20288] SyncManagerImpl::ConfigureSyncer,Types to download: 
2024-09-06T06:10:51.642Z P:25324 T:29068] DataTypeManagerImpl::ConfigurationCompleted,Remain to be configured size: 0
2024-09-06T06:10:51.648Z P:25324 T:29068] SyncServiceImpl::OnConfigureDone,Configure DataTypeManager with: Ok
2024-09-06T06:10:59.305Z P:25324 T:29068] SyncServiceImpl::ResetEngine,Reset engine with reason: 0
2024-09-06T06:10:59.305Z P:25324 T:20288] SyncSchedulerImpl::OnSyncNetworkError,Syncer error: Network error (ERR_ABORTED)
2024-09-06T06:10:59.305Z P:25324 T:20288] SyncSchedulerImpl::DoNudgeSyncCycleJob,Syncer error: Success
2024-09-06T06:11:10.559Z P:22468 T:35344] SyncServiceImpl::Initialize,SyncState after authenticated was: FeatureCanStart
2024-09-06T06:11:11.486Z P:22468 T:35344] SyncAuthManager::SetLastAuthError,Current auth error: None
2024-09-06T06:11:11.486Z P:22468 T:35344] SyncAuthManager::EdgeLogTokenErrorState,Token error with: None for account type: MSA
2024-09-06T06:11:11.486Z P:22468 T:35344] SyncServiceImpl::CredentialsChangedForKeyData,Credentials changed for: EdgeSyncKeyDataScope
2024-09-06T06:11:20.608Z P:22468 T:35344] SyncServiceImpl::TryStartImpl,Try to start sync engine
2024-09-06T06:11:20.608Z P:22468 T:2604] SyncManagerImpl::ConfigureSyncer,Types to download: Encryption Keys
2024-09-06T06:11:20.620Z P:22468 T:35344] SyncAuthManager::SetLastAuthError,Current auth error: None
2024-09-06T06:11:20.620Z P:22468 T:35344] SyncAuthManager::EdgeLogTokenErrorState,Token error with: None for account type: MSA
2024-09-06T06:11:20.620Z P:22468 T:35344] SyncServiceImpl::CredentialsChanged,Credentials changed for: EdgeSyncScopeNew
2024-09-06T06:11:20.965Z P:22468 T:35344] SyncServiceImpl::OnEngineInitialized,Initialize engine with: Success
2024-09-06T06:11:20.970Z P:22468 T:35344] ModelLoadManager::Configure,Desired types without errors: Bookmarks, Preferences, Extensions, Extension settings, Device Info, User Consents, Send Tab To Self, Web Apps, Collection, Edge E Drop, Edge Hub App Usage, Edge Wallet, Encryption Keys and types with errors: Passwords, Autofill Profiles, Autofill
2024-09-06T06:11:20.970Z P:22468 T:35344] ModelLoadManager::ModelLoadCallback,Load Bookmarks: success
2024-09-06T06:11:20.970Z P:22468 T:35344] ModelLoadManager::LoadDesiredTypes,Loading type: Bookmarks
2024-09-06T06:11:20.970Z P:22468 T:35344] ModelLoadManager::LoadDesiredTypes,Loading type: Preferences
2024-09-06T06:11:20.970Z P:22468 T:35344] ModelLoadManager::LoadDesiredTypes,Loading type: Extensions
2024-09-06T06:11:20.970Z P:22468 T:35344] ModelLoadManager::LoadDesiredTypes,Loading type: Extension settings
2024-09-06T06:11:20.970Z P:22468 T:35344] ModelLoadManager::LoadDesiredTypes,Loading type: Device Info
2024-09-06T06:11:20.970Z P:22468 T:35344] ModelLoadManager::LoadDesiredTypes,Loading type: User Consents
2024-09-06T06:11:20.970Z P:22468 T:35344] ModelLoadManager::LoadDesiredTypes,Loading type: Send Tab To Self
2024-09-06T06:11:20.970Z P:22468 T:35344] ModelLoadManager::LoadDesiredTypes,Loading type: Web Apps
2024-09-06T06:11:20.970Z P:22468 T:35344] ModelLoadManager::LoadDesiredTypes,Loading type: Collection
2024-09-06T06:11:20.970Z P:22468 T:35344] ModelLoadManager::LoadDesiredTypes,Loading type: Edge E Drop
2024-09-06T06:11:20.970Z P:22468 T:35344] ModelLoadManager::LoadDesiredTypes,Loading type: Edge Hub App Usage
2024-09-06T06:11:20.970Z P:22468 T:35344] ModelLoadManager::LoadDesiredTypes,Loading type: Edge Wallet
2024-09-06T06:11:20.976Z P:22468 T:35344] ModelLoadManager::ModelLoadCallback,Load Preferences: success
2024-09-06T06:11:20.976Z P:22468 T:35344] ModelLoadManager::ModelLoadCallback,Load Extensions: success
2024-09-06T06:11:20.976Z P:22468 T:35344] ModelLoadManager::ModelLoadCallback,Load Device Info: success
2024-09-06T06:11:20.976Z P:22468 T:35344] ModelLoadManager::ModelLoadCallback,Load User Consents: success
2024-09-06T06:11:20.976Z P:22468 T:35344] ModelLoadManager::ModelLoadCallback,Load Extension settings: success
2024-09-06T06:11:20.976Z P:22468 T:35344] ModelLoadManager::ModelLoadCallback,Load Send Tab To Self: success
2024-09-06T06:11:20.976Z P:22468 T:35344] ModelLoadManager::ModelLoadCallback,Load Web Apps: success
2024-09-06T06:11:20.976Z P:22468 T:35344] ModelLoadManager::ModelLoadCallback,Load Collection: success
2024-09-06T06:11:20.976Z P:22468 T:35344] ModelLoadManager::ModelLoadCallback,Load Edge Hub App Usage: success
2024-09-06T06:11:20.976Z P:22468 T:35344] ModelLoadManager::ModelLoadCallback,Load Edge E Drop: success
2024-09-06T06:11:20.976Z P:22468 T:35344] ModelLoadManager::ModelLoadCallback,Load Edge Wallet: success
2024-09-06T06:11:20.976Z P:22468 T:35344] DataTypeManagerImpl::OnAllDataTypesReadyForConfigure,Start to configure data types
2024-09-06T06:11:20.976Z P:22468 T:35344] DataTypeManagerImpl::StartNextConfiguration,Remain to be configured size: 4 and next configuring types are: Encryption Keys
2024-09-06T06:11:20.976Z P:22468 T:35344] DataTypeManagerImpl::PrepareConfigureParams,Prepare to be configured types: 
2024-09-06T06:11:21.590Z P:22468 T:29348] SyncManagerImpl::ConfigureSyncer,Types to download: 
2024-09-06T06:11:21.598Z P:22468 T:35344] DataTypeManagerImpl::ConfigurationCompleted,Need reconfigure with failed types: 
2024-09-06T06:11:21.598Z P:22468 T:35344] ModelLoadManager::Configure,Desired types without errors: Bookmarks, Preferences, Passwords, Autofill Profiles, Autofill, Extensions, Extension settings, Device Info, User Consents, Send Tab To Self, Web Apps, Collection, Edge E Drop, Edge Hub App Usage, Edge Wallet, Encryption Keys and types with errors: 
2024-09-06T06:11:21.598Z P:22468 T:35344] ModelLoadManager::LoadDesiredTypes,Loading type: Passwords
2024-09-06T06:11:21.598Z P:22468 T:35344] ModelLoadManager::LoadDesiredTypes,Loading type: Autofill Profiles
2024-09-06T06:11:21.598Z P:22468 T:35344] ModelLoadManager::LoadDesiredTypes,Loading type: Autofill
2024-09-06T06:11:21.599Z P:22468 T:35344] ModelLoadManager::ModelLoadCallback,Load Passwords: success
2024-09-06T06:11:21.599Z P:22468 T:35344] ModelLoadManager::ModelLoadCallback,Load Autofill Profiles: success
2024-09-06T06:11:21.599Z P:22468 T:35344] ModelLoadManager::ModelLoadCallback,Load Autofill: success
2024-09-06T06:11:21.599Z P:22468 T:35344] DataTypeManagerImpl::OnAllDataTypesReadyForConfigure,Start to configure data types
2024-09-06T06:11:21.599Z P:22468 T:35344] DataTypeManagerImpl::StartNextConfiguration,Remain to be configured size: 4 and next configuring types are: Encryption Keys
2024-09-06T06:11:21.599Z P:22468 T:35344] DataTypeManagerImpl::PrepareConfigureParams,Prepare to be configured types: 
2024-09-06T06:11:21.599Z P:22468 T:29348] SyncManagerImpl::ConfigureSyncer,Types to download: 
2024-09-06T06:11:21.599Z P:22468 T:35344] DataTypeManagerImpl::ConfigurationCompleted,Remain to be configured size: 3
2024-09-06T06:11:21.599Z P:22468 T:35344] DataTypeManagerImpl::StartNextConfiguration,Remain to be configured size: 3 and next configuring types are: Preferences, Passwords, Device Info, Send Tab To Self, Edge E Drop
2024-09-06T06:11:21.599Z P:22468 T:35344] DataTypeManagerImpl::PrepareConfigureParams,Prepare to be configured types: Passwords, Encryption Keys
2024-09-06T06:11:21.599Z P:22468 T:2604] SyncManagerImpl::ConfigureSyncer,Types to download: Passwords, Encryption Keys
2024-09-06T06:11:22.289Z P:22468 T:35344] DataTypeManagerImpl::ConfigurationCompleted,Remain to be configured size: 2
2024-09-06T06:11:22.289Z P:22468 T:35344] DataTypeManagerImpl::StartNextConfiguration,Remain to be configured size: 2 and next configuring types are: Bookmarks
2024-09-06T06:11:22.289Z P:22468 T:35344] DataTypeManagerImpl::PrepareConfigureParams,Prepare to be configured types: 
2024-09-06T06:11:22.289Z P:22468 T:2604] SyncManagerImpl::ConfigureSyncer,Types to download: 
2024-09-06T06:11:22.289Z P:22468 T:35344] DataTypeManagerImpl::ConfigurationCompleted,Remain to be configured size: 1
2024-09-06T06:11:22.295Z P:22468 T:35344] DataTypeManagerImpl::StartNextConfiguration,Remain to be configured size: 1 and next configuring types are: Autofill Profiles, Autofill, Extensions, Extension settings, User Consents, Web Apps, Collection, Edge Hub App Usage, Edge Wallet
2024-09-06T06:11:22.295Z P:22468 T:35344] DataTypeManagerImpl::PrepareConfigureParams,Prepare to be configured types: 
2024-09-06T06:11:22.295Z P:22468 T:2604] SyncManagerImpl::ConfigureSyncer,Types to download: 
2024-09-06T06:11:22.296Z P:22468 T:35344] DataTypeManagerImpl::ConfigurationCompleted,Remain to be configured size: 0
2024-09-06T06:11:22.301Z P:22468 T:35344] SyncServiceImpl::OnConfigureDone,Configure DataTypeManager with: Ok
2024-09-06T06:11:23.543Z P:22468 T:2604] Commit::PostAndProcessResponse,Process Preferences: Success
2024-09-06T06:11:31.280Z P:22468 T:29348] Commit::PostAndProcessResponse,Process Preferences: Success
2024-09-06T06:13:21.844Z P:22468 T:35344] SyncServiceImpl::ResetEngine,Reset engine with reason: 0
