{"logTime": "0906/040213", "correlationVector":"JBX253jgzaG2ztuVDIkx/y.1","action":"SyncServerConnectionManagerRequest", "result":"SYNC_SERVER_OK", "context":{"environment":"Prod_SoutheastAsia_000j", "migrationStage":"NotStarted", "server":"GENERAL0300000Z"}}
{"logTime": "0906/040214", "correlationVector":"7eMf+EQaC/xzSyCExdwsYm","action":"SyncServerConnectionManagerRequest", "result":"SYNC_SERVER_OK", "context":{"environment":"", "migrationStage":"", "server":""}}
{"logTime": "0906/040214", "correlationVector":"JBX253jgzaG2ztuVDIkx/y","action":"Initial GetUpdates", "result":"", "context":Reason: NEW_CLIENT. cV=JBX253jgzaG2ztuVDIkx/y}
{"logTime": "0906/040214", "correlationVector":"JBX253jgzaG2ztuVDIkx/y.2","action":"GetUpdates Response", "result":"Success", "context":Received 1 update(s). cV=JBX253jgzaG2ztuVDIkx/y.0;server=GENERAL0300000Z;cloudType=Consumer;environment=Prod_SoutheastAsia_000j;migrationStage=NotStarted}
{"logTime": "0906/040214", "correlationVector":"zVernWyo1Cq/0VmB1JIv0f","action":"Initial GetUpdates", "result":"", "context":Reason: NEWLY_SUPPORTED_DATATYPE. cV=zVernWyo1Cq/0VmB1JIv0f}
{"logTime": "0906/040215", "correlationVector":"zVernWyo1Cq/0VmB1JIv0f.1","action":"SyncServerConnectionManagerRequest", "result":"SYNC_SERVER_OK", "context":{"environment":"Prod_SoutheastAsia_000j", "migrationStage":"NotStarted", "server":"GENERAL0100000Q"}}
{"logTime": "0906/040215", "correlationVector":"zVernWyo1Cq/0VmB1JIv0f.2","action":"GetUpdates", "result":"DeleteReceived", "context":{"id":"2b9f9fb4-80a2-4250-97b7-c955238a4b1a", "isDeleted:":"true", "version":"1718608329099"}}
{"logTime": "0906/040215", "correlationVector":"zVernWyo1Cq/0VmB1JIv0f.3","action":"GetUpdates", "result":"DeleteReceived", "context":{"id":"c6941bbc-e47c-45ac-aedc-096754558e8a", "isDeleted:":"true", "version":"1694928210621"}}
{"logTime": "0906/040215", "correlationVector":"zVernWyo1Cq/0VmB1JIv0f.4","action":"GetUpdates", "result":"DeleteReceived", "context":{"id":"2bbcf9e6-b7cf-4c79-923d-6fe7f60ac9e6", "isDeleted:":"true", "version":"1698654932885"}}
{"logTime": "0906/040215", "correlationVector":"zVernWyo1Cq/0VmB1JIv0f.5","action":"GetUpdates", "result":"DeleteReceived", "context":{"id":"c966fee6-98b7-4e02-b4d2-212461b68fd6", "isDeleted:":"true", "version":"1702545631667"}}
{"logTime": "0906/040215", "correlationVector":"zVernWyo1Cq/0VmB1JIv0f.6","action":"GetUpdates", "result":"DeleteReceived", "context":{"id":"ce14f353-3cd8-4636-a8bc-534fd1dfbbde", "isDeleted:":"true", "version":"1704438835093"}}
{"logTime": "0906/040215", "correlationVector":"zVernWyo1Cq/0VmB1JIv0f.7","action":"GetUpdates", "result":"DeleteReceived", "context":{"id":"d72b77ac-1cca-4526-b6af-a73e806e3382", "isDeleted:":"true", "version":"1719919337729"}}
{"logTime": "0906/040215", "correlationVector":"zVernWyo1Cq/0VmB1JIv0f.8","action":"GetUpdates Response", "result":"Success", "context":Received 250 update(s). cV=zVernWyo1Cq/0VmB1JIv0f.0;server=GENERAL0100000Q;cloudType=Consumer;environment=Prod_SoutheastAsia_000j;migrationStage=NotStarted Some updates remain.}
{"logTime": "0906/040215", "correlationVector":"GDp3g+cy3uw/bJm8Y88Qzd","action":"Initial GetUpdates", "result":"", "context":Reason: NEWLY_SUPPORTED_DATATYPE. cV=GDp3g+cy3uw/bJm8Y88Qzd}
{"logTime": "0906/040216", "correlationVector":"GDp3g+cy3uw/bJm8Y88Qzd.1","action":"SyncServerConnectionManagerRequest", "result":"SYNC_SERVER_OK", "context":{"environment":"Prod_SoutheastAsia_000j", "migrationStage":"NotStarted", "server":"GENERAL0300002H"}}
{"logTime": "0906/040216", "correlationVector":"GDp3g+cy3uw/bJm8Y88Qzd.2","action":"GetUpdates", "result":"DeleteReceived", "context":{"id":"0be7fd40-3fda-41a4-8821-a69ce21bb4fa", "isDeleted:":"true", "version":"1723368497779"}}
{"logTime": "0906/040216", "correlationVector":"GDp3g+cy3uw/bJm8Y88Qzd.3","action":"GetUpdates", "result":"DeleteReceived", "context":{"id":"dccd4c39-29cf-493b-92f6-86639d30441f", "isDeleted:":"true", "version":"1724147040369"}}
{"logTime": "0906/040216", "correlationVector":"GDp3g+cy3uw/bJm8Y88Qzd.4","action":"GetUpdates", "result":"DeleteReceived", "context":{"id":"3b102e8f-1835-4cf8-bbb2-f5dd07b41e43", "isDeleted:":"true", "version":"1724147042030"}}
{"logTime": "0906/040216", "correlationVector":"GDp3g+cy3uw/bJm8Y88Qzd.5","action":"GetUpdates", "result":"DeleteReceived", "context":{"id":"cf5e308d-99f1-4772-89ed-59e395829486", "isDeleted:":"true", "version":"1724147280865"}}
{"logTime": "0906/040216", "correlationVector":"GDp3g+cy3uw/bJm8Y88Qzd.6","action":"GetUpdates", "result":"DeleteReceived", "context":{"id":"0b74e724-cade-4fbf-b573-86391d49b069", "isDeleted:":"true", "version":"1724147280866"}}
{"logTime": "0906/040216", "correlationVector":"GDp3g+cy3uw/bJm8Y88Qzd.7","action":"GetUpdates", "result":"DeleteReceived", "context":{"id":"454862b3-935c-42ca-b448-7797bdcf7abd", "isDeleted:":"true", "version":"1724147280867"}}
{"logTime": "0906/040216", "correlationVector":"GDp3g+cy3uw/bJm8Y88Qzd.8","action":"GetUpdates", "result":"DeleteReceived", "context":{"id":"c373b3ce-ea02-4d6c-981c-1f3484c08279", "isDeleted:":"true", "version":"1724147280868"}}
{"logTime": "0906/040216", "correlationVector":"GDp3g+cy3uw/bJm8Y88Qzd.9","action":"GetUpdates", "result":"DeleteReceived", "context":{"id":"3fdbb025-8891-4048-9422-303a38d98b92", "isDeleted:":"true", "version":"1724147282634"}}
{"logTime": "0906/040216", "correlationVector":"GDp3g+cy3uw/bJm8Y88Qzd.10","action":"GetUpdates", "result":"DeleteReceived", "context":{"id":"dcbe765c-18b2-48a8-969b-8f2a3b7b14dc", "isDeleted:":"true", "version":"1724147282635"}}
{"logTime": "0906/040216", "correlationVector":"GDp3g+cy3uw/bJm8Y88Qzd.11","action":"GetUpdates", "result":"DeleteReceived", "context":{"id":"92643c67-f745-4c71-8689-1a2660d4fe99", "isDeleted:":"true", "version":"1724147282636"}}
{"logTime": "0906/040216", "correlationVector":"GDp3g+cy3uw/bJm8Y88Qzd.12","action":"GetUpdates", "result":"DeleteReceived", "context":{"id":"15ec555b-e7a1-40fd-9674-7c4362d21818", "isDeleted:":"true", "version":"1724147282637"}}
{"logTime": "0906/040216", "correlationVector":"GDp3g+cy3uw/bJm8Y88Qzd.13","action":"GetUpdates", "result":"DeleteReceived", "context":{"id":"453ad5f1-e1c4-476a-8dc7-168a731432aa", "isDeleted:":"true", "version":"1724147282638"}}
{"logTime": "0906/040216", "correlationVector":"GDp3g+cy3uw/bJm8Y88Qzd.14","action":"GetUpdates", "result":"DeleteReceived", "context":{"id":"7a62ed39-2a56-4bf1-ac39-12952d52c742", "isDeleted:":"true", "version":"1724147282639"}}
{"logTime": "0906/040216", "correlationVector":"GDp3g+cy3uw/bJm8Y88Qzd.15","action":"GetUpdates", "result":"DeleteReceived", "context":{"id":"d2e53f82-740c-4c93-8d48-8a59ae3af0b4", "isDeleted:":"true", "version":"1724147282640"}}
{"logTime": "0906/040216", "correlationVector":"GDp3g+cy3uw/bJm8Y88Qzd.16","action":"GetUpdates", "result":"DeleteReceived", "context":{"id":"d8391f53-c50c-43d4-9d17-c6e9b9341f23", "isDeleted:":"true", "version":"1724147282641"}}
{"logTime": "0906/040216", "correlationVector":"GDp3g+cy3uw/bJm8Y88Qzd.17","action":"GetUpdates", "result":"DeleteReceived", "context":{"id":"66b860f6-33c5-480b-bd44-cb8d125b5d25", "isDeleted:":"true", "version":"1724147282642"}}
{"logTime": "0906/040216", "correlationVector":"GDp3g+cy3uw/bJm8Y88Qzd.18","action":"GetUpdates", "result":"DeleteReceived", "context":{"id":"a18e1015-a471-49d8-bcb1-732320d9aac9", "isDeleted:":"true", "version":"1724195174914"}}
{"logTime": "0906/040216", "correlationVector":"GDp3g+cy3uw/bJm8Y88Qzd.19","action":"GetUpdates Response", "result":"Success", "context":Received 86 update(s). cV=GDp3g+cy3uw/bJm8Y88Qzd.0;server=GENERAL0300002H;cloudType=Consumer;environment=Prod_SoutheastAsia_000j;migrationStage=NotStarted}
{"logTime": "0906/040216", "correlationVector":"SKVtAoxKp1pSqMEw3fPYcU","action":"Initial GetUpdates", "result":"", "context":Reason: NEWLY_SUPPORTED_DATATYPE. cV=SKVtAoxKp1pSqMEw3fPYcU}
{"logTime": "0906/040216", "correlationVector":"SKVtAoxKp1pSqMEw3fPYcU.1","action":"SyncServerConnectionManagerRequest", "result":"SYNC_SERVER_OK", "context":{"environment":"Prod_SoutheastAsia_000j", "migrationStage":"NotStarted", "server":"GENERAL0300000U"}}
{"logTime": "0906/040216", "correlationVector":"SKVtAoxKp1pSqMEw3fPYcU.2","action":"GetUpdates", "result":"DeleteReceived", "context":{"id":"0c479fa7-6993-4376-b548-448826d4573b", "isDeleted:":"true", "version":"1697454519032"}}
{"logTime": "0906/040216", "correlationVector":"SKVtAoxKp1pSqMEw3fPYcU.3","action":"GetUpdates Response", "result":"Success", "context":Received 59 update(s). cV=SKVtAoxKp1pSqMEw3fPYcU.0;server=GENERAL0300000U;cloudType=Consumer;environment=Prod_SoutheastAsia_000j;migrationStage=NotStarted}
{"logTime": "0906/040216", "correlationVector":"HFyJEow4bJjkyOcu7RvBap","action":"Initial GetUpdates", "result":"", "context":Reason: NEWLY_SUPPORTED_DATATYPE. cV=HFyJEow4bJjkyOcu7RvBap}
{"logTime": "0906/040217", "correlationVector":"HFyJEow4bJjkyOcu7RvBap.1","action":"SyncServerConnectionManagerRequest", "result":"SYNC_SERVER_OK", "context":{"environment":"Prod_SoutheastAsia_000j", "migrationStage":"NotStarted", "server":"GENERAL0100000K"}}
{"logTime": "0906/040217", "correlationVector":"HFyJEow4bJjkyOcu7RvBap.2","action":"GetUpdates Response", "result":"Success", "context":Received 250 update(s). cV=HFyJEow4bJjkyOcu7RvBap.0;server=GENERAL0100000K;cloudType=Consumer;environment=Prod_SoutheastAsia_000j;migrationStage=NotStarted Some updates remain.}
{"logTime": "0906/040217", "correlationVector":"tgAeDl31+dkXKxnMC4cDi1","action":"Initial GetUpdates", "result":"", "context":Reason: NEWLY_SUPPORTED_DATATYPE. cV=tgAeDl31+dkXKxnMC4cDi1}
{"logTime": "0906/040218", "correlationVector":"tgAeDl31+dkXKxnMC4cDi1.1","action":"SyncServerConnectionManagerRequest", "result":"SYNC_SERVER_OK", "context":{"environment":"Prod_SoutheastAsia_000j", "migrationStage":"NotStarted", "server":"GENERAL0300001N"}}
{"logTime": "0906/040218", "correlationVector":"tgAeDl31+dkXKxnMC4cDi1.2","action":"GetUpdates Response", "result":"Success", "context":Received 250 update(s). cV=tgAeDl31+dkXKxnMC4cDi1.0;server=GENERAL0300001N;cloudType=Consumer;environment=Prod_SoutheastAsia_000j;migrationStage=NotStarted Some updates remain.}
{"logTime": "0906/040218", "correlationVector":"Qsfe1vY6osdTwqtCTePxql","action":"Initial GetUpdates", "result":"", "context":Reason: NEWLY_SUPPORTED_DATATYPE. cV=Qsfe1vY6osdTwqtCTePxql}
{"logTime": "0906/040219", "correlationVector":"Qsfe1vY6osdTwqtCTePxql.1","action":"SyncServerConnectionManagerRequest", "result":"SYNC_SERVER_OK", "context":{"environment":"Prod_SoutheastAsia_000j", "migrationStage":"NotStarted", "server":"GENERAL0300000C"}}
{"logTime": "0906/040219", "correlationVector":"Qsfe1vY6osdTwqtCTePxql.2","action":"GetUpdates Response", "result":"Success", "context":Received 250 update(s). cV=Qsfe1vY6osdTwqtCTePxql.0;server=GENERAL0300000C;cloudType=Consumer;environment=Prod_SoutheastAsia_000j;migrationStage=NotStarted Some updates remain.}
{"logTime": "0906/040219", "correlationVector":"6WhWRKpm052omBXbff+lnT","action":"Initial GetUpdates", "result":"", "context":Reason: NEWLY_SUPPORTED_DATATYPE. cV=6WhWRKpm052omBXbff+lnT}
{"logTime": "0906/040221", "correlationVector":"6WhWRKpm052omBXbff+lnT.1","action":"SyncServerConnectionManagerRequest", "result":"SYNC_SERVER_OK", "context":{"environment":"Prod_SoutheastAsia_000j", "migrationStage":"NotStarted", "server":"GENERAL01000011"}}
{"logTime": "0906/040221", "correlationVector":"6WhWRKpm052omBXbff+lnT.2","action":"GetUpdates Response", "result":"Success", "context":Received 250 update(s). cV=6WhWRKpm052omBXbff+lnT.0;server=GENERAL01000011;cloudType=Consumer;environment=Prod_SoutheastAsia_000j;migrationStage=NotStarted Some updates remain.}
{"logTime": "0906/040221", "correlationVector":"AWPJLl464Fe7nUdQFqL3l7","action":"Initial GetUpdates", "result":"", "context":Reason: NEWLY_SUPPORTED_DATATYPE. cV=AWPJLl464Fe7nUdQFqL3l7}
{"logTime": "0906/040222", "correlationVector":"AWPJLl464Fe7nUdQFqL3l7.1","action":"SyncServerConnectionManagerRequest", "result":"SYNC_SERVER_OK", "context":{"environment":"Prod_SoutheastAsia_000j", "migrationStage":"NotStarted", "server":"GENERAL0100000K"}}
{"logTime": "0906/040222", "correlationVector":"AWPJLl464Fe7nUdQFqL3l7.2","action":"GetUpdates", "result":"DeleteReceived", "context":{"id":"0cd76616-6ed9-4e63-ade4-090d6844838f", "isDeleted:":"true", "version":"1718468296073"}}
{"logTime": "0906/040222", "correlationVector":"AWPJLl464Fe7nUdQFqL3l7.3","action":"GetUpdates", "result":"DeleteReceived", "context":{"id":"0d1cba35-73fa-44ba-a0c2-d7dd29662be3", "isDeleted:":"true", "version":"1718468296074"}}
{"logTime": "0906/040222", "correlationVector":"AWPJLl464Fe7nUdQFqL3l7.4","action":"GetUpdates", "result":"DeleteReceived", "context":{"id":"06fce992-3e0d-4724-bcbf-e4c18a74f619", "isDeleted:":"true", "version":"1718468296075"}}
{"logTime": "0906/040222", "correlationVector":"AWPJLl464Fe7nUdQFqL3l7.5","action":"GetUpdates", "result":"DeleteReceived", "context":{"id":"083c4c70-c399-4f0f-81c0-2ac51bcbfe5e", "isDeleted:":"true", "version":"1718468296076"}}
{"logTime": "0906/040222", "correlationVector":"AWPJLl464Fe7nUdQFqL3l7.6","action":"GetUpdates", "result":"DeleteReceived", "context":{"id":"1071f0dc-998d-4948-b2ba-91e4ac48c1d2", "isDeleted:":"true", "version":"1718468296077"}}
{"logTime": "0906/040222", "correlationVector":"AWPJLl464Fe7nUdQFqL3l7.7","action":"GetUpdates", "result":"DeleteReceived", "context":{"id":"be3b5a43-6d41-4a8b-b602-ea0bed96b2c8", "isDeleted:":"true", "version":"1718468296078"}}
{"logTime": "0906/040222", "correlationVector":"AWPJLl464Fe7nUdQFqL3l7.8","action":"GetUpdates", "result":"DeleteReceived", "context":{"id":"d6219300-d522-46ca-87c5-1d2daa863ef7", "isDeleted:":"true", "version":"1718468296079"}}
{"logTime": "0906/040222", "correlationVector":"AWPJLl464Fe7nUdQFqL3l7.9","action":"GetUpdates", "result":"DeleteReceived", "context":{"id":"092f1ae8-9123-4938-9c7a-e0097d646ad3", "isDeleted:":"true", "version":"1718468296080"}}
{"logTime": "0906/040222", "correlationVector":"AWPJLl464Fe7nUdQFqL3l7.10","action":"GetUpdates", "result":"DeleteReceived", "context":{"id":"80866228-8eee-409f-8ab4-8fa48ee0e56f", "isDeleted:":"true", "version":"1718468296081"}}
{"logTime": "0906/040222", "correlationVector":"AWPJLl464Fe7nUdQFqL3l7.11","action":"GetUpdates", "result":"DeleteReceived", "context":{"id":"a0236a9a-011a-4cde-b333-1bd0f33b428c", "isDeleted:":"true", "version":"1720273000516"}}
{"logTime": "0906/040222", "correlationVector":"AWPJLl464Fe7nUdQFqL3l7.12","action":"GetUpdates", "result":"DeleteReceived", "context":{"id":"8dac503f-757f-4608-babb-ab73e404d23d", "isDeleted:":"true", "version":"1723532499879"}}
{"logTime": "0906/040222", "correlationVector":"AWPJLl464Fe7nUdQFqL3l7.13","action":"GetUpdates", "result":"DeleteReceived", "context":{"id":"a7af4d02-88d4-4fb4-a8a2-760935b2665e", "isDeleted:":"true", "version":"1723532499880"}}
{"logTime": "0906/040222", "correlationVector":"AWPJLl464Fe7nUdQFqL3l7.14","action":"GetUpdates Response", "result":"Success", "context":Received 250 update(s). cV=AWPJLl464Fe7nUdQFqL3l7.0;server=GENERAL0100000K;cloudType=Consumer;environment=Prod_SoutheastAsia_000j;migrationStage=NotStarted Some updates remain.}
{"logTime": "0906/040222", "correlationVector":"TaJ9JoUb8KFONXoVzYNKiH","action":"Initial GetUpdates", "result":"", "context":Reason: NEWLY_SUPPORTED_DATATYPE. cV=TaJ9JoUb8KFONXoVzYNKiH}
{"logTime": "0906/040223", "correlationVector":"TaJ9JoUb8KFONXoVzYNKiH.1","action":"SyncServerConnectionManagerRequest", "result":"SYNC_SERVER_OK", "context":{"environment":"Prod_SoutheastAsia_000j", "migrationStage":"NotStarted", "server":"GENERAL0300000J"}}
{"logTime": "0906/040223", "correlationVector":"TaJ9JoUb8KFONXoVzYNKiH.2","action":"GetUpdates Response", "result":"Success", "context":Received 205 update(s). cV=TaJ9JoUb8KFONXoVzYNKiH.0;server=GENERAL0300000J;cloudType=Consumer;environment=Prod_SoutheastAsia_000j;migrationStage=NotStarted}
{"logTime": "0906/040223", "correlationVector":"dQM47KAh2teCtZ9AP6qyFn","action":"Normal GetUpdate request", "result":"", "context":cV=dQM47KAh2teCtZ9AP6qyFn
Nudged types: Device Info, User Consents
Refresh requested types: Bookmarks, Preferences, Passwords, Autofill Profiles, Autofill, Extensions, Extension settings, Device Info, User Consents, Send Tab To Self, Web Apps, Collection, Edge E Drop, Edge Hub App Usage, Edge Wallet, Encryption Keys}
{"logTime": "0906/040224", "correlationVector":"dQM47KAh2teCtZ9AP6qyFn.1","action":"SyncServerConnectionManagerRequest", "result":"SYNC_SERVER_OK", "context":{"environment":"Prod_SoutheastAsia_000j", "migrationStage":"NotStarted", "server":"GENERAL0300000Z"}}
{"logTime": "0906/040224", "correlationVector":"dQM47KAh2teCtZ9AP6qyFn.2","action":"GetUpdates Response", "result":"Success", "context":Received 0 update(s). cV=dQM47KAh2teCtZ9AP6qyFn.0;server=GENERAL0300000Z;cloudType=Consumer;environment=Prod_SoutheastAsia_000j;migrationStage=NotStarted}
{"logTime": "0906/040224", "correlationVector":"wRqvaR+xh72ETpK9bTXdng","action":"DoCompareDataConsistency requsted types: ", "result":"Bookmarks, Preferences, Passwords, Extensions, Extension settings, Send Tab To Self, Web Apps, Collection, Edge E Drop, Edge Wallet, Encryption Keys"}
{"logTime": "0906/040224", "correlationVector":"wRqvaR+xh72ETpK9bTXdng.0","action":"CompareDataConsistency result: ", "result":"Compare result: Encryption Keys is consistent. local entities count is: 1 local entities hash is: FBKJk2YbXlwBweXsSfTAk1IPCV8="}
{"logTime": "0906/040224", "correlationVector":"wRqvaR+xh72ETpK9bTXdng.1","action":"CompareDataConsistency result: ", "result":"Compare result: Bookmarks is consistent. local entities count is: 56 local entities hash is: O9elc/VSiCroEv6hwcwZRv78oXc="}
{"logTime": "0906/040224", "correlationVector":"wRqvaR+xh72ETpK9bTXdng.2","action":"CompareDataConsistency result: ", "result":"Compare result: Preferences is consistent. local entities count is: 112 local entities hash is: gPSRj2dOOz+I/StGpH0VCcc2gtY="}
{"logTime": "0906/040224", "correlationVector":"wRqvaR+xh72ETpK9bTXdng.3","action":"CompareDataConsistency result: ", "result":"Compare result: Extensions is consistent. local entities count is: 3 local entities hash is: OjrGTDewQ5ojZATqlXgnEWi/s7k="}
{"logTime": "0906/040224", "correlationVector":"wRqvaR+xh72ETpK9bTXdng.4","action":"CompareDataConsistency result: ", "result":"Compare result: Extension settings is consistent. local entities count is: 9 local entities hash is: Xl+kzC+Ay9PtuU2NbmRNmUUu0/I="}
{"logTime": "0906/040224", "correlationVector":"wRqvaR+xh72ETpK9bTXdng.5","action":"CompareDataConsistency result: ", "result":"Server did not send this Send Tab To Self local entities count is: 0 local entities hash is: "}
{"logTime": "0906/040224", "correlationVector":"wRqvaR+xh72ETpK9bTXdng.6","action":"CompareDataConsistency result: ", "result":"Compare result: Web Apps is consistent. local entities count is: 0 local entities hash is: "}
{"logTime": "0906/040224", "correlationVector":"wRqvaR+xh72ETpK9bTXdng.7","action":"CompareDataConsistency result: ", "result":"Compare result: Collection is consistent. local entities count is: 0 local entities hash is: "}
{"logTime": "0906/040224", "correlationVector":"wRqvaR+xh72ETpK9bTXdng.8","action":"CompareDataConsistency result: ", "result":"Compare result: Edge E Drop is consistent. local entities count is: 0 local entities hash is: "}
{"logTime": "0906/040224", "correlationVector":"wRqvaR+xh72ETpK9bTXdng.9","action":"CompareDataConsistency result: ", "result":"Compare result: Edge Wallet is consistent. local entities count is: 0 local entities hash is: "}
{"logTime": "0906/040224", "correlationVector":"wRqvaR+xh72ETpK9bTXdng.10","action":"CompareDataConsistency result: ", "result":"Compare result: Passwords is consistent. local entities count is: 173 local entities hash is: Q1EAGN37l0jM1KNV+AIAJTe9yTk="}
{"logTime": "0906/040224", "correlationVector":"iDn5dzhoFoMw/8ehLNRvM0","action":"Commit Request", "result":"", "context":Item count: 3
Contributing types: Device Info, User Consents}
{"logTime": "0906/040225", "correlationVector":"iDn5dzhoFoMw/8ehLNRvM0.1","action":"SyncServerConnectionManagerRequest", "result":"SYNC_SERVER_OK", "context":{"environment":"Prod_SoutheastAsia_000j", "migrationStage":"NotStarted", "server":"GENERAL0300001N"}}
{"logTime": "0906/040225", "correlationVector":"iDn5dzhoFoMw/8ehLNRvM0.2","action":"Commit Response", "result":"Success", "context":Result: Success. cV=iDn5dzhoFoMw/8ehLNRvM0.0;server=GENERAL0300001N;cloudType=Consumer;environment=Prod_SoutheastAsia_000j;migrationStage=NotStarted}
{"logTime": "0906/040225", "correlationVector":"","action":"DIAGNOSTIC_REQUEST|v1/diagnosticData/Diagnostic.SendCheckResult()|SUCCESS", "result":""}
{"logTime": "0906/040225", "correlationVector":"1k8VwEH6lygERm3Pvm/9y7","action":"Normal GetUpdate request", "result":"", "context":cV=1k8VwEH6lygERm3Pvm/9y7
Nudged types: Device Info}
{"logTime": "0906/040226", "correlationVector":"1k8VwEH6lygERm3Pvm/9y7.1","action":"SyncServerConnectionManagerRequest", "result":"SYNC_SERVER_OK", "context":{"environment":"Prod_SoutheastAsia_000j", "migrationStage":"NotStarted", "server":"GENERAL0300000Z"}}
{"logTime": "0906/040226", "correlationVector":"1k8VwEH6lygERm3Pvm/9y7.2","action":"GetUpdates Response", "result":"Success", "context":Received 1 update(s). cV=1k8VwEH6lygERm3Pvm/9y7.0;server=GENERAL0300000Z;cloudType=Consumer;environment=Prod_SoutheastAsia_000j;migrationStage=NotStarted}
{"logTime": "0906/040234", "correlationVector":"EyWol2EE9USIkK5RW60YLp","action":"Commit Request", "result":"", "context":Item count: 40
Contributing types: Passwords}
{"logTime": "0906/040237", "correlationVector":"EyWol2EE9USIkK5RW60YLp.1","action":"SyncServerConnectionManagerRequest", "result":"SYNC_SERVER_OK", "context":{"environment":"Prod_SoutheastAsia_000j", "migrationStage":"NotStarted", "server":"GENERAL0300002K"}}
{"logTime": "0906/040237", "correlationVector":"EyWol2EE9USIkK5RW60YLp.2","action":"Commit Response", "result":"Success", "context":Result: Success. cV=EyWol2EE9USIkK5RW60YLp.0;server=GENERAL0300002K;cloudType=Consumer;environment=Prod_SoutheastAsia_000j;migrationStage=NotStarted}
{"logTime": "0906/040237", "correlationVector":"gacqEn0lwpC/HquVOOLS6R","action":"Commit Request", "result":"", "context":Item count: 35
Contributing types: Preferences, Passwords}
{"logTime": "0906/040239", "correlationVector":"gacqEn0lwpC/HquVOOLS6R.1","action":"SyncServerConnectionManagerRequest", "result":"SYNC_SERVER_OK", "context":{"environment":"Prod_SoutheastAsia_000j", "migrationStage":"NotStarted", "server":"GENERAL0300001J"}}
{"logTime": "0906/040239", "correlationVector":"gacqEn0lwpC/HquVOOLS6R.2","action":"Commit Response", "result":"Success", "context":Result: Success. cV=gacqEn0lwpC/HquVOOLS6R.0;server=GENERAL0300001J;cloudType=Consumer;environment=Prod_SoutheastAsia_000j;migrationStage=NotStarted}
{"logTime": "0906/060452", "correlationVector":"R9NCo33gQ0ZAla9QxAVFT1.1","action":"SyncServerConnectionManagerRequest", "result":"SYNC_SERVER_OK", "context":{"environment":"Prod_SoutheastAsia_000j", "migrationStage":"NotStarted", "server":"GENERAL0100000C"}}
{"logTime": "0906/060452", "correlationVector":"G3EBDw90TSLxcMzmqC8igd","action":"SyncServerConnectionManagerRequest", "result":"SYNC_SERVER_OK", "context":{"environment":"", "migrationStage":"", "server":""}}
{"logTime": "0906/060452", "correlationVector":"R9NCo33gQ0ZAla9QxAVFT1","action":"Initial GetUpdates", "result":"", "context":Reason: NEW_CLIENT. cV=R9NCo33gQ0ZAla9QxAVFT1}
{"logTime": "0906/060452", "correlationVector":"R9NCo33gQ0ZAla9QxAVFT1.2","action":"GetUpdates Response", "result":"Success", "context":Received 1 update(s). cV=R9NCo33gQ0ZAla9QxAVFT1.0;server=GENERAL0100000C;cloudType=Consumer;environment=Prod_SoutheastAsia_000j;migrationStage=NotStarted}
{"logTime": "0906/060452", "correlationVector":"CfV+SEfAej3+H9ZQYXX+Mg","action":"Initial GetUpdates", "result":"", "context":Reason: NEWLY_SUPPORTED_DATATYPE. cV=CfV+SEfAej3+H9ZQYXX+Mg}
{"logTime": "0906/060453", "correlationVector":"CfV+SEfAej3+H9ZQYXX+Mg.1","action":"SyncServerConnectionManagerRequest", "result":"SYNC_SERVER_OK", "context":{"environment":"Prod_SoutheastAsia_000j", "migrationStage":"NotStarted", "server":"GENERAL0100000Y"}}
{"logTime": "0906/060453", "correlationVector":"CfV+SEfAej3+H9ZQYXX+Mg.2","action":"GetUpdates", "result":"DeleteReceived", "context":{"id":"c6941bbc-e47c-45ac-aedc-096754558e8a", "isDeleted:":"true", "version":"1694928210621"}}
{"logTime": "0906/060453", "correlationVector":"CfV+SEfAej3+H9ZQYXX+Mg.3","action":"GetUpdates", "result":"DeleteReceived", "context":{"id":"2bbcf9e6-b7cf-4c79-923d-6fe7f60ac9e6", "isDeleted:":"true", "version":"1698654932885"}}
{"logTime": "0906/060453", "correlationVector":"CfV+SEfAej3+H9ZQYXX+Mg.4","action":"GetUpdates", "result":"DeleteReceived", "context":{"id":"c966fee6-98b7-4e02-b4d2-212461b68fd6", "isDeleted:":"true", "version":"1702545631667"}}
{"logTime": "0906/060453", "correlationVector":"CfV+SEfAej3+H9ZQYXX+Mg.5","action":"GetUpdates", "result":"DeleteReceived", "context":{"id":"ce14f353-3cd8-4636-a8bc-534fd1dfbbde", "isDeleted:":"true", "version":"1704438835093"}}
{"logTime": "0906/060453", "correlationVector":"CfV+SEfAej3+H9ZQYXX+Mg.6","action":"GetUpdates", "result":"DeleteReceived", "context":{"id":"d72b77ac-1cca-4526-b6af-a73e806e3382", "isDeleted:":"true", "version":"1719919337729"}}
{"logTime": "0906/060453", "correlationVector":"CfV+SEfAej3+H9ZQYXX+Mg.7","action":"GetUpdates", "result":"DeleteReceived", "context":{"id":"0be7fd40-3fda-41a4-8821-a69ce21bb4fa", "isDeleted:":"true", "version":"1723368497779"}}
{"logTime": "0906/060453", "correlationVector":"CfV+SEfAej3+H9ZQYXX+Mg.8","action":"GetUpdates", "result":"DeleteReceived", "context":{"id":"dccd4c39-29cf-493b-92f6-86639d30441f", "isDeleted:":"true", "version":"1724147040369"}}
{"logTime": "0906/060453", "correlationVector":"CfV+SEfAej3+H9ZQYXX+Mg.9","action":"GetUpdates", "result":"DeleteReceived", "context":{"id":"3b102e8f-1835-4cf8-bbb2-f5dd07b41e43", "isDeleted:":"true", "version":"1724147042030"}}
{"logTime": "0906/060453", "correlationVector":"CfV+SEfAej3+H9ZQYXX+Mg.10","action":"GetUpdates", "result":"DeleteReceived", "context":{"id":"cf5e308d-99f1-4772-89ed-59e395829486", "isDeleted:":"true", "version":"1724147280865"}}
{"logTime": "0906/060453", "correlationVector":"CfV+SEfAej3+H9ZQYXX+Mg.11","action":"GetUpdates", "result":"DeleteReceived", "context":{"id":"0b74e724-cade-4fbf-b573-86391d49b069", "isDeleted:":"true", "version":"1724147280866"}}
{"logTime": "0906/060453", "correlationVector":"CfV+SEfAej3+H9ZQYXX+Mg.12","action":"GetUpdates", "result":"DeleteReceived", "context":{"id":"454862b3-935c-42ca-b448-7797bdcf7abd", "isDeleted:":"true", "version":"1724147280867"}}
{"logTime": "0906/060453", "correlationVector":"CfV+SEfAej3+H9ZQYXX+Mg.13","action":"GetUpdates", "result":"DeleteReceived", "context":{"id":"c373b3ce-ea02-4d6c-981c-1f3484c08279", "isDeleted:":"true", "version":"1724147280868"}}
{"logTime": "0906/060453", "correlationVector":"CfV+SEfAej3+H9ZQYXX+Mg.14","action":"GetUpdates", "result":"DeleteReceived", "context":{"id":"3fdbb025-8891-4048-9422-303a38d98b92", "isDeleted:":"true", "version":"1724147282634"}}
{"logTime": "0906/060453", "correlationVector":"CfV+SEfAej3+H9ZQYXX+Mg.15","action":"GetUpdates", "result":"DeleteReceived", "context":{"id":"dcbe765c-18b2-48a8-969b-8f2a3b7b14dc", "isDeleted:":"true", "version":"1724147282635"}}
{"logTime": "0906/060453", "correlationVector":"CfV+SEfAej3+H9ZQYXX+Mg.16","action":"GetUpdates", "result":"DeleteReceived", "context":{"id":"92643c67-f745-4c71-8689-1a2660d4fe99", "isDeleted:":"true", "version":"1724147282636"}}
{"logTime": "0906/060453", "correlationVector":"CfV+SEfAej3+H9ZQYXX+Mg.17","action":"GetUpdates", "result":"DeleteReceived", "context":{"id":"15ec555b-e7a1-40fd-9674-7c4362d21818", "isDeleted:":"true", "version":"1724147282637"}}
{"logTime": "0906/060453", "correlationVector":"CfV+SEfAej3+H9ZQYXX+Mg.18","action":"GetUpdates", "result":"DeleteReceived", "context":{"id":"453ad5f1-e1c4-476a-8dc7-168a731432aa", "isDeleted:":"true", "version":"1724147282638"}}
{"logTime": "0906/060453", "correlationVector":"CfV+SEfAej3+H9ZQYXX+Mg.19","action":"GetUpdates", "result":"DeleteReceived", "context":{"id":"7a62ed39-2a56-4bf1-ac39-12952d52c742", "isDeleted:":"true", "version":"1724147282639"}}
{"logTime": "0906/060453", "correlationVector":"CfV+SEfAej3+H9ZQYXX+Mg.20","action":"GetUpdates", "result":"DeleteReceived", "context":{"id":"d2e53f82-740c-4c93-8d48-8a59ae3af0b4", "isDeleted:":"true", "version":"1724147282640"}}
{"logTime": "0906/060453", "correlationVector":"CfV+SEfAej3+H9ZQYXX+Mg.21","action":"GetUpdates", "result":"DeleteReceived", "context":{"id":"d8391f53-c50c-43d4-9d17-c6e9b9341f23", "isDeleted:":"true", "version":"1724147282641"}}
{"logTime": "0906/060453", "correlationVector":"CfV+SEfAej3+H9ZQYXX+Mg.22","action":"GetUpdates", "result":"DeleteReceived", "context":{"id":"66b860f6-33c5-480b-bd44-cb8d125b5d25", "isDeleted:":"true", "version":"1724147282642"}}
{"logTime": "0906/060453", "correlationVector":"CfV+SEfAej3+H9ZQYXX+Mg.23","action":"GetUpdates", "result":"DeleteReceived", "context":{"id":"a18e1015-a471-49d8-bcb1-732320d9aac9", "isDeleted:":"true", "version":"1724195174914"}}
{"logTime": "0906/060453", "correlationVector":"CfV+SEfAej3+H9ZQYXX+Mg.24","action":"GetUpdates Response", "result":"Success", "context":Received 195 update(s). cV=CfV+SEfAej3+H9ZQYXX+Mg.0;server=GENERAL0100000Y;cloudType=Consumer;environment=Prod_SoutheastAsia_000j;migrationStage=NotStarted}
{"logTime": "0906/060453", "correlationVector":"VrWGh3ZJ6ghm+KYXXLzMbR","action":"Normal GetUpdate request", "result":"", "context":cV=VrWGh3ZJ6ghm+KYXXLzMbR
Refresh requested types: Bookmarks, Preferences, Passwords, Autofill Profiles, Autofill, Extensions, Extension settings, Device Info, User Consents, Send Tab To Self, Web Apps, Collection, Edge E Drop, Edge Hub App Usage, Edge Wallet, Encryption Keys}
{"logTime": "0906/060455", "correlationVector":"VrWGh3ZJ6ghm+KYXXLzMbR.1","action":"SyncServerConnectionManagerRequest", "result":"SYNC_SERVER_OK", "context":{"environment":"Prod_SoutheastAsia_000j", "migrationStage":"NotStarted", "server":"GENERAL0100000C"}}
{"logTime": "0906/060455", "correlationVector":"VrWGh3ZJ6ghm+KYXXLzMbR.2","action":"GetUpdates Response", "result":"Success", "context":Received 10 update(s). cV=VrWGh3ZJ6ghm+KYXXLzMbR.0;server=GENERAL0100000C;cloudType=Consumer;environment=Prod_SoutheastAsia_000j;migrationStage=NotStarted}
{"logTime": "0906/060455", "correlationVector":"54B0LWyKGLDha6ZMUukH4Y","action":"DoCompareDataConsistency requsted types: ", "result":"Bookmarks, Preferences, Passwords, Extensions, Extension settings, Send Tab To Self, Web Apps, Collection, Edge E Drop, Edge Wallet, Encryption Keys"}
{"logTime": "0906/060455", "correlationVector":"54B0LWyKGLDha6ZMUukH4Y.0","action":"CompareDataConsistency result: ", "result":"Compare result: Encryption Keys is consistent. local entities count is: 1 local entities hash is: FBKJk2YbXlwBweXsSfTAk1IPCV8="}
{"logTime": "0906/060455", "correlationVector":"54B0LWyKGLDha6ZMUukH4Y.1","action":"CompareDataConsistency result: ", "result":"Compare result: Bookmarks is consistent. local entities count is: 56 local entities hash is: O9elc/VSiCroEv6hwcwZRv78oXc="}
{"logTime": "0906/060455", "correlationVector":"54B0LWyKGLDha6ZMUukH4Y.2","action":"CompareDataConsistency result: ", "result":"Compare result: Preferences is consistent. local entities count is: 112 local entities hash is: KbX3iiRWRSKqxmdeWCCGPe/m02M="}
{"logTime": "0906/060455", "correlationVector":"54B0LWyKGLDha6ZMUukH4Y.3","action":"CompareDataConsistency result: ", "result":"Compare result: Extensions is consistent. local entities count is: 3 local entities hash is: OjrGTDewQ5ojZATqlXgnEWi/s7k="}
{"logTime": "0906/060455", "correlationVector":"54B0LWyKGLDha6ZMUukH4Y.4","action":"CompareDataConsistency result: ", "result":"Compare result: Extension settings is consistent. local entities count is: 9 local entities hash is: Xl+kzC+Ay9PtuU2NbmRNmUUu0/I="}
{"logTime": "0906/060455", "correlationVector":"54B0LWyKGLDha6ZMUukH4Y.5","action":"CompareDataConsistency result: ", "result":"Server did not send this Send Tab To Self local entities count is: 0 local entities hash is: "}
{"logTime": "0906/060455", "correlationVector":"54B0LWyKGLDha6ZMUukH4Y.6","action":"CompareDataConsistency result: ", "result":"Compare result: Web Apps is consistent. local entities count is: 0 local entities hash is: "}
{"logTime": "0906/060455", "correlationVector":"54B0LWyKGLDha6ZMUukH4Y.7","action":"CompareDataConsistency result: ", "result":"Compare result: Collection is consistent. local entities count is: 0 local entities hash is: "}
{"logTime": "0906/060455", "correlationVector":"54B0LWyKGLDha6ZMUukH4Y.8","action":"CompareDataConsistency result: ", "result":"Compare result: Edge E Drop is consistent. local entities count is: 0 local entities hash is: "}
{"logTime": "0906/060455", "correlationVector":"54B0LWyKGLDha6ZMUukH4Y.9","action":"CompareDataConsistency result: ", "result":"Compare result: Edge Wallet is consistent. local entities count is: 0 local entities hash is: "}
{"logTime": "0906/060455", "correlationVector":"54B0LWyKGLDha6ZMUukH4Y.10","action":"CompareDataConsistency result: ", "result":"Compare result: Passwords is consistent. local entities count is: 173 local entities hash is: TiMCrDYH3MWBasQ8ELgNjv9vbko="}
{"logTime": "0906/060455", "correlationVector":"","action":"DIAGNOSTIC_REQUEST|v1/diagnosticData/Diagnostic.SendCheckResult()|SUCCESS", "result":""}
{"logTime": "0906/060501", "correlationVector":"KnYy/7oqWT3GxPf4xYxWC6","action":"Normal GetUpdate request", "result":"", "context":cV=KnYy/7oqWT3GxPf4xYxWC6
Nudged types: Preferences}
{"logTime": "0906/060501", "correlationVector":"KnYy/7oqWT3GxPf4xYxWC6.1","action":"SyncServerConnectionManagerRequest", "result":"SYNC_SERVER_OK", "context":{"environment":"Prod_SoutheastAsia_000j", "migrationStage":"NotStarted", "server":"GENERAL0300000O"}}
{"logTime": "0906/060501", "correlationVector":"KnYy/7oqWT3GxPf4xYxWC6.2","action":"GetUpdates Response", "result":"Success", "context":Received 0 update(s). cV=KnYy/7oqWT3GxPf4xYxWC6.0;server=GENERAL0300000O;cloudType=Consumer;environment=Prod_SoutheastAsia_000j;migrationStage=NotStarted}
{"logTime": "0906/060501", "correlationVector":"BcnpmtZxDUKGgACd3UhoEV","action":"Commit Request", "result":"", "context":Item count: 1
Contributing types: Preferences}
{"logTime": "0906/060502", "correlationVector":"BcnpmtZxDUKGgACd3UhoEV.1","action":"SyncServerConnectionManagerRequest", "result":"SYNC_SERVER_OK", "context":{"environment":"Prod_SoutheastAsia_000j", "migrationStage":"NotStarted", "server":"GENERAL0300001I"}}
{"logTime": "0906/060502", "correlationVector":"BcnpmtZxDUKGgACd3UhoEV.2","action":"Commit Response", "result":"Success", "context":Result: Success. cV=BcnpmtZxDUKGgACd3UhoEV.0;server=GENERAL0300001I;cloudType=Consumer;environment=Prod_SoutheastAsia_000j;migrationStage=NotStarted}
