2024-09-06T04:02:11.557Z P:6344 T:23048] SyncServiceImpl::Initialize,SyncState after authenticated was: NotSignedIn
2024-09-06T04:02:11.699Z P:6344 T:23048] SyncServiceImpl::TryStartImpl,Try to start sync engine
2024-09-06T04:02:11.699Z P:6344 T:16636] SyncManagerImpl::ConfigureSyncer,Types to download: Encryption Keys
2024-09-06T04:02:11.811Z P:6344 T:23048] SyncAuthManager::SetLastAuthError,Current auth error: None
2024-09-06T04:02:11.811Z P:6344 T:23048] SyncAuthManager::EdgeLogTokenErrorState,Token error with: None for account type: MSA
2024-09-06T04:02:11.811Z P:6344 T:23048] SyncServiceImpl::CredentialsChanged,Credentials changed for: EdgeSyncScopeNew
2024-09-06T04:02:12.756Z P:6344 T:23048] SyncAuthManager::SetLastAuthError,Current auth error: None
2024-09-06T04:02:12.756Z P:6344 T:23048] SyncAuthManager::EdgeLogTokenErrorState,Token error with: None for account type: MSA
2024-09-06T04:02:12.756Z P:6344 T:23048] SyncServiceImpl::CredentialsChangedForKeyData,Credentials changed for: EdgeSyncKeyDataScope
2024-09-06T04:02:13.711Z P:6344 T:23048] SyncServiceImpl::OnEngineInitialized,Initialize engine with: Success
2024-09-06T04:02:13.711Z P:6344 T:23048] ModelLoadManager::Configure,Desired types without errors: Bookmarks, Preferences, Extensions, Extension settings, Device Info, User Consents, Send Tab To Self, Web Apps, Collection, Edge E Drop, Edge Hub App Usage, Edge Wallet, Encryption Keys and types with errors: Passwords, Autofill Profiles, Autofill
2024-09-06T04:02:13.711Z P:6344 T:23048] ModelLoadManager::ModelLoadCallback,Load Bookmarks: success
2024-09-06T04:02:13.711Z P:6344 T:23048] ModelLoadManager::LoadDesiredTypes,Loading type: Bookmarks
2024-09-06T04:02:13.711Z P:6344 T:23048] ModelLoadManager::LoadDesiredTypes,Loading type: Preferences
2024-09-06T04:02:13.711Z P:6344 T:23048] ModelLoadManager::LoadDesiredTypes,Loading type: Extensions
2024-09-06T04:02:13.711Z P:6344 T:23048] ModelLoadManager::LoadDesiredTypes,Loading type: Extension settings
2024-09-06T04:02:13.711Z P:6344 T:23048] ModelLoadManager::LoadDesiredTypes,Loading type: Device Info
2024-09-06T04:02:13.711Z P:6344 T:23048] ModelLoadManager::LoadDesiredTypes,Loading type: User Consents
2024-09-06T04:02:13.711Z P:6344 T:23048] ModelLoadManager::LoadDesiredTypes,Loading type: Send Tab To Self
2024-09-06T04:02:13.711Z P:6344 T:23048] ModelLoadManager::LoadDesiredTypes,Loading type: Web Apps
2024-09-06T04:02:13.711Z P:6344 T:23048] ModelLoadManager::LoadDesiredTypes,Loading type: Collection
2024-09-06T04:02:13.711Z P:6344 T:23048] ModelLoadManager::LoadDesiredTypes,Loading type: Edge E Drop
2024-09-06T04:02:13.711Z P:6344 T:23048] ModelLoadManager::LoadDesiredTypes,Loading type: Edge Hub App Usage
2024-09-06T04:02:13.711Z P:6344 T:23048] ModelLoadManager::LoadDesiredTypes,Loading type: Edge Wallet
2024-09-06T04:02:13.712Z P:6344 T:23048] ModelLoadManager::ModelLoadCallback,Load Preferences: success
2024-09-06T04:02:13.712Z P:6344 T:23048] ModelLoadManager::ModelLoadCallback,Load Extensions: success
2024-09-06T04:02:13.712Z P:6344 T:23048] ModelLoadManager::ModelLoadCallback,Load Device Info: success
2024-09-06T04:02:13.712Z P:6344 T:23048] ModelLoadManager::ModelLoadCallback,Load Extension settings: success
2024-09-06T04:02:13.712Z P:6344 T:23048] ModelLoadManager::ModelLoadCallback,Load User Consents: success
2024-09-06T04:02:13.712Z P:6344 T:23048] ModelLoadManager::ModelLoadCallback,Load Send Tab To Self: success
2024-09-06T04:02:13.712Z P:6344 T:23048] ModelLoadManager::ModelLoadCallback,Load Web Apps: success
2024-09-06T04:02:13.712Z P:6344 T:23048] ModelLoadManager::ModelLoadCallback,Load Collection: success
2024-09-06T04:02:13.712Z P:6344 T:23048] ModelLoadManager::ModelLoadCallback,Load Edge Hub App Usage: success
2024-09-06T04:02:13.712Z P:6344 T:23048] ModelLoadManager::ModelLoadCallback,Load Edge Wallet: success
2024-09-06T04:02:13.712Z P:6344 T:23048] ModelLoadManager::ModelLoadCallback,Load Edge E Drop: success
2024-09-06T04:02:13.712Z P:6344 T:23048] DataTypeManagerImpl::OnAllDataTypesReadyForConfigure,Start to configure data types
2024-09-06T04:02:13.712Z P:6344 T:23048] DataTypeManagerImpl::StartNextConfiguration,Remain to be configured size: 4 and next configuring types are: Encryption Keys
2024-09-06T04:02:13.712Z P:6344 T:23048] DataTypeManagerImpl::PrepareConfigureParams,Prepare to be configured types: 
2024-09-06T04:02:14.329Z P:6344 T:19276] SyncManagerImpl::ConfigureSyncer,Types to download: 
2024-09-06T04:02:14.340Z P:6344 T:23048] DataTypeManagerImpl::ConfigurationCompleted,Need reconfigure with failed types: 
2024-09-06T04:02:14.340Z P:6344 T:23048] ModelLoadManager::Configure,Desired types without errors: Bookmarks, Preferences, Passwords, Autofill Profiles, Autofill, Extensions, Extension settings, Device Info, User Consents, Send Tab To Self, Web Apps, Collection, Edge E Drop, Edge Hub App Usage, Edge Wallet, Encryption Keys and types with errors: 
2024-09-06T04:02:14.340Z P:6344 T:23048] ModelLoadManager::LoadDesiredTypes,Loading type: Passwords
2024-09-06T04:02:14.341Z P:6344 T:23048] ModelLoadManager::LoadDesiredTypes,Loading type: Autofill Profiles
2024-09-06T04:02:14.341Z P:6344 T:23048] ModelLoadManager::LoadDesiredTypes,Loading type: Autofill
2024-09-06T04:02:14.341Z P:6344 T:23048] ModelLoadManager::ModelLoadCallback,Load Passwords: success
2024-09-06T04:02:14.341Z P:6344 T:23048] ModelLoadManager::ModelLoadCallback,Load Autofill Profiles: success
2024-09-06T04:02:14.341Z P:6344 T:23048] ModelLoadManager::ModelLoadCallback,Load Autofill: success
2024-09-06T04:02:14.341Z P:6344 T:23048] DataTypeManagerImpl::OnAllDataTypesReadyForConfigure,Start to configure data types
2024-09-06T04:02:14.341Z P:6344 T:23048] DataTypeManagerImpl::StartNextConfiguration,Remain to be configured size: 4 and next configuring types are: Encryption Keys
2024-09-06T04:02:14.341Z P:6344 T:23048] DataTypeManagerImpl::PrepareConfigureParams,Prepare to be configured types: 
2024-09-06T04:02:14.341Z P:6344 T:19276] SyncManagerImpl::ConfigureSyncer,Types to download: 
2024-09-06T04:02:14.341Z P:6344 T:23048] DataTypeManagerImpl::ConfigurationCompleted,Remain to be configured size: 3
2024-09-06T04:02:14.341Z P:6344 T:23048] DataTypeManagerImpl::StartNextConfiguration,Remain to be configured size: 3 and next configuring types are: Preferences, Passwords, Device Info, Send Tab To Self, Edge E Drop
2024-09-06T04:02:14.341Z P:6344 T:23048] DataTypeManagerImpl::PrepareConfigureParams,Prepare to be configured types: Preferences, Passwords, Device Info, Send Tab To Self, Edge E Drop, Encryption Keys
2024-09-06T04:02:14.341Z P:6344 T:19276] SyncManagerImpl::ConfigureSyncer,Types to download: Preferences, Passwords, Device Info, Send Tab To Self, Edge E Drop, Encryption Keys
2024-09-06T04:02:16.018Z P:6344 T:23048] DataTypeManagerImpl::ConfigurationCompleted,Remain to be configured size: 2
2024-09-06T04:02:16.018Z P:6344 T:23048] DataTypeManagerImpl::StartNextConfiguration,Remain to be configured size: 2 and next configuring types are: Bookmarks
2024-09-06T04:02:16.018Z P:6344 T:23048] DataTypeManagerImpl::PrepareConfigureParams,Prepare to be configured types: Bookmarks, Encryption Keys
2024-09-06T04:02:16.018Z P:6344 T:19276] SyncManagerImpl::ConfigureSyncer,Types to download: Bookmarks, Encryption Keys
2024-09-06T04:02:16.450Z P:6344 T:23048] DataTypeManagerImpl::ConfigurationCompleted,Remain to be configured size: 1
2024-09-06T04:02:16.451Z P:6344 T:23048] DataTypeManagerImpl::StartNextConfiguration,Remain to be configured size: 1 and next configuring types are: Autofill Profiles, Autofill, Extensions, Extension settings, User Consents, Web Apps, Collection, Edge Hub App Usage, Edge Wallet
2024-09-06T04:02:16.451Z P:6344 T:23048] DataTypeManagerImpl::PrepareConfigureParams,Prepare to be configured types: Autofill Profiles, Autofill, Extensions, Extension settings, Web Apps, Collection, Edge Hub App Usage, Edge Wallet, Encryption Keys
2024-09-06T04:02:16.451Z P:6344 T:19276] SyncManagerImpl::ConfigureSyncer,Types to download: Autofill Profiles, Autofill, Extensions, Extension settings, Web Apps, Collection, Edge Hub App Usage, Edge Wallet, Encryption Keys
2024-09-06T04:02:23.628Z P:6344 T:23048] DataTypeManagerImpl::ConfigurationCompleted,Remain to be configured size: 0
2024-09-06T04:02:23.628Z P:6344 T:23048] SyncServiceImpl::OnConfigureDone,Configure DataTypeManager with: Ok
2024-09-06T04:02:25.699Z P:6344 T:19276] Commit::PostAndProcessResponse,Process Device Info: Success
2024-09-06T04:02:25.699Z P:6344 T:19276] Commit::PostAndProcessResponse,Process User Consents: Success
2024-09-06T04:02:37.283Z P:6344 T:19276] Commit::PostAndProcessResponse,Process Passwords: Success
2024-09-06T04:02:39.510Z P:6344 T:19276] Commit::PostAndProcessResponse,Process Preferences: Success
2024-09-06T04:02:39.510Z P:6344 T:19276] Commit::PostAndProcessResponse,Process Passwords: Success
2024-09-06T04:02:54.733Z P:6344 T:23048] SyncServiceImpl::ResetEngine,Reset engine with reason: 0
2024-09-06T06:04:41.642Z P:26668 T:35260] SyncServiceImpl::Initialize,SyncState after authenticated was: FeatureCanStart
2024-09-06T06:04:42.879Z P:26668 T:35260] SyncAuthManager::SetLastAuthError,Current auth error: None
2024-09-06T06:04:42.879Z P:26668 T:35260] SyncAuthManager::EdgeLogTokenErrorState,Token error with: None for account type: MSA
2024-09-06T06:04:42.879Z P:26668 T:35260] SyncServiceImpl::CredentialsChangedForKeyData,Credentials changed for: EdgeSyncKeyDataScope
2024-09-06T06:04:51.686Z P:26668 T:35260] SyncServiceImpl::TryStartImpl,Try to start sync engine
2024-09-06T06:04:51.686Z P:26668 T:36068] SyncManagerImpl::ConfigureSyncer,Types to download: Encryption Keys
2024-09-06T06:04:51.703Z P:26668 T:35260] SyncAuthManager::SetLastAuthError,Current auth error: None
2024-09-06T06:04:51.703Z P:26668 T:35260] SyncAuthManager::EdgeLogTokenErrorState,Token error with: None for account type: MSA
2024-09-06T06:04:51.703Z P:26668 T:35260] SyncServiceImpl::CredentialsChanged,Credentials changed for: EdgeSyncScopeNew
2024-09-06T06:04:52.069Z P:26668 T:35260] SyncServiceImpl::OnEngineInitialized,Initialize engine with: Success
2024-09-06T06:04:52.075Z P:26668 T:35260] ModelLoadManager::Configure,Desired types without errors: Bookmarks, Preferences, Extensions, Extension settings, Device Info, User Consents, Send Tab To Self, Web Apps, Collection, Edge E Drop, Edge Hub App Usage, Edge Wallet, Encryption Keys and types with errors: Passwords, Autofill Profiles, Autofill
2024-09-06T06:04:52.075Z P:26668 T:35260] ModelLoadManager::ModelLoadCallback,Load Bookmarks: success
2024-09-06T06:04:52.075Z P:26668 T:35260] ModelLoadManager::LoadDesiredTypes,Loading type: Bookmarks
2024-09-06T06:04:52.075Z P:26668 T:35260] ModelLoadManager::LoadDesiredTypes,Loading type: Preferences
2024-09-06T06:04:52.075Z P:26668 T:35260] ModelLoadManager::LoadDesiredTypes,Loading type: Extensions
2024-09-06T06:04:52.075Z P:26668 T:35260] ModelLoadManager::LoadDesiredTypes,Loading type: Extension settings
2024-09-06T06:04:52.075Z P:26668 T:35260] ModelLoadManager::LoadDesiredTypes,Loading type: Device Info
2024-09-06T06:04:52.075Z P:26668 T:35260] ModelLoadManager::LoadDesiredTypes,Loading type: User Consents
2024-09-06T06:04:52.075Z P:26668 T:35260] ModelLoadManager::LoadDesiredTypes,Loading type: Send Tab To Self
2024-09-06T06:04:52.075Z P:26668 T:35260] ModelLoadManager::LoadDesiredTypes,Loading type: Web Apps
2024-09-06T06:04:52.075Z P:26668 T:35260] ModelLoadManager::LoadDesiredTypes,Loading type: Collection
2024-09-06T06:04:52.075Z P:26668 T:35260] ModelLoadManager::LoadDesiredTypes,Loading type: Edge E Drop
2024-09-06T06:04:52.075Z P:26668 T:35260] ModelLoadManager::LoadDesiredTypes,Loading type: Edge Hub App Usage
2024-09-06T06:04:52.075Z P:26668 T:35260] ModelLoadManager::LoadDesiredTypes,Loading type: Edge Wallet
2024-09-06T06:04:52.081Z P:26668 T:35260] ModelLoadManager::ModelLoadCallback,Load Preferences: success
2024-09-06T06:04:52.081Z P:26668 T:35260] ModelLoadManager::ModelLoadCallback,Load Extensions: success
2024-09-06T06:04:52.081Z P:26668 T:35260] ModelLoadManager::ModelLoadCallback,Load Extension settings: success
2024-09-06T06:04:52.081Z P:26668 T:35260] ModelLoadManager::ModelLoadCallback,Load Device Info: success
2024-09-06T06:04:52.081Z P:26668 T:35260] ModelLoadManager::ModelLoadCallback,Load User Consents: success
2024-09-06T06:04:52.081Z P:26668 T:35260] ModelLoadManager::ModelLoadCallback,Load Send Tab To Self: success
2024-09-06T06:04:52.081Z P:26668 T:35260] ModelLoadManager::ModelLoadCallback,Load Web Apps: success
2024-09-06T06:04:52.081Z P:26668 T:35260] ModelLoadManager::ModelLoadCallback,Load Collection: success
2024-09-06T06:04:52.081Z P:26668 T:35260] ModelLoadManager::ModelLoadCallback,Load Edge Hub App Usage: success
2024-09-06T06:04:52.081Z P:26668 T:35260] ModelLoadManager::ModelLoadCallback,Load Edge E Drop: success
2024-09-06T06:04:52.081Z P:26668 T:35260] ModelLoadManager::ModelLoadCallback,Load Edge Wallet: success
2024-09-06T06:04:52.081Z P:26668 T:35260] DataTypeManagerImpl::OnAllDataTypesReadyForConfigure,Start to configure data types
2024-09-06T06:04:52.081Z P:26668 T:35260] DataTypeManagerImpl::StartNextConfiguration,Remain to be configured size: 4 and next configuring types are: Encryption Keys
2024-09-06T06:04:52.081Z P:26668 T:35260] DataTypeManagerImpl::PrepareConfigureParams,Prepare to be configured types: 
2024-09-06T06:04:52.801Z P:26668 T:36068] SyncManagerImpl::ConfigureSyncer,Types to download: 
2024-09-06T06:04:52.809Z P:26668 T:35260] DataTypeManagerImpl::ConfigurationCompleted,Need reconfigure with failed types: 
2024-09-06T06:04:52.809Z P:26668 T:35260] ModelLoadManager::Configure,Desired types without errors: Bookmarks, Preferences, Passwords, Autofill Profiles, Autofill, Extensions, Extension settings, Device Info, User Consents, Send Tab To Self, Web Apps, Collection, Edge E Drop, Edge Hub App Usage, Edge Wallet, Encryption Keys and types with errors: 
2024-09-06T06:04:52.809Z P:26668 T:35260] ModelLoadManager::LoadDesiredTypes,Loading type: Passwords
2024-09-06T06:04:52.809Z P:26668 T:35260] ModelLoadManager::LoadDesiredTypes,Loading type: Autofill Profiles
2024-09-06T06:04:52.809Z P:26668 T:35260] ModelLoadManager::LoadDesiredTypes,Loading type: Autofill
2024-09-06T06:04:52.810Z P:26668 T:35260] ModelLoadManager::ModelLoadCallback,Load Passwords: success
2024-09-06T06:04:52.810Z P:26668 T:35260] ModelLoadManager::ModelLoadCallback,Load Autofill Profiles: success
2024-09-06T06:04:52.810Z P:26668 T:35260] ModelLoadManager::ModelLoadCallback,Load Autofill: success
2024-09-06T06:04:52.810Z P:26668 T:35260] DataTypeManagerImpl::OnAllDataTypesReadyForConfigure,Start to configure data types
2024-09-06T06:04:52.810Z P:26668 T:35260] DataTypeManagerImpl::StartNextConfiguration,Remain to be configured size: 4 and next configuring types are: Encryption Keys
2024-09-06T06:04:52.810Z P:26668 T:35260] DataTypeManagerImpl::PrepareConfigureParams,Prepare to be configured types: 
2024-09-06T06:04:52.810Z P:26668 T:31212] SyncManagerImpl::ConfigureSyncer,Types to download: 
2024-09-06T06:04:52.810Z P:26668 T:35260] DataTypeManagerImpl::ConfigurationCompleted,Remain to be configured size: 3
2024-09-06T06:04:52.810Z P:26668 T:35260] DataTypeManagerImpl::StartNextConfiguration,Remain to be configured size: 3 and next configuring types are: Preferences, Passwords, Device Info, Send Tab To Self, Edge E Drop
2024-09-06T06:04:52.810Z P:26668 T:35260] DataTypeManagerImpl::PrepareConfigureParams,Prepare to be configured types: Passwords, Encryption Keys
2024-09-06T06:04:52.811Z P:26668 T:36068] SyncManagerImpl::ConfigureSyncer,Types to download: Passwords, Encryption Keys
2024-09-06T06:04:53.519Z P:26668 T:35260] DataTypeManagerImpl::ConfigurationCompleted,Remain to be configured size: 2
2024-09-06T06:04:53.519Z P:26668 T:35260] DataTypeManagerImpl::StartNextConfiguration,Remain to be configured size: 2 and next configuring types are: Bookmarks
2024-09-06T06:04:53.519Z P:26668 T:35260] DataTypeManagerImpl::PrepareConfigureParams,Prepare to be configured types: 
2024-09-06T06:04:53.519Z P:26668 T:36068] SyncManagerImpl::ConfigureSyncer,Types to download: 
2024-09-06T06:04:53.519Z P:26668 T:35260] DataTypeManagerImpl::ConfigurationCompleted,Remain to be configured size: 1
2024-09-06T06:04:53.524Z P:26668 T:35260] DataTypeManagerImpl::StartNextConfiguration,Remain to be configured size: 1 and next configuring types are: Autofill Profiles, Autofill, Extensions, Extension settings, User Consents, Web Apps, Collection, Edge Hub App Usage, Edge Wallet
2024-09-06T06:04:53.524Z P:26668 T:35260] DataTypeManagerImpl::PrepareConfigureParams,Prepare to be configured types: 
2024-09-06T06:04:53.524Z P:26668 T:36068] SyncManagerImpl::ConfigureSyncer,Types to download: 
2024-09-06T06:04:53.525Z P:26668 T:35260] DataTypeManagerImpl::ConfigurationCompleted,Remain to be configured size: 0
2024-09-06T06:04:53.530Z P:26668 T:35260] SyncServiceImpl::OnConfigureDone,Configure DataTypeManager with: Ok
2024-09-06T06:05:02.385Z P:26668 T:31212] Commit::PostAndProcessResponse,Process Preferences: Success
2024-09-06T06:05:20.658Z P:26668 T:35260] SyncServiceImpl::ResetEngine,Reset engine with reason: 0
