{"logTime": "0906/050226", "correlationVector":"xVXZBOzEfPl2GSgBVbl9En.2","action":"GetUpdates Response", "result":"Success", "context":Received 1 update(s). cV=xVXZBOzEfPl2GSgBVbl9En.0;server=GENERAL01000012;cloudType=Consumer;environment=Prod_SoutheastAsia_000j;migrationStage=NotStarted}
{"logTime": "0906/050409", "correlationVector":"DwEOSWb5ZuWShIYYxSX3oV.1","action":"SyncServerConnectionManagerRequest", "result":"SYNC_SERVER_OK", "context":{"environment":"Prod_SoutheastAsia_000j", "migrationStage":"NotStarted", "server":"GENERAL0300001F"}}
{"logTime": "0906/050409", "correlationVector":"hzXfRsB1gSA72Ule2Y9bu0","action":"SyncServerConnectionManagerRequest", "result":"SYNC_SERVER_OK", "context":{"environment":"", "migrationStage":"", "server":""}}
{"logTime": "0906/050409", "correlationVector":"DwEOSWb5ZuWShIYYxSX3oV","action":"Initial GetUpdates", "result":"", "context":Reason: NEW_CLIENT. cV=DwEOSWb5ZuWShIYYxSX3oV}
{"logTime": "0906/050409", "correlationVector":"DwEOSWb5ZuWShIYYxSX3oV.2","action":"GetUpdates Response", "result":"Success", "context":Received 1 update(s). cV=DwEOSWb5ZuWShIYYxSX3oV.0;server=GENERAL0300001F;cloudType=Consumer;environment=Prod_SoutheastAsia_000j;migrationStage=NotStarted}
{"logTime": "0906/050409", "correlationVector":"zHlL9qhs9eNxnyYZfninqn","action":"Initial GetUpdates", "result":"", "context":Reason: NEWLY_SUPPORTED_DATATYPE. cV=zHlL9qhs9eNxnyYZfninqn}
{"logTime": "0906/050410", "correlationVector":"zHlL9qhs9eNxnyYZfninqn.1","action":"SyncServerConnectionManagerRequest", "result":"SYNC_SERVER_OK", "context":{"environment":"Prod_SoutheastAsia_000j", "migrationStage":"NotStarted", "server":"GENERAL0300002H"}}
{"logTime": "0906/050410", "correlationVector":"zHlL9qhs9eNxnyYZfninqn.2","action":"GetUpdates", "result":"DeleteReceived", "context":{"id":"c6941bbc-e47c-45ac-aedc-096754558e8a", "isDeleted:":"true", "version":"1694928210621"}}
{"logTime": "0906/050410", "correlationVector":"zHlL9qhs9eNxnyYZfninqn.3","action":"GetUpdates", "result":"DeleteReceived", "context":{"id":"2bbcf9e6-b7cf-4c79-923d-6fe7f60ac9e6", "isDeleted:":"true", "version":"1698654932885"}}
{"logTime": "0906/050410", "correlationVector":"zHlL9qhs9eNxnyYZfninqn.4","action":"GetUpdates", "result":"DeleteReceived", "context":{"id":"c966fee6-98b7-4e02-b4d2-212461b68fd6", "isDeleted:":"true", "version":"1702545631667"}}
{"logTime": "0906/050410", "correlationVector":"zHlL9qhs9eNxnyYZfninqn.5","action":"GetUpdates", "result":"DeleteReceived", "context":{"id":"ce14f353-3cd8-4636-a8bc-534fd1dfbbde", "isDeleted:":"true", "version":"1704438835093"}}
{"logTime": "0906/050410", "correlationVector":"zHlL9qhs9eNxnyYZfninqn.6","action":"GetUpdates", "result":"DeleteReceived", "context":{"id":"d72b77ac-1cca-4526-b6af-a73e806e3382", "isDeleted:":"true", "version":"1719919337729"}}
{"logTime": "0906/050410", "correlationVector":"zHlL9qhs9eNxnyYZfninqn.7","action":"GetUpdates", "result":"DeleteReceived", "context":{"id":"0be7fd40-3fda-41a4-8821-a69ce21bb4fa", "isDeleted:":"true", "version":"1723368497779"}}
{"logTime": "0906/050410", "correlationVector":"zHlL9qhs9eNxnyYZfninqn.8","action":"GetUpdates", "result":"DeleteReceived", "context":{"id":"dccd4c39-29cf-493b-92f6-86639d30441f", "isDeleted:":"true", "version":"1724147040369"}}
{"logTime": "0906/050410", "correlationVector":"zHlL9qhs9eNxnyYZfninqn.9","action":"GetUpdates", "result":"DeleteReceived", "context":{"id":"3b102e8f-1835-4cf8-bbb2-f5dd07b41e43", "isDeleted:":"true", "version":"1724147042030"}}
{"logTime": "0906/050410", "correlationVector":"zHlL9qhs9eNxnyYZfninqn.10","action":"GetUpdates", "result":"DeleteReceived", "context":{"id":"cf5e308d-99f1-4772-89ed-59e395829486", "isDeleted:":"true", "version":"1724147280865"}}
{"logTime": "0906/050410", "correlationVector":"zHlL9qhs9eNxnyYZfninqn.11","action":"GetUpdates", "result":"DeleteReceived", "context":{"id":"0b74e724-cade-4fbf-b573-86391d49b069", "isDeleted:":"true", "version":"1724147280866"}}
{"logTime": "0906/050410", "correlationVector":"zHlL9qhs9eNxnyYZfninqn.12","action":"GetUpdates", "result":"DeleteReceived", "context":{"id":"454862b3-935c-42ca-b448-7797bdcf7abd", "isDeleted:":"true", "version":"1724147280867"}}
{"logTime": "0906/050410", "correlationVector":"zHlL9qhs9eNxnyYZfninqn.13","action":"GetUpdates", "result":"DeleteReceived", "context":{"id":"c373b3ce-ea02-4d6c-981c-1f3484c08279", "isDeleted:":"true", "version":"1724147280868"}}
{"logTime": "0906/050410", "correlationVector":"zHlL9qhs9eNxnyYZfninqn.14","action":"GetUpdates", "result":"DeleteReceived", "context":{"id":"3fdbb025-8891-4048-9422-303a38d98b92", "isDeleted:":"true", "version":"1724147282634"}}
{"logTime": "0906/050410", "correlationVector":"zHlL9qhs9eNxnyYZfninqn.15","action":"GetUpdates", "result":"DeleteReceived", "context":{"id":"dcbe765c-18b2-48a8-969b-8f2a3b7b14dc", "isDeleted:":"true", "version":"1724147282635"}}
{"logTime": "0906/050410", "correlationVector":"zHlL9qhs9eNxnyYZfninqn.16","action":"GetUpdates", "result":"DeleteReceived", "context":{"id":"92643c67-f745-4c71-8689-1a2660d4fe99", "isDeleted:":"true", "version":"1724147282636"}}
{"logTime": "0906/050410", "correlationVector":"zHlL9qhs9eNxnyYZfninqn.17","action":"GetUpdates", "result":"DeleteReceived", "context":{"id":"15ec555b-e7a1-40fd-9674-7c4362d21818", "isDeleted:":"true", "version":"1724147282637"}}
{"logTime": "0906/050410", "correlationVector":"zHlL9qhs9eNxnyYZfninqn.18","action":"GetUpdates", "result":"DeleteReceived", "context":{"id":"453ad5f1-e1c4-476a-8dc7-168a731432aa", "isDeleted:":"true", "version":"1724147282638"}}
{"logTime": "0906/050410", "correlationVector":"zHlL9qhs9eNxnyYZfninqn.19","action":"GetUpdates", "result":"DeleteReceived", "context":{"id":"7a62ed39-2a56-4bf1-ac39-12952d52c742", "isDeleted:":"true", "version":"1724147282639"}}
{"logTime": "0906/050410", "correlationVector":"zHlL9qhs9eNxnyYZfninqn.20","action":"GetUpdates", "result":"DeleteReceived", "context":{"id":"d2e53f82-740c-4c93-8d48-8a59ae3af0b4", "isDeleted:":"true", "version":"1724147282640"}}
{"logTime": "0906/050410", "correlationVector":"zHlL9qhs9eNxnyYZfninqn.21","action":"GetUpdates", "result":"DeleteReceived", "context":{"id":"d8391f53-c50c-43d4-9d17-c6e9b9341f23", "isDeleted:":"true", "version":"1724147282641"}}
{"logTime": "0906/050410", "correlationVector":"zHlL9qhs9eNxnyYZfninqn.22","action":"GetUpdates", "result":"DeleteReceived", "context":{"id":"66b860f6-33c5-480b-bd44-cb8d125b5d25", "isDeleted:":"true", "version":"1724147282642"}}
{"logTime": "0906/050410", "correlationVector":"zHlL9qhs9eNxnyYZfninqn.23","action":"GetUpdates", "result":"DeleteReceived", "context":{"id":"a18e1015-a471-49d8-bcb1-732320d9aac9", "isDeleted:":"true", "version":"1724195174914"}}
{"logTime": "0906/050410", "correlationVector":"zHlL9qhs9eNxnyYZfninqn.24","action":"GetUpdates Response", "result":"Success", "context":Received 195 update(s). cV=zHlL9qhs9eNxnyYZfninqn.0;server=GENERAL0300002H;cloudType=Consumer;environment=Prod_SoutheastAsia_000j;migrationStage=NotStarted}
{"logTime": "0906/050410", "correlationVector":"gT0CldFMOoDip5oE90myW5","action":"Normal GetUpdate request", "result":"", "context":cV=gT0CldFMOoDip5oE90myW5
Refresh requested types: Bookmarks, Preferences, Passwords, Autofill Profiles, Autofill, Extensions, Extension settings, Device Info, User Consents, Send Tab To Self, Web Apps, Collection, Edge E Drop, Edge Hub App Usage, Edge Wallet, Encryption Keys}
{"logTime": "0906/050412", "correlationVector":"gT0CldFMOoDip5oE90myW5.1","action":"SyncServerConnectionManagerRequest", "result":"SYNC_SERVER_OK", "context":{"environment":"Prod_SoutheastAsia_000j", "migrationStage":"NotStarted", "server":"GENERAL01000019"}}
{"logTime": "0906/050412", "correlationVector":"gT0CldFMOoDip5oE90myW5.2","action":"GetUpdates Response", "result":"Success", "context":Received 0 update(s). cV=gT0CldFMOoDip5oE90myW5.0;server=GENERAL01000019;cloudType=Consumer;environment=Prod_SoutheastAsia_000j;migrationStage=NotStarted}
{"logTime": "0906/050412", "correlationVector":"Pok/xNaBPra8PHZ8XAHW1a","action":"DoCompareDataConsistency requsted types: ", "result":"Bookmarks, Preferences, Passwords, Extensions, Extension settings, Send Tab To Self, Web Apps, Collection, Edge E Drop, Edge Wallet, Encryption Keys"}
{"logTime": "0906/050412", "correlationVector":"Pok/xNaBPra8PHZ8XAHW1a.0","action":"CompareDataConsistency result: ", "result":"Compare result: Encryption Keys is consistent. local entities count is: 1 local entities hash is: FBKJk2YbXlwBweXsSfTAk1IPCV8="}
{"logTime": "0906/050412", "correlationVector":"Pok/xNaBPra8PHZ8XAHW1a.1","action":"CompareDataConsistency result: ", "result":"Compare result: Bookmarks is consistent. local entities count is: 56 local entities hash is: O9elc/VSiCroEv6hwcwZRv78oXc="}
{"logTime": "0906/050412", "correlationVector":"Pok/xNaBPra8PHZ8XAHW1a.2","action":"CompareDataConsistency result: ", "result":"Compare result: Preferences is consistent. local entities count is: 112 local entities hash is: pCjmTB9HaWdoYEynFmxWlHE95HA="}
{"logTime": "0906/050412", "correlationVector":"Pok/xNaBPra8PHZ8XAHW1a.3","action":"CompareDataConsistency result: ", "result":"Compare result: Extensions is consistent. local entities count is: 3 local entities hash is: OjrGTDewQ5ojZATqlXgnEWi/s7k="}
{"logTime": "0906/050412", "correlationVector":"Pok/xNaBPra8PHZ8XAHW1a.4","action":"CompareDataConsistency result: ", "result":"Compare result: Extension settings is consistent. local entities count is: 9 local entities hash is: Xl+kzC+Ay9PtuU2NbmRNmUUu0/I="}
{"logTime": "0906/050412", "correlationVector":"Pok/xNaBPra8PHZ8XAHW1a.5","action":"CompareDataConsistency result: ", "result":"Server did not send this Send Tab To Self local entities count is: 0 local entities hash is: "}
{"logTime": "0906/050412", "correlationVector":"Pok/xNaBPra8PHZ8XAHW1a.6","action":"CompareDataConsistency result: ", "result":"Compare result: Web Apps is consistent. local entities count is: 0 local entities hash is: "}
{"logTime": "0906/050412", "correlationVector":"Pok/xNaBPra8PHZ8XAHW1a.7","action":"CompareDataConsistency result: ", "result":"Compare result: Collection is consistent. local entities count is: 0 local entities hash is: "}
{"logTime": "0906/050412", "correlationVector":"Pok/xNaBPra8PHZ8XAHW1a.8","action":"CompareDataConsistency result: ", "result":"Compare result: Edge E Drop is consistent. local entities count is: 0 local entities hash is: "}
{"logTime": "0906/050412", "correlationVector":"Pok/xNaBPra8PHZ8XAHW1a.9","action":"CompareDataConsistency result: ", "result":"Compare result: Edge Wallet is consistent. local entities count is: 0 local entities hash is: "}
{"logTime": "0906/050412", "correlationVector":"Pok/xNaBPra8PHZ8XAHW1a.10","action":"CompareDataConsistency result: ", "result":"Compare result: Passwords is consistent. local entities count is: 173 local entities hash is: HigBf56yZAQNP1WSNzxnsCwzUk4="}
{"logTime": "0906/050412", "correlationVector":"","action":"DIAGNOSTIC_REQUEST|v1/diagnosticData/Diagnostic.SendCheckResult()|SUCCESS", "result":""}
{"logTime": "0906/050417", "correlationVector":"MJPP4e02QPRIIJ5uCzYqey","action":"Normal GetUpdate request", "result":"", "context":cV=MJPP4e02QPRIIJ5uCzYqey
Nudged types: Preferences}
{"logTime": "0906/050418", "correlationVector":"MJPP4e02QPRIIJ5uCzYqey.1","action":"SyncServerConnectionManagerRequest", "result":"SYNC_SERVER_OK", "context":{"environment":"Prod_SoutheastAsia_000j", "migrationStage":"NotStarted", "server":"GENERAL03000010"}}
{"logTime": "0906/050418", "correlationVector":"MJPP4e02QPRIIJ5uCzYqey.2","action":"GetUpdates Response", "result":"Success", "context":Received 0 update(s). cV=MJPP4e02QPRIIJ5uCzYqey.0;server=GENERAL03000010;cloudType=Consumer;environment=Prod_SoutheastAsia_000j;migrationStage=NotStarted}
{"logTime": "0906/050418", "correlationVector":"KJHK+ProaY3IWHzxYfE8yh","action":"Commit Request", "result":"", "context":Item count: 1
Contributing types: Preferences}
{"logTime": "0906/050419", "correlationVector":"KJHK+ProaY3IWHzxYfE8yh.1","action":"SyncServerConnectionManagerRequest", "result":"SYNC_SERVER_OK", "context":{"environment":"Prod_SoutheastAsia_000j", "migrationStage":"NotStarted", "server":"GENERAL01000018"}}
{"logTime": "0906/050419", "correlationVector":"KJHK+ProaY3IWHzxYfE8yh.2","action":"Commit Response", "result":"Success", "context":Result: Success. cV=KJHK+ProaY3IWHzxYfE8yh.0;server=GENERAL01000018;cloudType=Consumer;environment=Prod_SoutheastAsia_000j;migrationStage=NotStarted}
{"logTime": "0906/050849", "correlationVector":"IKuYZWO8s1mVaHceifXEWZ.1","action":"SyncServerConnectionManagerRequest", "result":"SYNC_SERVER_OK", "context":{"environment":"Prod_SoutheastAsia_000j", "migrationStage":"NotStarted", "server":"GENERAL0100000R"}}
{"logTime": "0906/050849", "correlationVector":"MDuosltC6Wo5R5/yXes1KU","action":"SyncServerConnectionManagerRequest", "result":"SYNC_SERVER_OK", "context":{"environment":"", "migrationStage":"", "server":""}}
{"logTime": "0906/050849", "correlationVector":"IKuYZWO8s1mVaHceifXEWZ","action":"Initial GetUpdates", "result":"", "context":Reason: NEW_CLIENT. cV=IKuYZWO8s1mVaHceifXEWZ}
{"logTime": "0906/050849", "correlationVector":"IKuYZWO8s1mVaHceifXEWZ.2","action":"GetUpdates Response", "result":"Success", "context":Received 1 update(s). cV=IKuYZWO8s1mVaHceifXEWZ.0;server=GENERAL0100000R;cloudType=Consumer;environment=Prod_SoutheastAsia_000j;migrationStage=NotStarted}
{"logTime": "0906/050849", "correlationVector":"1MarNTpeFqHdVVfH5fbZ4k","action":"Initial GetUpdates", "result":"", "context":Reason: NEWLY_SUPPORTED_DATATYPE. cV=1MarNTpeFqHdVVfH5fbZ4k}
{"logTime": "0906/050850", "correlationVector":"1MarNTpeFqHdVVfH5fbZ4k.1","action":"SyncServerConnectionManagerRequest", "result":"SYNC_SERVER_OK", "context":{"environment":"Prod_SoutheastAsia_000j", "migrationStage":"NotStarted", "server":"GENERAL0100001F"}}
{"logTime": "0906/050850", "correlationVector":"1MarNTpeFqHdVVfH5fbZ4k.2","action":"GetUpdates", "result":"DeleteReceived", "context":{"id":"c6941bbc-e47c-45ac-aedc-096754558e8a", "isDeleted:":"true", "version":"1694928210621"}}
{"logTime": "0906/050850", "correlationVector":"1MarNTpeFqHdVVfH5fbZ4k.3","action":"GetUpdates", "result":"DeleteReceived", "context":{"id":"2bbcf9e6-b7cf-4c79-923d-6fe7f60ac9e6", "isDeleted:":"true", "version":"1698654932885"}}
{"logTime": "0906/050850", "correlationVector":"1MarNTpeFqHdVVfH5fbZ4k.4","action":"GetUpdates", "result":"DeleteReceived", "context":{"id":"c966fee6-98b7-4e02-b4d2-212461b68fd6", "isDeleted:":"true", "version":"1702545631667"}}
{"logTime": "0906/050850", "correlationVector":"1MarNTpeFqHdVVfH5fbZ4k.5","action":"GetUpdates", "result":"DeleteReceived", "context":{"id":"ce14f353-3cd8-4636-a8bc-534fd1dfbbde", "isDeleted:":"true", "version":"1704438835093"}}
{"logTime": "0906/050850", "correlationVector":"1MarNTpeFqHdVVfH5fbZ4k.6","action":"GetUpdates", "result":"DeleteReceived", "context":{"id":"d72b77ac-1cca-4526-b6af-a73e806e3382", "isDeleted:":"true", "version":"1719919337729"}}
{"logTime": "0906/050850", "correlationVector":"1MarNTpeFqHdVVfH5fbZ4k.7","action":"GetUpdates", "result":"DeleteReceived", "context":{"id":"0be7fd40-3fda-41a4-8821-a69ce21bb4fa", "isDeleted:":"true", "version":"1723368497779"}}
{"logTime": "0906/050850", "correlationVector":"1MarNTpeFqHdVVfH5fbZ4k.8","action":"GetUpdates", "result":"DeleteReceived", "context":{"id":"dccd4c39-29cf-493b-92f6-86639d30441f", "isDeleted:":"true", "version":"1724147040369"}}
{"logTime": "0906/050850", "correlationVector":"1MarNTpeFqHdVVfH5fbZ4k.9","action":"GetUpdates", "result":"DeleteReceived", "context":{"id":"3b102e8f-1835-4cf8-bbb2-f5dd07b41e43", "isDeleted:":"true", "version":"1724147042030"}}
{"logTime": "0906/050850", "correlationVector":"1MarNTpeFqHdVVfH5fbZ4k.10","action":"GetUpdates", "result":"DeleteReceived", "context":{"id":"cf5e308d-99f1-4772-89ed-59e395829486", "isDeleted:":"true", "version":"1724147280865"}}
{"logTime": "0906/050850", "correlationVector":"1MarNTpeFqHdVVfH5fbZ4k.11","action":"GetUpdates", "result":"DeleteReceived", "context":{"id":"0b74e724-cade-4fbf-b573-86391d49b069", "isDeleted:":"true", "version":"1724147280866"}}
{"logTime": "0906/050850", "correlationVector":"1MarNTpeFqHdVVfH5fbZ4k.12","action":"GetUpdates", "result":"DeleteReceived", "context":{"id":"454862b3-935c-42ca-b448-7797bdcf7abd", "isDeleted:":"true", "version":"1724147280867"}}
{"logTime": "0906/050850", "correlationVector":"1MarNTpeFqHdVVfH5fbZ4k.13","action":"GetUpdates", "result":"DeleteReceived", "context":{"id":"c373b3ce-ea02-4d6c-981c-1f3484c08279", "isDeleted:":"true", "version":"1724147280868"}}
{"logTime": "0906/050850", "correlationVector":"1MarNTpeFqHdVVfH5fbZ4k.14","action":"GetUpdates", "result":"DeleteReceived", "context":{"id":"3fdbb025-8891-4048-9422-303a38d98b92", "isDeleted:":"true", "version":"1724147282634"}}
{"logTime": "0906/050850", "correlationVector":"1MarNTpeFqHdVVfH5fbZ4k.15","action":"GetUpdates", "result":"DeleteReceived", "context":{"id":"dcbe765c-18b2-48a8-969b-8f2a3b7b14dc", "isDeleted:":"true", "version":"1724147282635"}}
{"logTime": "0906/050850", "correlationVector":"1MarNTpeFqHdVVfH5fbZ4k.16","action":"GetUpdates", "result":"DeleteReceived", "context":{"id":"92643c67-f745-4c71-8689-1a2660d4fe99", "isDeleted:":"true", "version":"1724147282636"}}
{"logTime": "0906/050850", "correlationVector":"1MarNTpeFqHdVVfH5fbZ4k.17","action":"GetUpdates", "result":"DeleteReceived", "context":{"id":"15ec555b-e7a1-40fd-9674-7c4362d21818", "isDeleted:":"true", "version":"1724147282637"}}
{"logTime": "0906/050850", "correlationVector":"1MarNTpeFqHdVVfH5fbZ4k.18","action":"GetUpdates", "result":"DeleteReceived", "context":{"id":"453ad5f1-e1c4-476a-8dc7-168a731432aa", "isDeleted:":"true", "version":"1724147282638"}}
{"logTime": "0906/050850", "correlationVector":"1MarNTpeFqHdVVfH5fbZ4k.19","action":"GetUpdates", "result":"DeleteReceived", "context":{"id":"7a62ed39-2a56-4bf1-ac39-12952d52c742", "isDeleted:":"true", "version":"1724147282639"}}
{"logTime": "0906/050850", "correlationVector":"1MarNTpeFqHdVVfH5fbZ4k.20","action":"GetUpdates", "result":"DeleteReceived", "context":{"id":"d2e53f82-740c-4c93-8d48-8a59ae3af0b4", "isDeleted:":"true", "version":"1724147282640"}}
{"logTime": "0906/050850", "correlationVector":"1MarNTpeFqHdVVfH5fbZ4k.21","action":"GetUpdates", "result":"DeleteReceived", "context":{"id":"d8391f53-c50c-43d4-9d17-c6e9b9341f23", "isDeleted:":"true", "version":"1724147282641"}}
{"logTime": "0906/050850", "correlationVector":"1MarNTpeFqHdVVfH5fbZ4k.22","action":"GetUpdates", "result":"DeleteReceived", "context":{"id":"66b860f6-33c5-480b-bd44-cb8d125b5d25", "isDeleted:":"true", "version":"1724147282642"}}
{"logTime": "0906/050850", "correlationVector":"1MarNTpeFqHdVVfH5fbZ4k.23","action":"GetUpdates", "result":"DeleteReceived", "context":{"id":"a18e1015-a471-49d8-bcb1-732320d9aac9", "isDeleted:":"true", "version":"1724195174914"}}
{"logTime": "0906/050850", "correlationVector":"1MarNTpeFqHdVVfH5fbZ4k.24","action":"GetUpdates Response", "result":"Success", "context":Received 195 update(s). cV=1MarNTpeFqHdVVfH5fbZ4k.0;server=GENERAL0100001F;cloudType=Consumer;environment=Prod_SoutheastAsia_000j;migrationStage=NotStarted}
{"logTime": "0906/050850", "correlationVector":"+C7bvEmsgBJ4hulc+JtCBW","action":"Normal GetUpdate request", "result":"", "context":cV=+C7bvEmsgBJ4hulc+JtCBW
Refresh requested types: Bookmarks, Preferences, Passwords, Autofill Profiles, Autofill, Extensions, Extension settings, Device Info, User Consents, Send Tab To Self, Web Apps, Collection, Edge E Drop, Edge Hub App Usage, Edge Wallet, Encryption Keys}
{"logTime": "0906/050852", "correlationVector":"+C7bvEmsgBJ4hulc+JtCBW.1","action":"SyncServerConnectionManagerRequest", "result":"SYNC_SERVER_OK", "context":{"environment":"Prod_SoutheastAsia_000j", "migrationStage":"NotStarted", "server":"GENERAL0100000F"}}
{"logTime": "0906/050852", "correlationVector":"+C7bvEmsgBJ4hulc+JtCBW.2","action":"GetUpdates Response", "result":"Success", "context":Received 1 update(s). cV=+C7bvEmsgBJ4hulc+JtCBW.0;server=GENERAL0100000F;cloudType=Consumer;environment=Prod_SoutheastAsia_000j;migrationStage=NotStarted}
{"logTime": "0906/050852", "correlationVector":"LYoYYC7GjuiZiy2fX40L6p","action":"DoCompareDataConsistency requsted types: ", "result":"Bookmarks, Preferences, Passwords, Extensions, Extension settings, Send Tab To Self, Web Apps, Collection, Edge E Drop, Edge Wallet, Encryption Keys"}
{"logTime": "0906/050852", "correlationVector":"LYoYYC7GjuiZiy2fX40L6p.0","action":"CompareDataConsistency result: ", "result":"Compare result: Encryption Keys is consistent. local entities count is: 1 local entities hash is: FBKJk2YbXlwBweXsSfTAk1IPCV8="}
{"logTime": "0906/050852", "correlationVector":"LYoYYC7GjuiZiy2fX40L6p.1","action":"CompareDataConsistency result: ", "result":"Compare result: Bookmarks is consistent. local entities count is: 56 local entities hash is: O9elc/VSiCroEv6hwcwZRv78oXc="}
{"logTime": "0906/050852", "correlationVector":"LYoYYC7GjuiZiy2fX40L6p.2","action":"CompareDataConsistency result: ", "result":"Compare result: Preferences is consistent. local entities count is: 112 local entities hash is: LLMOTPtA8yXddiTdT+L1VDYoakE="}
{"logTime": "0906/050852", "correlationVector":"LYoYYC7GjuiZiy2fX40L6p.3","action":"CompareDataConsistency result: ", "result":"Compare result: Extensions is consistent. local entities count is: 3 local entities hash is: OjrGTDewQ5ojZATqlXgnEWi/s7k="}
{"logTime": "0906/050852", "correlationVector":"LYoYYC7GjuiZiy2fX40L6p.4","action":"CompareDataConsistency result: ", "result":"Compare result: Extension settings is consistent. local entities count is: 9 local entities hash is: Xl+kzC+Ay9PtuU2NbmRNmUUu0/I="}
{"logTime": "0906/050852", "correlationVector":"LYoYYC7GjuiZiy2fX40L6p.5","action":"CompareDataConsistency result: ", "result":"Server did not send this Send Tab To Self local entities count is: 0 local entities hash is: "}
{"logTime": "0906/050852", "correlationVector":"LYoYYC7GjuiZiy2fX40L6p.6","action":"CompareDataConsistency result: ", "result":"Compare result: Web Apps is consistent. local entities count is: 0 local entities hash is: "}
{"logTime": "0906/050852", "correlationVector":"LYoYYC7GjuiZiy2fX40L6p.7","action":"CompareDataConsistency result: ", "result":"Compare result: Collection is consistent. local entities count is: 0 local entities hash is: "}
{"logTime": "0906/050852", "correlationVector":"LYoYYC7GjuiZiy2fX40L6p.8","action":"CompareDataConsistency result: ", "result":"Compare result: Edge E Drop is consistent. local entities count is: 0 local entities hash is: "}
{"logTime": "0906/050852", "correlationVector":"LYoYYC7GjuiZiy2fX40L6p.9","action":"CompareDataConsistency result: ", "result":"Compare result: Edge Wallet is consistent. local entities count is: 0 local entities hash is: "}
{"logTime": "0906/050852", "correlationVector":"LYoYYC7GjuiZiy2fX40L6p.10","action":"CompareDataConsistency result: ", "result":"Compare result: Passwords is consistent. local entities count is: 173 local entities hash is: HigBf56yZAQNP1WSNzxnsCwzUk4="}
{"logTime": "0906/050852", "correlationVector":"","action":"DIAGNOSTIC_REQUEST|v1/diagnosticData/Diagnostic.SendCheckResult()|SUCCESS", "result":""}
{"logTime": "0906/051128", "correlationVector":"8pvopzZo4PhTwwEr2HsoDS.1","action":"SyncServerConnectionManagerRequest", "result":"SYNC_SERVER_OK", "context":{"environment":"Prod_SoutheastAsia_000j", "migrationStage":"NotStarted", "server":"GENERAL01000008"}}
{"logTime": "0906/051128", "correlationVector":"3OTayeCQOHaMsOlsfZseIl","action":"SyncServerConnectionManagerRequest", "result":"SYNC_SERVER_OK", "context":{"environment":"", "migrationStage":"", "server":""}}
{"logTime": "0906/051128", "correlationVector":"8pvopzZo4PhTwwEr2HsoDS","action":"Initial GetUpdates", "result":"", "context":Reason: NEW_CLIENT. cV=8pvopzZo4PhTwwEr2HsoDS}
{"logTime": "0906/051128", "correlationVector":"8pvopzZo4PhTwwEr2HsoDS.2","action":"GetUpdates Response", "result":"Success", "context":Received 1 update(s). cV=8pvopzZo4PhTwwEr2HsoDS.0;server=GENERAL01000008;cloudType=Consumer;environment=Prod_SoutheastAsia_000j;migrationStage=NotStarted}
{"logTime": "0906/051128", "correlationVector":"RPza383jWmSSMXsQbmfQnI","action":"Initial GetUpdates", "result":"", "context":Reason: NEWLY_SUPPORTED_DATATYPE. cV=RPza383jWmSSMXsQbmfQnI}
{"logTime": "0906/051129", "correlationVector":"RPza383jWmSSMXsQbmfQnI.1","action":"SyncServerConnectionManagerRequest", "result":"SYNC_SERVER_OK", "context":{"environment":"Prod_SoutheastAsia_000j", "migrationStage":"NotStarted", "server":"GENERAL0300002G"}}
{"logTime": "0906/051129", "correlationVector":"RPza383jWmSSMXsQbmfQnI.2","action":"GetUpdates", "result":"DeleteReceived", "context":{"id":"c6941bbc-e47c-45ac-aedc-096754558e8a", "isDeleted:":"true", "version":"1694928210621"}}
{"logTime": "0906/051129", "correlationVector":"RPza383jWmSSMXsQbmfQnI.3","action":"GetUpdates", "result":"DeleteReceived", "context":{"id":"2bbcf9e6-b7cf-4c79-923d-6fe7f60ac9e6", "isDeleted:":"true", "version":"1698654932885"}}
{"logTime": "0906/051129", "correlationVector":"RPza383jWmSSMXsQbmfQnI.4","action":"GetUpdates", "result":"DeleteReceived", "context":{"id":"c966fee6-98b7-4e02-b4d2-212461b68fd6", "isDeleted:":"true", "version":"1702545631667"}}
{"logTime": "0906/051129", "correlationVector":"RPza383jWmSSMXsQbmfQnI.5","action":"GetUpdates", "result":"DeleteReceived", "context":{"id":"ce14f353-3cd8-4636-a8bc-534fd1dfbbde", "isDeleted:":"true", "version":"1704438835093"}}
{"logTime": "0906/051129", "correlationVector":"RPza383jWmSSMXsQbmfQnI.6","action":"GetUpdates", "result":"DeleteReceived", "context":{"id":"d72b77ac-1cca-4526-b6af-a73e806e3382", "isDeleted:":"true", "version":"1719919337729"}}
{"logTime": "0906/051129", "correlationVector":"RPza383jWmSSMXsQbmfQnI.7","action":"GetUpdates", "result":"DeleteReceived", "context":{"id":"0be7fd40-3fda-41a4-8821-a69ce21bb4fa", "isDeleted:":"true", "version":"1723368497779"}}
{"logTime": "0906/051129", "correlationVector":"RPza383jWmSSMXsQbmfQnI.8","action":"GetUpdates", "result":"DeleteReceived", "context":{"id":"dccd4c39-29cf-493b-92f6-86639d30441f", "isDeleted:":"true", "version":"1724147040369"}}
{"logTime": "0906/051129", "correlationVector":"RPza383jWmSSMXsQbmfQnI.9","action":"GetUpdates", "result":"DeleteReceived", "context":{"id":"3b102e8f-1835-4cf8-bbb2-f5dd07b41e43", "isDeleted:":"true", "version":"1724147042030"}}
{"logTime": "0906/051129", "correlationVector":"RPza383jWmSSMXsQbmfQnI.10","action":"GetUpdates", "result":"DeleteReceived", "context":{"id":"cf5e308d-99f1-4772-89ed-59e395829486", "isDeleted:":"true", "version":"1724147280865"}}
{"logTime": "0906/051129", "correlationVector":"RPza383jWmSSMXsQbmfQnI.11","action":"GetUpdates", "result":"DeleteReceived", "context":{"id":"0b74e724-cade-4fbf-b573-86391d49b069", "isDeleted:":"true", "version":"1724147280866"}}
{"logTime": "0906/051129", "correlationVector":"RPza383jWmSSMXsQbmfQnI.12","action":"GetUpdates", "result":"DeleteReceived", "context":{"id":"454862b3-935c-42ca-b448-7797bdcf7abd", "isDeleted:":"true", "version":"1724147280867"}}
{"logTime": "0906/051129", "correlationVector":"RPza383jWmSSMXsQbmfQnI.13","action":"GetUpdates", "result":"DeleteReceived", "context":{"id":"c373b3ce-ea02-4d6c-981c-1f3484c08279", "isDeleted:":"true", "version":"1724147280868"}}
{"logTime": "0906/051129", "correlationVector":"RPza383jWmSSMXsQbmfQnI.14","action":"GetUpdates", "result":"DeleteReceived", "context":{"id":"3fdbb025-8891-4048-9422-303a38d98b92", "isDeleted:":"true", "version":"1724147282634"}}
{"logTime": "0906/051129", "correlationVector":"RPza383jWmSSMXsQbmfQnI.15","action":"GetUpdates", "result":"DeleteReceived", "context":{"id":"dcbe765c-18b2-48a8-969b-8f2a3b7b14dc", "isDeleted:":"true", "version":"1724147282635"}}
{"logTime": "0906/051129", "correlationVector":"RPza383jWmSSMXsQbmfQnI.16","action":"GetUpdates", "result":"DeleteReceived", "context":{"id":"92643c67-f745-4c71-8689-1a2660d4fe99", "isDeleted:":"true", "version":"1724147282636"}}
{"logTime": "0906/051129", "correlationVector":"RPza383jWmSSMXsQbmfQnI.17","action":"GetUpdates", "result":"DeleteReceived", "context":{"id":"15ec555b-e7a1-40fd-9674-7c4362d21818", "isDeleted:":"true", "version":"1724147282637"}}
{"logTime": "0906/051129", "correlationVector":"RPza383jWmSSMXsQbmfQnI.18","action":"GetUpdates", "result":"DeleteReceived", "context":{"id":"453ad5f1-e1c4-476a-8dc7-168a731432aa", "isDeleted:":"true", "version":"1724147282638"}}
{"logTime": "0906/051129", "correlationVector":"RPza383jWmSSMXsQbmfQnI.19","action":"GetUpdates", "result":"DeleteReceived", "context":{"id":"7a62ed39-2a56-4bf1-ac39-12952d52c742", "isDeleted:":"true", "version":"1724147282639"}}
{"logTime": "0906/051129", "correlationVector":"RPza383jWmSSMXsQbmfQnI.20","action":"GetUpdates", "result":"DeleteReceived", "context":{"id":"d2e53f82-740c-4c93-8d48-8a59ae3af0b4", "isDeleted:":"true", "version":"1724147282640"}}
{"logTime": "0906/051129", "correlationVector":"RPza383jWmSSMXsQbmfQnI.21","action":"GetUpdates", "result":"DeleteReceived", "context":{"id":"d8391f53-c50c-43d4-9d17-c6e9b9341f23", "isDeleted:":"true", "version":"1724147282641"}}
{"logTime": "0906/051129", "correlationVector":"RPza383jWmSSMXsQbmfQnI.22","action":"GetUpdates", "result":"DeleteReceived", "context":{"id":"66b860f6-33c5-480b-bd44-cb8d125b5d25", "isDeleted:":"true", "version":"1724147282642"}}
{"logTime": "0906/051129", "correlationVector":"RPza383jWmSSMXsQbmfQnI.23","action":"GetUpdates", "result":"DeleteReceived", "context":{"id":"a18e1015-a471-49d8-bcb1-732320d9aac9", "isDeleted:":"true", "version":"1724195174914"}}
{"logTime": "0906/051129", "correlationVector":"RPza383jWmSSMXsQbmfQnI.24","action":"GetUpdates Response", "result":"Success", "context":Received 195 update(s). cV=RPza383jWmSSMXsQbmfQnI.0;server=GENERAL0300002G;cloudType=Consumer;environment=Prod_SoutheastAsia_000j;migrationStage=NotStarted}
{"logTime": "0906/051129", "correlationVector":"THVP9YaxMJtpqw6O7qQtfG","action":"Normal GetUpdate request", "result":"", "context":cV=THVP9YaxMJtpqw6O7qQtfG
Nudged types: Preferences
Refresh requested types: Bookmarks, Preferences, Passwords, Autofill Profiles, Autofill, Extensions, Extension settings, Device Info, User Consents, Send Tab To Self, Web Apps, Collection, Edge E Drop, Edge Hub App Usage, Edge Wallet, Encryption Keys}
{"logTime": "0906/051130", "correlationVector":"THVP9YaxMJtpqw6O7qQtfG.1","action":"SyncServerConnectionManagerRequest", "result":"SYNC_SERVER_OK", "context":{"environment":"Prod_SoutheastAsia_000j", "migrationStage":"NotStarted", "server":"GENERAL0100000R"}}
{"logTime": "0906/051130", "correlationVector":"THVP9YaxMJtpqw6O7qQtfG.2","action":"GetUpdates Response", "result":"Success", "context":Received 0 update(s). cV=THVP9YaxMJtpqw6O7qQtfG.0;server=GENERAL0100000R;cloudType=Consumer;environment=Prod_SoutheastAsia_000j;migrationStage=NotStarted}
{"logTime": "0906/051130", "correlationVector":"96xj7VzxtnvARRw0X5Bo0I","action":"Commit Request", "result":"", "context":Item count: 1
Contributing types: Preferences}
{"logTime": "0906/051130", "correlationVector":"96xj7VzxtnvARRw0X5Bo0I.1","action":"SyncServerConnectionManagerRequest", "result":"SYNC_SERVER_OK", "context":{"environment":"Prod_SoutheastAsia_000j", "migrationStage":"NotStarted", "server":"GENERAL0100000F"}}
{"logTime": "0906/051130", "correlationVector":"96xj7VzxtnvARRw0X5Bo0I.2","action":"Commit Response", "result":"Success", "context":Result: Success. cV=96xj7VzxtnvARRw0X5Bo0I.0;server=GENERAL0100000F;cloudType=Consumer;environment=Prod_SoutheastAsia_000j;migrationStage=NotStarted}
{"logTime": "0906/051132", "correlationVector":"lBj/dLczzXTobPVY9mdgov","action":"Normal GetUpdate request", "result":"", "context":cV=lBj/dLczzXTobPVY9mdgov
Nudged types: Preferences}
{"logTime": "0906/051134", "correlationVector":"lBj/dLczzXTobPVY9mdgov.1","action":"SyncServerConnectionManagerRequest", "result":"SYNC_SERVER_OK", "context":{"environment":"Prod_SoutheastAsia_000j", "migrationStage":"NotStarted", "server":"GENERAL03000030"}}
{"logTime": "0906/051134", "correlationVector":"lBj/dLczzXTobPVY9mdgov.2","action":"GetUpdates Response", "result":"Success", "context":Received 1 update(s). cV=lBj/dLczzXTobPVY9mdgov.0;server=GENERAL03000030;cloudType=Consumer;environment=Prod_SoutheastAsia_000j;migrationStage=NotStarted}
{"logTime": "0906/051134", "correlationVector":"UR+snZGv5ANPkMwF3KLWVN","action":"DoCompareDataConsistency requsted types: ", "result":"Bookmarks, Preferences, Passwords, Extensions, Extension settings, Send Tab To Self, Web Apps, Collection, Edge E Drop, Edge Wallet, Encryption Keys"}
{"logTime": "0906/051134", "correlationVector":"UR+snZGv5ANPkMwF3KLWVN.0","action":"CompareDataConsistency result: ", "result":"Compare result: Encryption Keys is consistent. local entities count is: 1 local entities hash is: FBKJk2YbXlwBweXsSfTAk1IPCV8="}
{"logTime": "0906/051134", "correlationVector":"UR+snZGv5ANPkMwF3KLWVN.1","action":"CompareDataConsistency result: ", "result":"Compare result: Bookmarks is consistent. local entities count is: 56 local entities hash is: O9elc/VSiCroEv6hwcwZRv78oXc="}
{"logTime": "0906/051134", "correlationVector":"UR+snZGv5ANPkMwF3KLWVN.2","action":"CompareDataConsistency result: ", "result":"Compare result: Preferences is consistent. local entities count is: 112 local entities hash is: fKhWmJ7/YyYooE8z6UB4PVKPjFo="}
{"logTime": "0906/051134", "correlationVector":"UR+snZGv5ANPkMwF3KLWVN.3","action":"CompareDataConsistency result: ", "result":"Compare result: Extensions is consistent. local entities count is: 3 local entities hash is: OjrGTDewQ5ojZATqlXgnEWi/s7k="}
{"logTime": "0906/051134", "correlationVector":"UR+snZGv5ANPkMwF3KLWVN.4","action":"CompareDataConsistency result: ", "result":"Compare result: Extension settings is consistent. local entities count is: 9 local entities hash is: Xl+kzC+Ay9PtuU2NbmRNmUUu0/I="}
{"logTime": "0906/051134", "correlationVector":"UR+snZGv5ANPkMwF3KLWVN.5","action":"CompareDataConsistency result: ", "result":"Server did not send this Send Tab To Self local entities count is: 0 local entities hash is: "}
{"logTime": "0906/051134", "correlationVector":"UR+snZGv5ANPkMwF3KLWVN.6","action":"CompareDataConsistency result: ", "result":"Compare result: Web Apps is consistent. local entities count is: 0 local entities hash is: "}
{"logTime": "0906/051134", "correlationVector":"UR+snZGv5ANPkMwF3KLWVN.7","action":"CompareDataConsistency result: ", "result":"Compare result: Collection is consistent. local entities count is: 0 local entities hash is: "}
{"logTime": "0906/051134", "correlationVector":"UR+snZGv5ANPkMwF3KLWVN.8","action":"CompareDataConsistency result: ", "result":"Compare result: Edge E Drop is consistent. local entities count is: 0 local entities hash is: "}
{"logTime": "0906/051134", "correlationVector":"UR+snZGv5ANPkMwF3KLWVN.9","action":"CompareDataConsistency result: ", "result":"Compare result: Edge Wallet is consistent. local entities count is: 0 local entities hash is: "}
{"logTime": "0906/051134", "correlationVector":"UR+snZGv5ANPkMwF3KLWVN.10","action":"CompareDataConsistency result: ", "result":"Compare result: Passwords is consistent. local entities count is: 173 local entities hash is: HigBf56yZAQNP1WSNzxnsCwzUk4="}
{"logTime": "0906/051134", "correlationVector":"","action":"DIAGNOSTIC_REQUEST|v1/diagnosticData/Diagnostic.SendCheckResult()|SUCCESS", "result":""}
{"logTime": "0906/051136", "correlationVector":"Z8Dm1DVEbfgNPKDbP2L+rw","action":"Commit Request", "result":"", "context":Item count: 1
Contributing types: Preferences}
{"logTime": "0906/051137", "correlationVector":"Z8Dm1DVEbfgNPKDbP2L+rw.1","action":"SyncServerConnectionManagerRequest", "result":"SYNC_SERVER_OK", "context":{"environment":"Prod_SoutheastAsia_000j", "migrationStage":"NotStarted", "server":"general01000016"}}
{"logTime": "0906/051137", "correlationVector":"Z8Dm1DVEbfgNPKDbP2L+rw.2","action":"Commit Response", "result":"Success", "context":Result: Success. cV=Z8Dm1DVEbfgNPKDbP2L+rw.0;server=general01000016;cloudType=Consumer;environment=Prod_SoutheastAsia_000j;migrationStage=NotStarted}
{"logTime": "0906/051159", "correlationVector":"HE+3qcm3yJftg9K0th87oo","action":"Normal GetUpdate request", "result":"", "context":cV=HE+3qcm3yJftg9K0th87oo
Notified types: Preferences}
{"logTime": "0906/051159", "correlationVector":"HE+3qcm3yJftg9K0th87oo.1","action":"SyncServerConnectionManagerRequest", "result":"SYNC_SERVER_OK", "context":{"environment":"Prod_SoutheastAsia_000j", "migrationStage":"NotStarted", "server":"GENERAL01000011"}}
{"logTime": "0906/051159", "correlationVector":"HE+3qcm3yJftg9K0th87oo.2","action":"GetUpdates Response", "result":"Success", "context":Received 2 update(s). cV=HE+3qcm3yJftg9K0th87oo.0;server=GENERAL01000011;cloudType=Consumer;environment=Prod_SoutheastAsia_000j;migrationStage=NotStarted}
{"logTime": "0906/051358", "correlationVector":"GgxyPEAifgmEo3VNPnGsmT.1","action":"SyncServerConnectionManagerRequest", "result":"SYNC_SERVER_OK", "context":{"environment":"Prod_SoutheastAsia_000j", "migrationStage":"NotStarted", "server":"GENERAL0300000S"}}
{"logTime": "0906/051358", "correlationVector":"c/dfq+WkruoGsOsXlL+GFI","action":"SyncServerConnectionManagerRequest", "result":"SYNC_SERVER_OK", "context":{"environment":"", "migrationStage":"", "server":""}}
{"logTime": "0906/051358", "correlationVector":"GgxyPEAifgmEo3VNPnGsmT","action":"Initial GetUpdates", "result":"", "context":Reason: NEW_CLIENT. cV=GgxyPEAifgmEo3VNPnGsmT}
{"logTime": "0906/051358", "correlationVector":"GgxyPEAifgmEo3VNPnGsmT.2","action":"GetUpdates Response", "result":"Success", "context":Received 1 update(s). cV=GgxyPEAifgmEo3VNPnGsmT.0;server=GENERAL0300000S;cloudType=Consumer;environment=Prod_SoutheastAsia_000j;migrationStage=NotStarted}
{"logTime": "0906/051358", "correlationVector":"e3NzMDnbqszpzki9h1ghLZ","action":"Initial GetUpdates", "result":"", "context":Reason: NEWLY_SUPPORTED_DATATYPE. cV=e3NzMDnbqszpzki9h1ghLZ}
{"logTime": "0906/051359", "correlationVector":"e3NzMDnbqszpzki9h1ghLZ.1","action":"SyncServerConnectionManagerRequest", "result":"SYNC_SERVER_OK", "context":{"environment":"Prod_SoutheastAsia_000j", "migrationStage":"NotStarted", "server":"GENERAL0100001B"}}
{"logTime": "0906/051359", "correlationVector":"e3NzMDnbqszpzki9h1ghLZ.2","action":"GetUpdates", "result":"DeleteReceived", "context":{"id":"c6941bbc-e47c-45ac-aedc-096754558e8a", "isDeleted:":"true", "version":"1694928210621"}}
{"logTime": "0906/051359", "correlationVector":"e3NzMDnbqszpzki9h1ghLZ.3","action":"GetUpdates", "result":"DeleteReceived", "context":{"id":"2bbcf9e6-b7cf-4c79-923d-6fe7f60ac9e6", "isDeleted:":"true", "version":"1698654932885"}}
{"logTime": "0906/051359", "correlationVector":"e3NzMDnbqszpzki9h1ghLZ.4","action":"GetUpdates", "result":"DeleteReceived", "context":{"id":"c966fee6-98b7-4e02-b4d2-212461b68fd6", "isDeleted:":"true", "version":"1702545631667"}}
{"logTime": "0906/051359", "correlationVector":"e3NzMDnbqszpzki9h1ghLZ.5","action":"GetUpdates", "result":"DeleteReceived", "context":{"id":"ce14f353-3cd8-4636-a8bc-534fd1dfbbde", "isDeleted:":"true", "version":"1704438835093"}}
{"logTime": "0906/051359", "correlationVector":"e3NzMDnbqszpzki9h1ghLZ.6","action":"GetUpdates", "result":"DeleteReceived", "context":{"id":"d72b77ac-1cca-4526-b6af-a73e806e3382", "isDeleted:":"true", "version":"1719919337729"}}
{"logTime": "0906/051359", "correlationVector":"e3NzMDnbqszpzki9h1ghLZ.7","action":"GetUpdates", "result":"DeleteReceived", "context":{"id":"0be7fd40-3fda-41a4-8821-a69ce21bb4fa", "isDeleted:":"true", "version":"1723368497779"}}
{"logTime": "0906/051359", "correlationVector":"e3NzMDnbqszpzki9h1ghLZ.8","action":"GetUpdates", "result":"DeleteReceived", "context":{"id":"dccd4c39-29cf-493b-92f6-86639d30441f", "isDeleted:":"true", "version":"1724147040369"}}
{"logTime": "0906/051359", "correlationVector":"e3NzMDnbqszpzki9h1ghLZ.9","action":"GetUpdates", "result":"DeleteReceived", "context":{"id":"3b102e8f-1835-4cf8-bbb2-f5dd07b41e43", "isDeleted:":"true", "version":"1724147042030"}}
{"logTime": "0906/051359", "correlationVector":"e3NzMDnbqszpzki9h1ghLZ.10","action":"GetUpdates", "result":"DeleteReceived", "context":{"id":"cf5e308d-99f1-4772-89ed-59e395829486", "isDeleted:":"true", "version":"1724147280865"}}
{"logTime": "0906/051359", "correlationVector":"e3NzMDnbqszpzki9h1ghLZ.11","action":"GetUpdates", "result":"DeleteReceived", "context":{"id":"0b74e724-cade-4fbf-b573-86391d49b069", "isDeleted:":"true", "version":"1724147280866"}}
{"logTime": "0906/051359", "correlationVector":"e3NzMDnbqszpzki9h1ghLZ.12","action":"GetUpdates", "result":"DeleteReceived", "context":{"id":"454862b3-935c-42ca-b448-7797bdcf7abd", "isDeleted:":"true", "version":"1724147280867"}}
{"logTime": "0906/051359", "correlationVector":"e3NzMDnbqszpzki9h1ghLZ.13","action":"GetUpdates", "result":"DeleteReceived", "context":{"id":"c373b3ce-ea02-4d6c-981c-1f3484c08279", "isDeleted:":"true", "version":"1724147280868"}}
{"logTime": "0906/051359", "correlationVector":"e3NzMDnbqszpzki9h1ghLZ.14","action":"GetUpdates", "result":"DeleteReceived", "context":{"id":"3fdbb025-8891-4048-9422-303a38d98b92", "isDeleted:":"true", "version":"1724147282634"}}
{"logTime": "0906/051359", "correlationVector":"e3NzMDnbqszpzki9h1ghLZ.15","action":"GetUpdates", "result":"DeleteReceived", "context":{"id":"dcbe765c-18b2-48a8-969b-8f2a3b7b14dc", "isDeleted:":"true", "version":"1724147282635"}}
{"logTime": "0906/051359", "correlationVector":"e3NzMDnbqszpzki9h1ghLZ.16","action":"GetUpdates", "result":"DeleteReceived", "context":{"id":"92643c67-f745-4c71-8689-1a2660d4fe99", "isDeleted:":"true", "version":"1724147282636"}}
{"logTime": "0906/051359", "correlationVector":"e3NzMDnbqszpzki9h1ghLZ.17","action":"GetUpdates", "result":"DeleteReceived", "context":{"id":"15ec555b-e7a1-40fd-9674-7c4362d21818", "isDeleted:":"true", "version":"1724147282637"}}
{"logTime": "0906/051359", "correlationVector":"e3NzMDnbqszpzki9h1ghLZ.18","action":"GetUpdates", "result":"DeleteReceived", "context":{"id":"453ad5f1-e1c4-476a-8dc7-168a731432aa", "isDeleted:":"true", "version":"1724147282638"}}
{"logTime": "0906/051359", "correlationVector":"e3NzMDnbqszpzki9h1ghLZ.19","action":"GetUpdates", "result":"DeleteReceived", "context":{"id":"7a62ed39-2a56-4bf1-ac39-12952d52c742", "isDeleted:":"true", "version":"1724147282639"}}
{"logTime": "0906/051359", "correlationVector":"e3NzMDnbqszpzki9h1ghLZ.20","action":"GetUpdates", "result":"DeleteReceived", "context":{"id":"d2e53f82-740c-4c93-8d48-8a59ae3af0b4", "isDeleted:":"true", "version":"1724147282640"}}
{"logTime": "0906/051359", "correlationVector":"e3NzMDnbqszpzki9h1ghLZ.21","action":"GetUpdates", "result":"DeleteReceived", "context":{"id":"d8391f53-c50c-43d4-9d17-c6e9b9341f23", "isDeleted:":"true", "version":"1724147282641"}}
{"logTime": "0906/051359", "correlationVector":"e3NzMDnbqszpzki9h1ghLZ.22","action":"GetUpdates", "result":"DeleteReceived", "context":{"id":"66b860f6-33c5-480b-bd44-cb8d125b5d25", "isDeleted:":"true", "version":"1724147282642"}}
{"logTime": "0906/051359", "correlationVector":"e3NzMDnbqszpzki9h1ghLZ.23","action":"GetUpdates", "result":"DeleteReceived", "context":{"id":"a18e1015-a471-49d8-bcb1-732320d9aac9", "isDeleted:":"true", "version":"1724195174914"}}
{"logTime": "0906/051359", "correlationVector":"e3NzMDnbqszpzki9h1ghLZ.24","action":"GetUpdates Response", "result":"Success", "context":Received 195 update(s). cV=e3NzMDnbqszpzki9h1ghLZ.0;server=GENERAL0100001B;cloudType=Consumer;environment=Prod_SoutheastAsia_000j;migrationStage=NotStarted}
{"logTime": "0906/051359", "correlationVector":"yNWiUNeU50wAkaEqntlwxd","action":"Normal GetUpdate request", "result":"", "context":cV=yNWiUNeU50wAkaEqntlwxd
Refresh requested types: Bookmarks, Preferences, Passwords, Autofill Profiles, Autofill, Extensions, Extension settings, Device Info, User Consents, Send Tab To Self, Web Apps, Collection, Edge E Drop, Edge Hub App Usage, Edge Wallet, Encryption Keys}
{"logTime": "0906/051400", "correlationVector":"yNWiUNeU50wAkaEqntlwxd.1","action":"SyncServerConnectionManagerRequest", "result":"SYNC_SERVER_OK", "context":{"environment":"Prod_SoutheastAsia_000j", "migrationStage":"NotStarted", "server":"GENERAL0300000Y"}}
{"logTime": "0906/051400", "correlationVector":"yNWiUNeU50wAkaEqntlwxd.2","action":"GetUpdates Response", "result":"Success", "context":Received 0 update(s). cV=yNWiUNeU50wAkaEqntlwxd.0;server=GENERAL0300000Y;cloudType=Consumer;environment=Prod_SoutheastAsia_000j;migrationStage=NotStarted}
{"logTime": "0906/051400", "correlationVector":"BbslxWr9zwGP3HBFpZzaIU","action":"DoCompareDataConsistency requsted types: ", "result":"Bookmarks, Preferences, Passwords, Extensions, Extension settings, Send Tab To Self, Web Apps, Collection, Edge E Drop, Edge Wallet, Encryption Keys"}
{"logTime": "0906/051400", "correlationVector":"BbslxWr9zwGP3HBFpZzaIU.0","action":"CompareDataConsistency result: ", "result":"Compare result: Encryption Keys is consistent. local entities count is: 1 local entities hash is: FBKJk2YbXlwBweXsSfTAk1IPCV8="}
{"logTime": "0906/051400", "correlationVector":"BbslxWr9zwGP3HBFpZzaIU.1","action":"CompareDataConsistency result: ", "result":"Compare result: Bookmarks is consistent. local entities count is: 56 local entities hash is: O9elc/VSiCroEv6hwcwZRv78oXc="}
{"logTime": "0906/051400", "correlationVector":"BbslxWr9zwGP3HBFpZzaIU.2","action":"CompareDataConsistency result: ", "result":"Compare result: Preferences is consistent. local entities count is: 112 local entities hash is: T9U0m1xz6voNn0uVyWzV4qaTIDw="}
{"logTime": "0906/051400", "correlationVector":"BbslxWr9zwGP3HBFpZzaIU.3","action":"CompareDataConsistency result: ", "result":"Compare result: Extensions is consistent. local entities count is: 3 local entities hash is: OjrGTDewQ5ojZATqlXgnEWi/s7k="}
{"logTime": "0906/051400", "correlationVector":"BbslxWr9zwGP3HBFpZzaIU.4","action":"CompareDataConsistency result: ", "result":"Compare result: Extension settings is consistent. local entities count is: 9 local entities hash is: Xl+kzC+Ay9PtuU2NbmRNmUUu0/I="}
{"logTime": "0906/051400", "correlationVector":"BbslxWr9zwGP3HBFpZzaIU.5","action":"CompareDataConsistency result: ", "result":"Server did not send this Send Tab To Self local entities count is: 0 local entities hash is: "}
{"logTime": "0906/051400", "correlationVector":"BbslxWr9zwGP3HBFpZzaIU.6","action":"CompareDataConsistency result: ", "result":"Compare result: Web Apps is consistent. local entities count is: 0 local entities hash is: "}
{"logTime": "0906/051400", "correlationVector":"BbslxWr9zwGP3HBFpZzaIU.7","action":"CompareDataConsistency result: ", "result":"Compare result: Collection is consistent. local entities count is: 0 local entities hash is: "}
{"logTime": "0906/051400", "correlationVector":"BbslxWr9zwGP3HBFpZzaIU.8","action":"CompareDataConsistency result: ", "result":"Compare result: Edge E Drop is consistent. local entities count is: 0 local entities hash is: "}
{"logTime": "0906/051400", "correlationVector":"BbslxWr9zwGP3HBFpZzaIU.9","action":"CompareDataConsistency result: ", "result":"Compare result: Edge Wallet is consistent. local entities count is: 0 local entities hash is: "}
{"logTime": "0906/051400", "correlationVector":"BbslxWr9zwGP3HBFpZzaIU.10","action":"CompareDataConsistency result: ", "result":"Compare result: Passwords is consistent. local entities count is: 173 local entities hash is: HigBf56yZAQNP1WSNzxnsCwzUk4="}
{"logTime": "0906/051400", "correlationVector":"","action":"DIAGNOSTIC_REQUEST|v1/diagnosticData/Diagnostic.SendCheckResult()|SUCCESS", "result":""}
{"logTime": "0906/051406", "correlationVector":"UtNJ3nQr1tljdcBZHy5Z3C","action":"Normal GetUpdate request", "result":"", "context":cV=UtNJ3nQr1tljdcBZHy5Z3C
Nudged types: Preferences}
{"logTime": "0906/051406", "correlationVector":"UtNJ3nQr1tljdcBZHy5Z3C.1","action":"SyncServerConnectionManagerRequest", "result":"SYNC_SERVER_OK", "context":{"environment":"Prod_SoutheastAsia_000j", "migrationStage":"NotStarted", "server":"GENERAL0100001D"}}
{"logTime": "0906/051406", "correlationVector":"UtNJ3nQr1tljdcBZHy5Z3C.2","action":"GetUpdates Response", "result":"Success", "context":Received 0 update(s). cV=UtNJ3nQr1tljdcBZHy5Z3C.0;server=GENERAL0100001D;cloudType=Consumer;environment=Prod_SoutheastAsia_000j;migrationStage=NotStarted}
{"logTime": "0906/051406", "correlationVector":"JC8Kq21sY1sWJRj2GchNTh","action":"Commit Request", "result":"", "context":Item count: 1
Contributing types: Preferences}
{"logTime": "0906/051407", "correlationVector":"JC8Kq21sY1sWJRj2GchNTh.1","action":"SyncServerConnectionManagerRequest", "result":"SYNC_SERVER_OK", "context":{"environment":"Prod_SoutheastAsia_000j", "migrationStage":"NotStarted", "server":"GENERAL0300002K"}}
{"logTime": "0906/051407", "correlationVector":"JC8Kq21sY1sWJRj2GchNTh.2","action":"Commit Response", "result":"Success", "context":Result: Success. cV=JC8Kq21sY1sWJRj2GchNTh.0;server=GENERAL0300002K;cloudType=Consumer;environment=Prod_SoutheastAsia_000j;migrationStage=NotStarted}
{"logTime": "0906/051718", "correlationVector":"I4PjZsc0eHwOKSWkwuECIz.1","action":"SyncServerConnectionManagerRequest", "result":"SYNC_SERVER_OK", "context":{"environment":"Prod_SoutheastAsia_000j", "migrationStage":"NotStarted", "server":"GENERAL03000019"}}
{"logTime": "0906/051719", "correlationVector":"M1011Bjp5VEWhfRuoGc+6R","action":"SyncServerConnectionManagerRequest", "result":"SYNC_SERVER_OK", "context":{"environment":"", "migrationStage":"", "server":""}}
{"logTime": "0906/051719", "correlationVector":"I4PjZsc0eHwOKSWkwuECIz","action":"Initial GetUpdates", "result":"", "context":Reason: NEW_CLIENT. cV=I4PjZsc0eHwOKSWkwuECIz}
{"logTime": "0906/051719", "correlationVector":"I4PjZsc0eHwOKSWkwuECIz.2","action":"GetUpdates Response", "result":"Success", "context":Received 1 update(s). cV=I4PjZsc0eHwOKSWkwuECIz.0;server=GENERAL03000019;cloudType=Consumer;environment=Prod_SoutheastAsia_000j;migrationStage=NotStarted}
{"logTime": "0906/051719", "correlationVector":"isVJgi8MA7ewZj617XllIZ","action":"Initial GetUpdates", "result":"", "context":Reason: NEWLY_SUPPORTED_DATATYPE. cV=isVJgi8MA7ewZj617XllIZ}
{"logTime": "0906/051720", "correlationVector":"isVJgi8MA7ewZj617XllIZ.1","action":"SyncServerConnectionManagerRequest", "result":"SYNC_SERVER_OK", "context":{"environment":"Prod_SoutheastAsia_000j", "migrationStage":"NotStarted", "server":"GENERAL0300001R"}}
{"logTime": "0906/051720", "correlationVector":"isVJgi8MA7ewZj617XllIZ.2","action":"GetUpdates", "result":"DeleteReceived", "context":{"id":"c6941bbc-e47c-45ac-aedc-096754558e8a", "isDeleted:":"true", "version":"1694928210621"}}
{"logTime": "0906/051720", "correlationVector":"isVJgi8MA7ewZj617XllIZ.3","action":"GetUpdates", "result":"DeleteReceived", "context":{"id":"2bbcf9e6-b7cf-4c79-923d-6fe7f60ac9e6", "isDeleted:":"true", "version":"1698654932885"}}
{"logTime": "0906/051720", "correlationVector":"isVJgi8MA7ewZj617XllIZ.4","action":"GetUpdates", "result":"DeleteReceived", "context":{"id":"c966fee6-98b7-4e02-b4d2-212461b68fd6", "isDeleted:":"true", "version":"1702545631667"}}
{"logTime": "0906/051720", "correlationVector":"isVJgi8MA7ewZj617XllIZ.5","action":"GetUpdates", "result":"DeleteReceived", "context":{"id":"ce14f353-3cd8-4636-a8bc-534fd1dfbbde", "isDeleted:":"true", "version":"1704438835093"}}
{"logTime": "0906/051720", "correlationVector":"isVJgi8MA7ewZj617XllIZ.6","action":"GetUpdates", "result":"DeleteReceived", "context":{"id":"d72b77ac-1cca-4526-b6af-a73e806e3382", "isDeleted:":"true", "version":"1719919337729"}}
{"logTime": "0906/051720", "correlationVector":"isVJgi8MA7ewZj617XllIZ.7","action":"GetUpdates", "result":"DeleteReceived", "context":{"id":"0be7fd40-3fda-41a4-8821-a69ce21bb4fa", "isDeleted:":"true", "version":"1723368497779"}}
{"logTime": "0906/051720", "correlationVector":"isVJgi8MA7ewZj617XllIZ.8","action":"GetUpdates", "result":"DeleteReceived", "context":{"id":"dccd4c39-29cf-493b-92f6-86639d30441f", "isDeleted:":"true", "version":"1724147040369"}}
{"logTime": "0906/051720", "correlationVector":"isVJgi8MA7ewZj617XllIZ.9","action":"GetUpdates", "result":"DeleteReceived", "context":{"id":"3b102e8f-1835-4cf8-bbb2-f5dd07b41e43", "isDeleted:":"true", "version":"1724147042030"}}
{"logTime": "0906/051720", "correlationVector":"isVJgi8MA7ewZj617XllIZ.10","action":"GetUpdates", "result":"DeleteReceived", "context":{"id":"cf5e308d-99f1-4772-89ed-59e395829486", "isDeleted:":"true", "version":"1724147280865"}}
{"logTime": "0906/051720", "correlationVector":"isVJgi8MA7ewZj617XllIZ.11","action":"GetUpdates", "result":"DeleteReceived", "context":{"id":"0b74e724-cade-4fbf-b573-86391d49b069", "isDeleted:":"true", "version":"1724147280866"}}
{"logTime": "0906/051720", "correlationVector":"isVJgi8MA7ewZj617XllIZ.12","action":"GetUpdates", "result":"DeleteReceived", "context":{"id":"454862b3-935c-42ca-b448-7797bdcf7abd", "isDeleted:":"true", "version":"1724147280867"}}
{"logTime": "0906/051720", "correlationVector":"isVJgi8MA7ewZj617XllIZ.13","action":"GetUpdates", "result":"DeleteReceived", "context":{"id":"c373b3ce-ea02-4d6c-981c-1f3484c08279", "isDeleted:":"true", "version":"1724147280868"}}
{"logTime": "0906/051720", "correlationVector":"isVJgi8MA7ewZj617XllIZ.14","action":"GetUpdates", "result":"DeleteReceived", "context":{"id":"3fdbb025-8891-4048-9422-303a38d98b92", "isDeleted:":"true", "version":"1724147282634"}}
{"logTime": "0906/051720", "correlationVector":"isVJgi8MA7ewZj617XllIZ.15","action":"GetUpdates", "result":"DeleteReceived", "context":{"id":"dcbe765c-18b2-48a8-969b-8f2a3b7b14dc", "isDeleted:":"true", "version":"1724147282635"}}
{"logTime": "0906/051720", "correlationVector":"isVJgi8MA7ewZj617XllIZ.16","action":"GetUpdates", "result":"DeleteReceived", "context":{"id":"92643c67-f745-4c71-8689-1a2660d4fe99", "isDeleted:":"true", "version":"1724147282636"}}
{"logTime": "0906/051720", "correlationVector":"isVJgi8MA7ewZj617XllIZ.17","action":"GetUpdates", "result":"DeleteReceived", "context":{"id":"15ec555b-e7a1-40fd-9674-7c4362d21818", "isDeleted:":"true", "version":"1724147282637"}}
{"logTime": "0906/051720", "correlationVector":"isVJgi8MA7ewZj617XllIZ.18","action":"GetUpdates", "result":"DeleteReceived", "context":{"id":"453ad5f1-e1c4-476a-8dc7-168a731432aa", "isDeleted:":"true", "version":"1724147282638"}}
{"logTime": "0906/051720", "correlationVector":"isVJgi8MA7ewZj617XllIZ.19","action":"GetUpdates", "result":"DeleteReceived", "context":{"id":"7a62ed39-2a56-4bf1-ac39-12952d52c742", "isDeleted:":"true", "version":"1724147282639"}}
{"logTime": "0906/051720", "correlationVector":"isVJgi8MA7ewZj617XllIZ.20","action":"GetUpdates", "result":"DeleteReceived", "context":{"id":"d2e53f82-740c-4c93-8d48-8a59ae3af0b4", "isDeleted:":"true", "version":"1724147282640"}}
{"logTime": "0906/051720", "correlationVector":"isVJgi8MA7ewZj617XllIZ.21","action":"GetUpdates", "result":"DeleteReceived", "context":{"id":"d8391f53-c50c-43d4-9d17-c6e9b9341f23", "isDeleted:":"true", "version":"1724147282641"}}
{"logTime": "0906/051720", "correlationVector":"isVJgi8MA7ewZj617XllIZ.22","action":"GetUpdates", "result":"DeleteReceived", "context":{"id":"66b860f6-33c5-480b-bd44-cb8d125b5d25", "isDeleted:":"true", "version":"1724147282642"}}
{"logTime": "0906/051720", "correlationVector":"isVJgi8MA7ewZj617XllIZ.23","action":"GetUpdates", "result":"DeleteReceived", "context":{"id":"a18e1015-a471-49d8-bcb1-732320d9aac9", "isDeleted:":"true", "version":"1724195174914"}}
{"logTime": "0906/051720", "correlationVector":"isVJgi8MA7ewZj617XllIZ.24","action":"GetUpdates Response", "result":"Success", "context":Received 195 update(s). cV=isVJgi8MA7ewZj617XllIZ.0;server=GENERAL0300001R;cloudType=Consumer;environment=Prod_SoutheastAsia_000j;migrationStage=NotStarted}
{"logTime": "0906/051720", "correlationVector":"MXJBi67FXzMyGyUMYIFseD","action":"Normal GetUpdate request", "result":"", "context":cV=MXJBi67FXzMyGyUMYIFseD
Refresh requested types: Bookmarks, Preferences, Passwords, Autofill Profiles, Autofill, Extensions, Extension settings, Device Info, User Consents, Send Tab To Self, Web Apps, Collection, Edge E Drop, Edge Hub App Usage, Edge Wallet, Encryption Keys}
{"logTime": "0906/051721", "correlationVector":"MXJBi67FXzMyGyUMYIFseD.1","action":"SyncServerConnectionManagerRequest", "result":"SYNC_SERVER_OK", "context":{"environment":"Prod_SoutheastAsia_000j", "migrationStage":"NotStarted", "server":"GENERAL01000001"}}
{"logTime": "0906/051721", "correlationVector":"MXJBi67FXzMyGyUMYIFseD.2","action":"GetUpdates Response", "result":"Success", "context":Received 1 update(s). cV=MXJBi67FXzMyGyUMYIFseD.0;server=GENERAL01000001;cloudType=Consumer;environment=Prod_SoutheastAsia_000j;migrationStage=NotStarted}
{"logTime": "0906/051721", "correlationVector":"fD7S1K0hzKgfarlEBzmFvf","action":"DoCompareDataConsistency requsted types: ", "result":"Bookmarks, Preferences, Passwords, Extensions, Extension settings, Send Tab To Self, Web Apps, Collection, Edge E Drop, Edge Wallet, Encryption Keys"}
{"logTime": "0906/051721", "correlationVector":"fD7S1K0hzKgfarlEBzmFvf.0","action":"CompareDataConsistency result: ", "result":"Compare result: Encryption Keys is consistent. local entities count is: 1 local entities hash is: FBKJk2YbXlwBweXsSfTAk1IPCV8="}
{"logTime": "0906/051721", "correlationVector":"fD7S1K0hzKgfarlEBzmFvf.1","action":"CompareDataConsistency result: ", "result":"Compare result: Bookmarks is consistent. local entities count is: 56 local entities hash is: O9elc/VSiCroEv6hwcwZRv78oXc="}
{"logTime": "0906/051721", "correlationVector":"fD7S1K0hzKgfarlEBzmFvf.2","action":"CompareDataConsistency result: ", "result":"Compare result: Preferences is consistent. local entities count is: 112 local entities hash is: QSnxl6/ioXDBR5lunHc8DlWJpgk="}
{"logTime": "0906/051721", "correlationVector":"fD7S1K0hzKgfarlEBzmFvf.3","action":"CompareDataConsistency result: ", "result":"Compare result: Extensions is consistent. local entities count is: 3 local entities hash is: OjrGTDewQ5ojZATqlXgnEWi/s7k="}
{"logTime": "0906/051721", "correlationVector":"fD7S1K0hzKgfarlEBzmFvf.4","action":"CompareDataConsistency result: ", "result":"Compare result: Extension settings is consistent. local entities count is: 9 local entities hash is: Xl+kzC+Ay9PtuU2NbmRNmUUu0/I="}
{"logTime": "0906/051721", "correlationVector":"fD7S1K0hzKgfarlEBzmFvf.5","action":"CompareDataConsistency result: ", "result":"Server did not send this Send Tab To Self local entities count is: 0 local entities hash is: "}
{"logTime": "0906/051721", "correlationVector":"fD7S1K0hzKgfarlEBzmFvf.6","action":"CompareDataConsistency result: ", "result":"Compare result: Web Apps is consistent. local entities count is: 0 local entities hash is: "}
{"logTime": "0906/051721", "correlationVector":"fD7S1K0hzKgfarlEBzmFvf.7","action":"CompareDataConsistency result: ", "result":"Compare result: Collection is consistent. local entities count is: 0 local entities hash is: "}
{"logTime": "0906/051721", "correlationVector":"fD7S1K0hzKgfarlEBzmFvf.8","action":"CompareDataConsistency result: ", "result":"Compare result: Edge E Drop is consistent. local entities count is: 0 local entities hash is: "}
{"logTime": "0906/051721", "correlationVector":"fD7S1K0hzKgfarlEBzmFvf.9","action":"CompareDataConsistency result: ", "result":"Compare result: Edge Wallet is consistent. local entities count is: 0 local entities hash is: "}
{"logTime": "0906/051721", "correlationVector":"fD7S1K0hzKgfarlEBzmFvf.10","action":"CompareDataConsistency result: ", "result":"Compare result: Passwords is consistent. local entities count is: 173 local entities hash is: HigBf56yZAQNP1WSNzxnsCwzUk4="}
{"logTime": "0906/051722", "correlationVector":"","action":"DIAGNOSTIC_REQUEST|v1/diagnosticData/Diagnostic.SendCheckResult()|SUCCESS", "result":""}
{"logTime": "0906/051752", "correlationVector":"jRztFl7y1G2DeBBhzwrP84.1","action":"SyncServerConnectionManagerRequest", "result":"SYNC_SERVER_OK", "context":{"environment":"Prod_SoutheastAsia_000j", "migrationStage":"NotStarted", "server":"GENERAL0100000M"}}
{"logTime": "0906/051752", "correlationVector":"tVcBOmjcCZyql3GfhM1bGO","action":"SyncServerConnectionManagerRequest", "result":"SYNC_SERVER_OK", "context":{"environment":"", "migrationStage":"", "server":""}}
{"logTime": "0906/051752", "correlationVector":"jRztFl7y1G2DeBBhzwrP84","action":"Initial GetUpdates", "result":"", "context":Reason: NEW_CLIENT. cV=jRztFl7y1G2DeBBhzwrP84}
{"logTime": "0906/051752", "correlationVector":"jRztFl7y1G2DeBBhzwrP84.2","action":"GetUpdates Response", "result":"Success", "context":Received 1 update(s). cV=jRztFl7y1G2DeBBhzwrP84.0;server=GENERAL0100000M;cloudType=Consumer;environment=Prod_SoutheastAsia_000j;migrationStage=NotStarted}
{"logTime": "0906/051752", "correlationVector":"5jL8gJxO7qOS5QUZdIdLat","action":"Initial GetUpdates", "result":"", "context":Reason: NEWLY_SUPPORTED_DATATYPE. cV=5jL8gJxO7qOS5QUZdIdLat}
{"logTime": "0906/051753", "correlationVector":"5jL8gJxO7qOS5QUZdIdLat.1","action":"SyncServerConnectionManagerRequest", "result":"SYNC_SERVER_OK", "context":{"environment":"Prod_SoutheastAsia_000j", "migrationStage":"NotStarted", "server":"GENERAL01000012"}}
{"logTime": "0906/051753", "correlationVector":"5jL8gJxO7qOS5QUZdIdLat.2","action":"GetUpdates", "result":"DeleteReceived", "context":{"id":"c6941bbc-e47c-45ac-aedc-096754558e8a", "isDeleted:":"true", "version":"1694928210621"}}
{"logTime": "0906/051753", "correlationVector":"5jL8gJxO7qOS5QUZdIdLat.3","action":"GetUpdates", "result":"DeleteReceived", "context":{"id":"2bbcf9e6-b7cf-4c79-923d-6fe7f60ac9e6", "isDeleted:":"true", "version":"1698654932885"}}
{"logTime": "0906/051753", "correlationVector":"5jL8gJxO7qOS5QUZdIdLat.4","action":"GetUpdates", "result":"DeleteReceived", "context":{"id":"c966fee6-98b7-4e02-b4d2-212461b68fd6", "isDeleted:":"true", "version":"1702545631667"}}
{"logTime": "0906/051753", "correlationVector":"5jL8gJxO7qOS5QUZdIdLat.5","action":"GetUpdates", "result":"DeleteReceived", "context":{"id":"ce14f353-3cd8-4636-a8bc-534fd1dfbbde", "isDeleted:":"true", "version":"1704438835093"}}
{"logTime": "0906/051753", "correlationVector":"5jL8gJxO7qOS5QUZdIdLat.6","action":"GetUpdates", "result":"DeleteReceived", "context":{"id":"d72b77ac-1cca-4526-b6af-a73e806e3382", "isDeleted:":"true", "version":"1719919337729"}}
{"logTime": "0906/051753", "correlationVector":"5jL8gJxO7qOS5QUZdIdLat.7","action":"GetUpdates", "result":"DeleteReceived", "context":{"id":"0be7fd40-3fda-41a4-8821-a69ce21bb4fa", "isDeleted:":"true", "version":"1723368497779"}}
{"logTime": "0906/051753", "correlationVector":"5jL8gJxO7qOS5QUZdIdLat.8","action":"GetUpdates", "result":"DeleteReceived", "context":{"id":"dccd4c39-29cf-493b-92f6-86639d30441f", "isDeleted:":"true", "version":"1724147040369"}}
{"logTime": "0906/051753", "correlationVector":"5jL8gJxO7qOS5QUZdIdLat.9","action":"GetUpdates", "result":"DeleteReceived", "context":{"id":"3b102e8f-1835-4cf8-bbb2-f5dd07b41e43", "isDeleted:":"true", "version":"1724147042030"}}
{"logTime": "0906/051753", "correlationVector":"5jL8gJxO7qOS5QUZdIdLat.10","action":"GetUpdates", "result":"DeleteReceived", "context":{"id":"cf5e308d-99f1-4772-89ed-59e395829486", "isDeleted:":"true", "version":"1724147280865"}}
{"logTime": "0906/051753", "correlationVector":"5jL8gJxO7qOS5QUZdIdLat.11","action":"GetUpdates", "result":"DeleteReceived", "context":{"id":"0b74e724-cade-4fbf-b573-86391d49b069", "isDeleted:":"true", "version":"1724147280866"}}
{"logTime": "0906/051753", "correlationVector":"5jL8gJxO7qOS5QUZdIdLat.12","action":"GetUpdates", "result":"DeleteReceived", "context":{"id":"454862b3-935c-42ca-b448-7797bdcf7abd", "isDeleted:":"true", "version":"1724147280867"}}
{"logTime": "0906/051753", "correlationVector":"5jL8gJxO7qOS5QUZdIdLat.13","action":"GetUpdates", "result":"DeleteReceived", "context":{"id":"c373b3ce-ea02-4d6c-981c-1f3484c08279", "isDeleted:":"true", "version":"1724147280868"}}
{"logTime": "0906/051753", "correlationVector":"5jL8gJxO7qOS5QUZdIdLat.14","action":"GetUpdates", "result":"DeleteReceived", "context":{"id":"3fdbb025-8891-4048-9422-303a38d98b92", "isDeleted:":"true", "version":"1724147282634"}}
{"logTime": "0906/051753", "correlationVector":"5jL8gJxO7qOS5QUZdIdLat.15","action":"GetUpdates", "result":"DeleteReceived", "context":{"id":"dcbe765c-18b2-48a8-969b-8f2a3b7b14dc", "isDeleted:":"true", "version":"1724147282635"}}
{"logTime": "0906/051753", "correlationVector":"5jL8gJxO7qOS5QUZdIdLat.16","action":"GetUpdates", "result":"DeleteReceived", "context":{"id":"92643c67-f745-4c71-8689-1a2660d4fe99", "isDeleted:":"true", "version":"1724147282636"}}
{"logTime": "0906/051753", "correlationVector":"5jL8gJxO7qOS5QUZdIdLat.17","action":"GetUpdates", "result":"DeleteReceived", "context":{"id":"15ec555b-e7a1-40fd-9674-7c4362d21818", "isDeleted:":"true", "version":"1724147282637"}}
{"logTime": "0906/051753", "correlationVector":"5jL8gJxO7qOS5QUZdIdLat.18","action":"GetUpdates", "result":"DeleteReceived", "context":{"id":"453ad5f1-e1c4-476a-8dc7-168a731432aa", "isDeleted:":"true", "version":"1724147282638"}}
{"logTime": "0906/051753", "correlationVector":"5jL8gJxO7qOS5QUZdIdLat.19","action":"GetUpdates", "result":"DeleteReceived", "context":{"id":"7a62ed39-2a56-4bf1-ac39-12952d52c742", "isDeleted:":"true", "version":"1724147282639"}}
{"logTime": "0906/051753", "correlationVector":"5jL8gJxO7qOS5QUZdIdLat.20","action":"GetUpdates", "result":"DeleteReceived", "context":{"id":"d2e53f82-740c-4c93-8d48-8a59ae3af0b4", "isDeleted:":"true", "version":"1724147282640"}}
{"logTime": "0906/051753", "correlationVector":"5jL8gJxO7qOS5QUZdIdLat.21","action":"GetUpdates", "result":"DeleteReceived", "context":{"id":"d8391f53-c50c-43d4-9d17-c6e9b9341f23", "isDeleted:":"true", "version":"1724147282641"}}
{"logTime": "0906/051753", "correlationVector":"5jL8gJxO7qOS5QUZdIdLat.22","action":"GetUpdates", "result":"DeleteReceived", "context":{"id":"66b860f6-33c5-480b-bd44-cb8d125b5d25", "isDeleted:":"true", "version":"1724147282642"}}
{"logTime": "0906/051753", "correlationVector":"5jL8gJxO7qOS5QUZdIdLat.23","action":"GetUpdates", "result":"DeleteReceived", "context":{"id":"a18e1015-a471-49d8-bcb1-732320d9aac9", "isDeleted:":"true", "version":"1724195174914"}}
{"logTime": "0906/051753", "correlationVector":"5jL8gJxO7qOS5QUZdIdLat.24","action":"GetUpdates Response", "result":"Success", "context":Received 195 update(s). cV=5jL8gJxO7qOS5QUZdIdLat.0;server=GENERAL01000012;cloudType=Consumer;environment=Prod_SoutheastAsia_000j;migrationStage=NotStarted}
{"logTime": "0906/051753", "correlationVector":"5Q4O95XLk/hnfxlU9fLsfA","action":"Normal GetUpdate request", "result":"", "context":cV=5Q4O95XLk/hnfxlU9fLsfA
Nudged types: Preferences
Refresh requested types: Bookmarks, Preferences, Passwords, Autofill Profiles, Autofill, Extensions, Extension settings, Device Info, User Consents, Send Tab To Self, Web Apps, Collection, Edge E Drop, Edge Hub App Usage, Edge Wallet, Encryption Keys}
{"logTime": "0906/051753", "correlationVector":"5Q4O95XLk/hnfxlU9fLsfA.1","action":"SyncServerConnectionManagerRequest", "result":"SYNC_SERVER_OK", "context":{"environment":"Prod_SoutheastAsia_000j", "migrationStage":"NotStarted", "server":"GENERAL0100001F"}}
{"logTime": "0906/051753", "correlationVector":"5Q4O95XLk/hnfxlU9fLsfA.2","action":"GetUpdates Response", "result":"Success", "context":Received 0 update(s). cV=5Q4O95XLk/hnfxlU9fLsfA.0;server=GENERAL0100001F;cloudType=Consumer;environment=Prod_SoutheastAsia_000j;migrationStage=NotStarted}
{"logTime": "0906/051753", "correlationVector":"cRjesguJgLz+Z/1mDJwalw","action":"Commit Request", "result":"", "context":Item count: 1
Contributing types: Preferences}
{"logTime": "0906/051754", "correlationVector":"cRjesguJgLz+Z/1mDJwalw.1","action":"SyncServerConnectionManagerRequest", "result":"SYNC_SERVER_OK", "context":{"environment":"Prod_SoutheastAsia_000j", "migrationStage":"NotStarted", "server":"GENERAL0100001L"}}
{"logTime": "0906/051754", "correlationVector":"cRjesguJgLz+Z/1mDJwalw.2","action":"Commit Response", "result":"Success", "context":Result: Success. cV=cRjesguJgLz+Z/1mDJwalw.0;server=GENERAL0100001L;cloudType=Consumer;environment=Prod_SoutheastAsia_000j;migrationStage=NotStarted}
{"logTime": "0906/051756", "correlationVector":"sw2+ZWcgAkDikL8SvalJNB","action":"Normal GetUpdate request", "result":"", "context":cV=sw2+ZWcgAkDikL8SvalJNB
Nudged types: Preferences}
{"logTime": "0906/051758", "correlationVector":"sw2+ZWcgAkDikL8SvalJNB.1","action":"SyncServerConnectionManagerRequest", "result":"SYNC_SERVER_OK", "context":{"environment":"Prod_SoutheastAsia_000j", "migrationStage":"NotStarted", "server":"GENERAL0300002G"}}
{"logTime": "0906/051758", "correlationVector":"sw2+ZWcgAkDikL8SvalJNB.2","action":"GetUpdates Response", "result":"Success", "context":Received 1 update(s). cV=sw2+ZWcgAkDikL8SvalJNB.0;server=GENERAL0300002G;cloudType=Consumer;environment=Prod_SoutheastAsia_000j;migrationStage=NotStarted}
{"logTime": "0906/051758", "correlationVector":"gdHdt7nqgscb2nR01LUHzJ","action":"DoCompareDataConsistency requsted types: ", "result":"Bookmarks, Preferences, Passwords, Extensions, Extension settings, Send Tab To Self, Web Apps, Collection, Edge E Drop, Edge Wallet, Encryption Keys"}
{"logTime": "0906/051758", "correlationVector":"gdHdt7nqgscb2nR01LUHzJ.0","action":"CompareDataConsistency result: ", "result":"Compare result: Encryption Keys is consistent. local entities count is: 1 local entities hash is: FBKJk2YbXlwBweXsSfTAk1IPCV8="}
{"logTime": "0906/051758", "correlationVector":"gdHdt7nqgscb2nR01LUHzJ.1","action":"CompareDataConsistency result: ", "result":"Compare result: Bookmarks is consistent. local entities count is: 56 local entities hash is: O9elc/VSiCroEv6hwcwZRv78oXc="}
{"logTime": "0906/051758", "correlationVector":"gdHdt7nqgscb2nR01LUHzJ.2","action":"CompareDataConsistency result: ", "result":"Compare result: Preferences is consistent. local entities count is: 112 local entities hash is: zbKIy6Ne8n/f+polTHiexpIC8Yk="}
{"logTime": "0906/051758", "correlationVector":"gdHdt7nqgscb2nR01LUHzJ.3","action":"CompareDataConsistency result: ", "result":"Compare result: Extensions is consistent. local entities count is: 3 local entities hash is: OjrGTDewQ5ojZATqlXgnEWi/s7k="}
{"logTime": "0906/051758", "correlationVector":"gdHdt7nqgscb2nR01LUHzJ.4","action":"CompareDataConsistency result: ", "result":"Compare result: Extension settings is consistent. local entities count is: 9 local entities hash is: Xl+kzC+Ay9PtuU2NbmRNmUUu0/I="}
{"logTime": "0906/051758", "correlationVector":"gdHdt7nqgscb2nR01LUHzJ.5","action":"CompareDataConsistency result: ", "result":"Server did not send this Send Tab To Self local entities count is: 0 local entities hash is: "}
{"logTime": "0906/051758", "correlationVector":"gdHdt7nqgscb2nR01LUHzJ.6","action":"CompareDataConsistency result: ", "result":"Compare result: Web Apps is consistent. local entities count is: 0 local entities hash is: "}
{"logTime": "0906/051758", "correlationVector":"gdHdt7nqgscb2nR01LUHzJ.7","action":"CompareDataConsistency result: ", "result":"Compare result: Collection is consistent. local entities count is: 0 local entities hash is: "}
{"logTime": "0906/051758", "correlationVector":"gdHdt7nqgscb2nR01LUHzJ.8","action":"CompareDataConsistency result: ", "result":"Compare result: Edge E Drop is consistent. local entities count is: 0 local entities hash is: "}
{"logTime": "0906/051758", "correlationVector":"gdHdt7nqgscb2nR01LUHzJ.9","action":"CompareDataConsistency result: ", "result":"Compare result: Edge Wallet is consistent. local entities count is: 0 local entities hash is: "}
{"logTime": "0906/051758", "correlationVector":"gdHdt7nqgscb2nR01LUHzJ.10","action":"CompareDataConsistency result: ", "result":"Compare result: Passwords is consistent. local entities count is: 173 local entities hash is: HigBf56yZAQNP1WSNzxnsCwzUk4="}
{"logTime": "0906/051758", "correlationVector":"","action":"DIAGNOSTIC_REQUEST|v1/diagnosticData/Diagnostic.SendCheckResult()|SUCCESS", "result":""}
{"logTime": "0906/051906", "correlationVector":"P2dRtaCBrh6JZk4hy150TJ","action":"SyncServerConnectionManagerRequest", "result":"CONNECTION_UNAVAILABLE", "context":{"error_type":"net_error_code", "error_value":"-3"}}
{"logTime": "0906/060734", "correlationVector":"Xy4NTruFrVulk8kt7Xq6z+.1","action":"SyncServerConnectionManagerRequest", "result":"SYNC_SERVER_OK", "context":{"environment":"Prod_SoutheastAsia_000j", "migrationStage":"NotStarted", "server":"GENERAL0100000E"}}
{"logTime": "0906/060734", "correlationVector":"6z5OoetQ12l21i21EA8BIy","action":"SyncServerConnectionManagerRequest", "result":"SYNC_SERVER_OK", "context":{"environment":"", "migrationStage":"", "server":""}}
{"logTime": "0906/060734", "correlationVector":"Xy4NTruFrVulk8kt7Xq6z+","action":"Initial GetUpdates", "result":"", "context":Reason: NEW_CLIENT. cV=Xy4NTruFrVulk8kt7Xq6z+}
{"logTime": "0906/060734", "correlationVector":"Xy4NTruFrVulk8kt7Xq6z+.2","action":"GetUpdates Response", "result":"Success", "context":Received 1 update(s). cV=Xy4NTruFrVulk8kt7Xq6z+.0;server=GENERAL0100000E;cloudType=Consumer;environment=Prod_SoutheastAsia_000j;migrationStage=NotStarted}
{"logTime": "0906/060734", "correlationVector":"++sClAPsiYli5nnPVWXDxY","action":"Initial GetUpdates", "result":"", "context":Reason: NEWLY_SUPPORTED_DATATYPE. cV=++sClAPsiYli5nnPVWXDxY}
{"logTime": "0906/060735", "correlationVector":"++sClAPsiYli5nnPVWXDxY.1","action":"SyncServerConnectionManagerRequest", "result":"SYNC_SERVER_OK", "context":{"environment":"Prod_SoutheastAsia_000j", "migrationStage":"NotStarted", "server":"GENERAL0300000L"}}
{"logTime": "0906/060735", "correlationVector":"++sClAPsiYli5nnPVWXDxY.2","action":"GetUpdates", "result":"DeleteReceived", "context":{"id":"c6941bbc-e47c-45ac-aedc-096754558e8a", "isDeleted:":"true", "version":"1694928210621"}}
{"logTime": "0906/060735", "correlationVector":"++sClAPsiYli5nnPVWXDxY.3","action":"GetUpdates", "result":"DeleteReceived", "context":{"id":"2bbcf9e6-b7cf-4c79-923d-6fe7f60ac9e6", "isDeleted:":"true", "version":"1698654932885"}}
{"logTime": "0906/060735", "correlationVector":"++sClAPsiYli5nnPVWXDxY.4","action":"GetUpdates", "result":"DeleteReceived", "context":{"id":"c966fee6-98b7-4e02-b4d2-212461b68fd6", "isDeleted:":"true", "version":"1702545631667"}}
{"logTime": "0906/060735", "correlationVector":"++sClAPsiYli5nnPVWXDxY.5","action":"GetUpdates", "result":"DeleteReceived", "context":{"id":"ce14f353-3cd8-4636-a8bc-534fd1dfbbde", "isDeleted:":"true", "version":"1704438835093"}}
{"logTime": "0906/060735", "correlationVector":"++sClAPsiYli5nnPVWXDxY.6","action":"GetUpdates", "result":"DeleteReceived", "context":{"id":"d72b77ac-1cca-4526-b6af-a73e806e3382", "isDeleted:":"true", "version":"1719919337729"}}
{"logTime": "0906/060735", "correlationVector":"++sClAPsiYli5nnPVWXDxY.7","action":"GetUpdates", "result":"DeleteReceived", "context":{"id":"0be7fd40-3fda-41a4-8821-a69ce21bb4fa", "isDeleted:":"true", "version":"1723368497779"}}
{"logTime": "0906/060735", "correlationVector":"++sClAPsiYli5nnPVWXDxY.8","action":"GetUpdates", "result":"DeleteReceived", "context":{"id":"dccd4c39-29cf-493b-92f6-86639d30441f", "isDeleted:":"true", "version":"1724147040369"}}
{"logTime": "0906/060735", "correlationVector":"++sClAPsiYli5nnPVWXDxY.9","action":"GetUpdates", "result":"DeleteReceived", "context":{"id":"3b102e8f-1835-4cf8-bbb2-f5dd07b41e43", "isDeleted:":"true", "version":"1724147042030"}}
{"logTime": "0906/060735", "correlationVector":"++sClAPsiYli5nnPVWXDxY.10","action":"GetUpdates", "result":"DeleteReceived", "context":{"id":"cf5e308d-99f1-4772-89ed-59e395829486", "isDeleted:":"true", "version":"1724147280865"}}
{"logTime": "0906/060735", "correlationVector":"++sClAPsiYli5nnPVWXDxY.11","action":"GetUpdates", "result":"DeleteReceived", "context":{"id":"0b74e724-cade-4fbf-b573-86391d49b069", "isDeleted:":"true", "version":"1724147280866"}}
{"logTime": "0906/060735", "correlationVector":"++sClAPsiYli5nnPVWXDxY.12","action":"GetUpdates", "result":"DeleteReceived", "context":{"id":"454862b3-935c-42ca-b448-7797bdcf7abd", "isDeleted:":"true", "version":"1724147280867"}}
{"logTime": "0906/060735", "correlationVector":"++sClAPsiYli5nnPVWXDxY.13","action":"GetUpdates", "result":"DeleteReceived", "context":{"id":"c373b3ce-ea02-4d6c-981c-1f3484c08279", "isDeleted:":"true", "version":"1724147280868"}}
{"logTime": "0906/060735", "correlationVector":"++sClAPsiYli5nnPVWXDxY.14","action":"GetUpdates", "result":"DeleteReceived", "context":{"id":"3fdbb025-8891-4048-9422-303a38d98b92", "isDeleted:":"true", "version":"1724147282634"}}
{"logTime": "0906/060735", "correlationVector":"++sClAPsiYli5nnPVWXDxY.15","action":"GetUpdates", "result":"DeleteReceived", "context":{"id":"dcbe765c-18b2-48a8-969b-8f2a3b7b14dc", "isDeleted:":"true", "version":"1724147282635"}}
{"logTime": "0906/060735", "correlationVector":"++sClAPsiYli5nnPVWXDxY.16","action":"GetUpdates", "result":"DeleteReceived", "context":{"id":"92643c67-f745-4c71-8689-1a2660d4fe99", "isDeleted:":"true", "version":"1724147282636"}}
{"logTime": "0906/060735", "correlationVector":"++sClAPsiYli5nnPVWXDxY.17","action":"GetUpdates", "result":"DeleteReceived", "context":{"id":"15ec555b-e7a1-40fd-9674-7c4362d21818", "isDeleted:":"true", "version":"1724147282637"}}
{"logTime": "0906/060735", "correlationVector":"++sClAPsiYli5nnPVWXDxY.18","action":"GetUpdates", "result":"DeleteReceived", "context":{"id":"453ad5f1-e1c4-476a-8dc7-168a731432aa", "isDeleted:":"true", "version":"1724147282638"}}
{"logTime": "0906/060735", "correlationVector":"++sClAPsiYli5nnPVWXDxY.19","action":"GetUpdates", "result":"DeleteReceived", "context":{"id":"7a62ed39-2a56-4bf1-ac39-12952d52c742", "isDeleted:":"true", "version":"1724147282639"}}
{"logTime": "0906/060735", "correlationVector":"++sClAPsiYli5nnPVWXDxY.20","action":"GetUpdates", "result":"DeleteReceived", "context":{"id":"d2e53f82-740c-4c93-8d48-8a59ae3af0b4", "isDeleted:":"true", "version":"1724147282640"}}
{"logTime": "0906/060735", "correlationVector":"++sClAPsiYli5nnPVWXDxY.21","action":"GetUpdates", "result":"DeleteReceived", "context":{"id":"d8391f53-c50c-43d4-9d17-c6e9b9341f23", "isDeleted:":"true", "version":"1724147282641"}}
{"logTime": "0906/060735", "correlationVector":"++sClAPsiYli5nnPVWXDxY.22","action":"GetUpdates", "result":"DeleteReceived", "context":{"id":"66b860f6-33c5-480b-bd44-cb8d125b5d25", "isDeleted:":"true", "version":"1724147282642"}}
{"logTime": "0906/060735", "correlationVector":"++sClAPsiYli5nnPVWXDxY.23","action":"GetUpdates", "result":"DeleteReceived", "context":{"id":"a18e1015-a471-49d8-bcb1-732320d9aac9", "isDeleted:":"true", "version":"1724195174914"}}
{"logTime": "0906/060735", "correlationVector":"++sClAPsiYli5nnPVWXDxY.24","action":"GetUpdates Response", "result":"Success", "context":Received 195 update(s). cV=++sClAPsiYli5nnPVWXDxY.0;server=GENERAL0300000L;cloudType=Consumer;environment=Prod_SoutheastAsia_000j;migrationStage=NotStarted}
{"logTime": "0906/060735", "correlationVector":"ASQ5mdAkCEXtdrTEJ0LAC3","action":"Normal GetUpdate request", "result":"", "context":cV=ASQ5mdAkCEXtdrTEJ0LAC3
Refresh requested types: Bookmarks, Preferences, Passwords, Autofill Profiles, Autofill, Extensions, Extension settings, Device Info, User Consents, Send Tab To Self, Web Apps, Collection, Edge E Drop, Edge Hub App Usage, Edge Wallet, Encryption Keys}
{"logTime": "0906/060737", "correlationVector":"ASQ5mdAkCEXtdrTEJ0LAC3.1","action":"SyncServerConnectionManagerRequest", "result":"SYNC_SERVER_OK", "context":{"environment":"Prod_SoutheastAsia_000j", "migrationStage":"NotStarted", "server":"GENERAL0100000I"}}
{"logTime": "0906/060737", "correlationVector":"ASQ5mdAkCEXtdrTEJ0LAC3.2","action":"GetUpdates Response", "result":"Success", "context":Received 9 update(s). cV=ASQ5mdAkCEXtdrTEJ0LAC3.0;server=GENERAL0100000I;cloudType=Consumer;environment=Prod_SoutheastAsia_000j;migrationStage=NotStarted}
{"logTime": "0906/060737", "correlationVector":"G381aKspuck/ssqGRPuwFU","action":"DoCompareDataConsistency requsted types: ", "result":"Bookmarks, Preferences, Passwords, Extensions, Extension settings, Send Tab To Self, Web Apps, Collection, Edge E Drop, Edge Wallet, Encryption Keys"}
{"logTime": "0906/060737", "correlationVector":"G381aKspuck/ssqGRPuwFU.0","action":"CompareDataConsistency result: ", "result":"Compare result: Encryption Keys is consistent. local entities count is: 1 local entities hash is: FBKJk2YbXlwBweXsSfTAk1IPCV8="}
{"logTime": "0906/060737", "correlationVector":"G381aKspuck/ssqGRPuwFU.1","action":"CompareDataConsistency result: ", "result":"Compare result: Bookmarks is consistent. local entities count is: 56 local entities hash is: O9elc/VSiCroEv6hwcwZRv78oXc="}
{"logTime": "0906/060737", "correlationVector":"G381aKspuck/ssqGRPuwFU.2","action":"CompareDataConsistency result: ", "result":"Compare result: Preferences is consistent. local entities count is: 112 local entities hash is: Bc3SqDZAzlEPG7RLfehBotsJqjM="}
{"logTime": "0906/060737", "correlationVector":"G381aKspuck/ssqGRPuwFU.3","action":"CompareDataConsistency result: ", "result":"Compare result: Extensions is consistent. local entities count is: 3 local entities hash is: OjrGTDewQ5ojZATqlXgnEWi/s7k="}
{"logTime": "0906/060737", "correlationVector":"G381aKspuck/ssqGRPuwFU.4","action":"CompareDataConsistency result: ", "result":"Compare result: Extension settings is consistent. local entities count is: 9 local entities hash is: Xl+kzC+Ay9PtuU2NbmRNmUUu0/I="}
{"logTime": "0906/060737", "correlationVector":"G381aKspuck/ssqGRPuwFU.5","action":"CompareDataConsistency result: ", "result":"Server did not send this Send Tab To Self local entities count is: 0 local entities hash is: "}
{"logTime": "0906/060737", "correlationVector":"G381aKspuck/ssqGRPuwFU.6","action":"CompareDataConsistency result: ", "result":"Compare result: Web Apps is consistent. local entities count is: 0 local entities hash is: "}
{"logTime": "0906/060737", "correlationVector":"G381aKspuck/ssqGRPuwFU.7","action":"CompareDataConsistency result: ", "result":"Compare result: Collection is consistent. local entities count is: 0 local entities hash is: "}
{"logTime": "0906/060737", "correlationVector":"G381aKspuck/ssqGRPuwFU.8","action":"CompareDataConsistency result: ", "result":"Compare result: Edge E Drop is consistent. local entities count is: 0 local entities hash is: "}
{"logTime": "0906/060737", "correlationVector":"G381aKspuck/ssqGRPuwFU.9","action":"CompareDataConsistency result: ", "result":"Compare result: Edge Wallet is consistent. local entities count is: 0 local entities hash is: "}
{"logTime": "0906/060737", "correlationVector":"G381aKspuck/ssqGRPuwFU.10","action":"CompareDataConsistency result: ", "result":"Compare result: Passwords is consistent. local entities count is: 173 local entities hash is: TiMCrDYH3MWBasQ8ELgNjv9vbko="}
{"logTime": "0906/060737", "correlationVector":"","action":"DIAGNOSTIC_REQUEST|v1/diagnosticData/Diagnostic.SendCheckResult()|SUCCESS", "result":""}
{"logTime": "0906/060743", "correlationVector":"dj1JfGalXWR+71kiz1vFxD","action":"Normal GetUpdate request", "result":"", "context":cV=dj1JfGalXWR+71kiz1vFxD
Nudged types: Preferences}
{"logTime": "0906/060743", "correlationVector":"dj1JfGalXWR+71kiz1vFxD.1","action":"SyncServerConnectionManagerRequest", "result":"SYNC_SERVER_OK", "context":{"environment":"Prod_SoutheastAsia_000j", "migrationStage":"NotStarted", "server":"GENERAL0300001P"}}
{"logTime": "0906/060743", "correlationVector":"dj1JfGalXWR+71kiz1vFxD.2","action":"GetUpdates Response", "result":"Success", "context":Received 0 update(s). cV=dj1JfGalXWR+71kiz1vFxD.0;server=GENERAL0300001P;cloudType=Consumer;environment=Prod_SoutheastAsia_000j;migrationStage=NotStarted}
{"logTime": "0906/060743", "correlationVector":"Q+gpo3ROxBUHSJUol0M5Fq","action":"Commit Request", "result":"", "context":Item count: 1
Contributing types: Preferences}
{"logTime": "0906/060744", "correlationVector":"Q+gpo3ROxBUHSJUol0M5Fq.1","action":"SyncServerConnectionManagerRequest", "result":"SYNC_SERVER_OK", "context":{"environment":"Prod_SoutheastAsia_000j", "migrationStage":"NotStarted", "server":"GENERAL03000030"}}
{"logTime": "0906/060744", "correlationVector":"Q+gpo3ROxBUHSJUol0M5Fq.2","action":"Commit Response", "result":"Success", "context":Result: Success. cV=Q+gpo3ROxBUHSJUol0M5Fq.0;server=GENERAL03000030;cloudType=Consumer;environment=Prod_SoutheastAsia_000j;migrationStage=NotStarted}
